[0.023s] Invoking command in '/home/liror/ros2_ws/build/more_interfaces': CMAKE_PREFIX_PATH=${CMAKE_PREFIX_PATH}:/home/liror/ros2_ws/install/py_pubsub:/opt/ros/jazzy DEBUGINFOD_URLS=https://debuginfod.ubuntu.com /usr/bin/cmake /home/liror/ros2_ws/src/more_interfaces -DCMAKE_INSTALL_PREFIX=/home/liror/ros2_ws/install/more_interfaces
[0.046s] -- Found ament_cmake: 2.5.3 (/opt/ros/jazzy/share/ament_cmake/cmake)
[0.075s] -- Found Python3: /usr/bin/python3 (found version "3.12.3") found components: Interpreter 
[0.176s] -- Found rosidl_default_generators: 1.6.0 (/opt/ros/jazzy/share/rosidl_default_generators/cmake)
[0.177s] -- Using all available rosidl_typesupport_c: rosidl_typesupport_fastrtps_c;rosidl_typesupport_introspection_c
[0.217s] -- Using all available rosidl_typesupport_cpp: rosidl_typesupport_fastrtps_cpp;rosidl_typesupport_introspection_cpp
[0.257s] -- Found rosidl_adapter: 4.6.5 (/opt/ros/jazzy/share/rosidl_adapter/cmake)
[0.261s] -- Found rclcpp: 28.1.8 (/opt/ros/jazzy/share/rclcpp/cmake)
[0.348s] -- Found rmw_implementation_cmake: 7.3.2 (/opt/ros/jazzy/share/rmw_implementation_cmake/cmake)
[0.350s] -- Found rmw_fastrtps_cpp: 8.4.2 (/opt/ros/jazzy/share/rmw_fastrtps_cpp/cmake)
[0.444s] -- Using RMW implementation 'rmw_fastrtps_cpp' as default
[0.883s] -- Found ament_cmake_ros: 0.12.0 (/opt/ros/jazzy/share/ament_cmake_ros/cmake)
[1.009s] -- Using all available rosidl_typesupport_c: rosidl_typesupport_fastrtps_c;rosidl_typesupport_introspection_c
[1.206s] -- Using all available rosidl_typesupport_cpp: rosidl_typesupport_fastrtps_cpp;rosidl_typesupport_introspection_cpp
[1.206s] -- Found python_cmake_module: 0.11.1 (/opt/ros/jazzy/share/python_cmake_module/cmake)
[1.563s] -- Found Python3: /usr/bin/python3 (found version "3.12.3") found components: Interpreter Development NumPy Development.Module Development.Embed 
[1.577s] -- Configuring done (1.5s)
[1.614s] -- Generating done (0.0s)
[1.627s] -- Build files have been written to: /home/liror/ros2_ws/build/more_interfaces
[1.638s] Invoked command in '/home/liror/ros2_ws/build/more_interfaces' returned '0': CMAKE_PREFIX_PATH=${CMAKE_PREFIX_PATH}:/home/liror/ros2_ws/install/py_pubsub:/opt/ros/jazzy DEBUGINFOD_URLS=https://debuginfod.ubuntu.com /usr/bin/cmake /home/liror/ros2_ws/src/more_interfaces -DCMAKE_INSTALL_PREFIX=/home/liror/ros2_ws/install/more_interfaces
[1.638s] Invoking command in '/home/liror/ros2_ws/build/more_interfaces': CMAKE_PREFIX_PATH=${CMAKE_PREFIX_PATH}:/home/liror/ros2_ws/install/py_pubsub:/opt/ros/jazzy DEBUGINFOD_URLS=https://debuginfod.ubuntu.com /usr/bin/cmake --build /home/liror/ros2_ws/build/more_interfaces -- -j2 -l2
[1.702s] [  2%] [34m[1mGenerating type hashes for ROS interfaces[0m
[1.709s] [  2%] Built target ament_cmake_python_copy_more_interfaces
[1.759s] [  5%] [32mBuilding CXX object CMakeFiles/publish_address_book.dir/src/publish_address_book.cpp.o[0m
[2.076s] [  5%] Built target more_interfaces__rosidl_generator_type_description
[2.115s] [  8%] [34m[1mGenerating C++ code for ROS interfaces[0m
[2.532s] [  8%] Built target more_interfaces__cpp
[2.551s] [ 11%] [34m[1mGenerating C code for ROS interfaces[0m
[2.847s] [01m[K/home/liror/ros2_ws/src/more_interfaces/src/publish_address_book.cpp:5:10:[m[K [01;31m[Kfatal error: [m[Kmore_interfaces/msg/address_book.hpp: No such file or directory
[2.850s]     5 | #include [01;31m[K"more_interfaces/msg/address_book.hpp"[m[K
[2.850s]       |          [01;31m[K^~~~~~~~~~~~~~~~~~~~~~~~~~~~~~~~~~~~~~[m[K
[2.850s] compilation terminated.
[2.853s] gmake[2]: *** [CMakeFiles/publish_address_book.dir/build.make:76: CMakeFiles/publish_address_book.dir/src/publish_address_book.cpp.o] Error 1
[2.853s] gmake[1]: *** [CMakeFiles/Makefile2:623: CMakeFiles/publish_address_book.dir/all] Error 2
[2.854s] gmake[1]: *** Waiting for unfinished jobs....
[2.922s] [ 16%] [32mBuilding C object CMakeFiles/more_interfaces__rosidl_generator_c.dir/rosidl_generator_c/more_interfaces/msg/detail/adress_book__description.c.o[0m
[2.922s] [ 16%] [32mBuilding C object CMakeFiles/more_interfaces__rosidl_generator_c.dir/rosidl_generator_c/more_interfaces/msg/detail/adress_book__functions.c.o[0m
[2.970s] [ 19%] [32mBuilding C object CMakeFiles/more_interfaces__rosidl_generator_c.dir/rosidl_generator_c/more_interfaces/msg/detail/adress_book__type_support.c.o[0m
[3.012s] [ 22%] [32m[1mLinking C shared library libmore_interfaces__rosidl_generator_c.so[0m
[3.054s] [ 22%] Built target more_interfaces__rosidl_generator_c
[3.056s] gmake: *** [Makefile:146: all] Error 2
[3.059s] Invoked command in '/home/liror/ros2_ws/build/more_interfaces' returned '2': CMAKE_PREFIX_PATH=${CMAKE_PREFIX_PATH}:/home/liror/ros2_ws/install/py_pubsub:/opt/ros/jazzy DEBUGINFOD_URLS=https://debuginfod.ubuntu.com /usr/bin/cmake --build /home/liror/ros2_ws/build/more_interfaces -- -j2 -l2
