[  2%] Built target more_interfaces__rosidl_generator_type_description
[  2%] Built target ament_cmake_python_copy_more_interfaces
[  5%] Built target more_interfaces__cpp
[ 19%] Built target more_interfaces__rosidl_generator_c
[ 27%] Built target more_interfaces__rosidl_typesupport_cpp
[ 36%] Built target more_interfaces__rosidl_typesupport_fastrtps_c
[ 44%] Built target more_interfaces__rosidl_typesupport_introspection_c
[ 52%] Built target more_interfaces__rosidl_typesupport_c
[ 61%] Built target more_interfaces__rosidl_typesupport_fastrtps_cpp
[ 69%] Built target more_interfaces__rosidl_typesupport_introspection_cpp
[ 72%] [32mBuilding CXX object CMakeFiles/publish_address_book.dir/src/publish_address_book.cpp.o[0m
running egg_info
writing more_interfaces.egg-info/PKG-INFO
writing dependency_links to more_interfaces.egg-info/dependency_links.txt
writing top-level names to more_interfaces.egg-info/top_level.txt
reading manifest file 'more_interfaces.egg-info/SOURCES.txt'
writing manifest file 'more_interfaces.egg-info/SOURCES.txt'
[ 72%] Built target ament_cmake_python_build_more_interfaces_egg
[ 72%] Built target more_interfaces
[ 75%] Built target more_interfaces__py
[ 80%] Built target more_interfaces__rosidl_generator_py
[ 86%] Built target more_interfaces_s__rosidl_typesupport_fastrtps_c
[ 91%] Built target more_interfaces_s__rosidl_typesupport_introspection_c
[ 97%] Built target more_interfaces_s__rosidl_typesupport_c
[01m[K/home/liror/ros2_ws/src/more_interfaces/src/publish_address_book.cpp:[m[K In lambda function:
[01m[K/home/liror/ros2_ws/src/more_interfaces/src/publish_address_book.cpp:26:33:[m[K [01;31m[Kerror: [m[K‘[01m[Kclass std::shared_ptr<more_interfaces::msg::AddressBook_<std::allocator<void> > >[m[K’ has no member named ‘[01m[KPHONE_TYPE_MOBILE[m[K’
   26 |        contact.phone_type = msg.[01;31m[KPHONE_TYPE_MOBILE[m[K;
      |                                 [01;31m[K^~~~~~~~~~~~~~~~~[m[K
[01m[K/home/liror/ros2_ws/src/more_interfaces/src/publish_address_book.cpp:34:33:[m[K [01;31m[Kerror: [m[K‘[01m[Kclass std::shared_ptr<more_interfaces::msg::AddressBook_<std::allocator<void> > >[m[K’ has no member named ‘[01m[KPHONE_TYPE_HOME[m[K’
   34 |        contact.phone_type = msg.[01;31m[KPHONE_TYPE_HOME[m[K;
      |                                 [01;31m[K^~~~~~~~~~~~~~~[m[K
gmake[2]: *** [CMakeFiles/publish_address_book.dir/build.make:76: CMakeFiles/publish_address_book.dir/src/publish_address_book.cpp.o] Error 1
gmake[1]: *** [CMakeFiles/Makefile2:625: CMakeFiles/publish_address_book.dir/all] Error 2
gmake: *** [Makefile:146: all] Error 2
