-- Found ament_cmake: 2.5.3 (/opt/ros/jazzy/share/ament_cmake/cmake)
-- Found rosidl_default_generators: 1.6.0 (/opt/ros/jazzy/share/rosidl_default_generators/cmake)
-- Using all available rosidl_typesupport_c: rosidl_typesupport_fastrtps_c;rosidl_typesupport_introspection_c
-- Using all available rosidl_typesupport_cpp: rosidl_typesupport_fastrtps_cpp;rosidl_typesupport_introspection_cpp
-- Found rosidl_adapter: 4.6.5 (/opt/ros/jazzy/share/rosidl_adapter/cmake)
-- Found ament_cmake_ros: 0.12.0 (/opt/ros/jazzy/share/ament_cmake_ros/cmake)
-- Using all available rosidl_typesupport_c: rosidl_typesupport_fastrtps_c;rosidl_typesupport_introspection_c
-- Using all available rosidl_typesupport_cpp: rosidl_typesupport_fastrtps_cpp;rosidl_typesupport_introspection_cpp
-- Found python_cmake_module: 0.11.1 (/opt/ros/jazzy/share/python_cmake_module/cmake)
-- Found PythonExtra: /usr/bin/python3  
-- Found Python3: /usr/bin/python3 (found version "3.12.3") found components: Interpreter Development NumPy Development.Module Development.Embed 
-- Configuring done (3.8s)
-- Generating done (0.1s)
-- Build files have been written to: /home/liror/ros2_ws/build/rosidl_tutorials_msgs
[  2%] [34m[1mGenerating type hashes for ROS interfaces[0m
[  2%] Built target ament_cmake_python_copy_rosidl_tutorials_msgs
[  2%] Built target rosidl_tutorials_msgs__rosidl_generator_type_description
[  5%] [34m[1mGenerating C++ code for ROS interfaces[0m
running egg_info
creating rosidl_tutorials_msgs.egg-info
writing rosidl_tutorials_msgs.egg-info/PKG-INFO
writing dependency_links to rosidl_tutorials_msgs.egg-info/dependency_links.txt
writing top-level names to rosidl_tutorials_msgs.egg-info/top_level.txt
writing manifest file 'rosidl_tutorials_msgs.egg-info/SOURCES.txt'
reading manifest file 'rosidl_tutorials_msgs.egg-info/SOURCES.txt'
writing manifest file 'rosidl_tutorials_msgs.egg-info/SOURCES.txt'
[  5%] Built target ament_cmake_python_build_rosidl_tutorials_msgs_egg
[  8%] [34m[1mGenerating C code for ROS interfaces[0m
[  8%] Built target rosidl_tutorials_msgs__cpp
[ 11%] [32mBuilding C object CMakeFiles/rosidl_tutorials_msgs__rosidl_generator_c.dir/rosidl_generator_c/rosidl_tutorials_msgs/msg/detail/contact__functions.c.o[0m
[ 14%] [32mBuilding C object CMakeFiles/rosidl_tutorials_msgs__rosidl_generator_c.dir/rosidl_generator_c/rosidl_tutorials_msgs/msg/detail/contact__description.c.o[0m
[ 17%] [32mBuilding C object CMakeFiles/rosidl_tutorials_msgs__rosidl_generator_c.dir/rosidl_generator_c/rosidl_tutorials_msgs/msg/detail/contact__type_support.c.o[0m
[ 20%] [32m[1mLinking C shared library librosidl_tutorials_msgs__rosidl_generator_c.so[0m
[ 20%] Built target rosidl_tutorials_msgs__rosidl_generator_c
[ 23%] [34m[1mGenerating C++ type support dispatch for ROS interfaces[0m
[ 26%] [34m[1mGenerating C introspection for ROS interfaces[0m
[ 29%] [32mBuilding CXX object CMakeFiles/rosidl_tutorials_msgs__rosidl_typesupport_cpp.dir/rosidl_typesupport_cpp/rosidl_tutorials_msgs/msg/contact__type_support.cpp.o[0m
[ 32%] [32mBuilding C object CMakeFiles/rosidl_tutorials_msgs__rosidl_typesupport_introspection_c.dir/rosidl_typesupport_introspection_c/rosidl_tutorials_msgs/msg/detail/contact__type_support.c.o[0m
[ 35%] [32m[1mLinking C shared library librosidl_tutorials_msgs__rosidl_typesupport_introspection_c.so[0m
[ 35%] Built target rosidl_tutorials_msgs__rosidl_typesupport_introspection_c
[ 38%] [34m[1mGenerating C type support dispatch for ROS interfaces[0m
[ 41%] [32mBuilding CXX object CMakeFiles/rosidl_tutorials_msgs__rosidl_typesupport_c.dir/rosidl_typesupport_c/rosidl_tutorials_msgs/msg/contact__type_support.cpp.o[0m
[ 44%] [32m[1mLinking CXX shared library librosidl_tutorials_msgs__rosidl_typesupport_c.so[0m
[ 47%] [32m[1mLinking CXX shared library librosidl_tutorials_msgs__rosidl_typesupport_cpp.so[0m
[ 47%] Built target rosidl_tutorials_msgs__rosidl_typesupport_c
[ 50%] [34m[1mGenerating C type support for eProsima Fast-RTPS[0m
[ 50%] Built target rosidl_tutorials_msgs__rosidl_typesupport_cpp
[ 52%] [34m[1mGenerating C++ type support for eProsima Fast-RTPS[0m
[ 55%] [32mBuilding CXX object CMakeFiles/rosidl_tutorials_msgs__rosidl_typesupport_fastrtps_c.dir/rosidl_typesupport_fastrtps_c/rosidl_tutorials_msgs/msg/detail/contact__type_support_c.cpp.o[0m
[ 58%] [32mBuilding CXX object CMakeFiles/rosidl_tutorials_msgs__rosidl_typesupport_fastrtps_cpp.dir/rosidl_typesupport_fastrtps_cpp/rosidl_tutorials_msgs/msg/detail/dds_fastrtps/contact__type_support.cpp.o[0m
[ 61%] [32m[1mLinking CXX shared library librosidl_tutorials_msgs__rosidl_typesupport_fastrtps_c.so[0m
[ 61%] Built target rosidl_tutorials_msgs__rosidl_typesupport_fastrtps_c
[ 64%] [32m[1mLinking CXX shared library librosidl_tutorials_msgs__rosidl_typesupport_fastrtps_cpp.so[0m
[ 67%] [34m[1mGenerating C++ introspection for ROS interfaces[0m
[ 67%] Built target rosidl_tutorials_msgs__rosidl_typesupport_fastrtps_cpp
[ 70%] [32mBuilding CXX object CMakeFiles/rosidl_tutorials_msgs__rosidl_typesupport_introspection_cpp.dir/rosidl_typesupport_introspection_cpp/rosidl_tutorials_msgs/msg/detail/contact__type_support.cpp.o[0m
[ 73%] [32m[1mLinking CXX shared library librosidl_tutorials_msgs__rosidl_typesupport_introspection_cpp.so[0m
[ 73%] Built target rosidl_tutorials_msgs__rosidl_typesupport_introspection_cpp
[ 73%] Built target rosidl_tutorials_msgs
[ 76%] [34m[1mGenerating Python code for ROS interfaces[0m
[ 76%] Built target rosidl_tutorials_msgs__py
[ 79%] [32mBuilding C object CMakeFiles/rosidl_tutorials_msgs__rosidl_generator_py.dir/rosidl_generator_py/rosidl_tutorials_msgs/msg/_contact_s.c.o[0m
[ 82%] [32m[1mLinking C shared library librosidl_tutorials_msgs__rosidl_generator_py.so[0m
[ 82%] Built target rosidl_tutorials_msgs__rosidl_generator_py
[ 88%] [32mBuilding C object CMakeFiles/rosidl_tutorials_msgs_s__rosidl_typesupport_fastrtps_c.dir/rosidl_generator_py/rosidl_tutorials_msgs/_rosidl_tutorials_msgs_s.ep.rosidl_typesupport_fastrtps_c.c.o[0m
[ 88%] [32mBuilding C object CMakeFiles/rosidl_tutorials_msgs_s__rosidl_typesupport_introspection_c.dir/rosidl_generator_py/rosidl_tutorials_msgs/_rosidl_tutorials_msgs_s.ep.rosidl_typesupport_introspection_c.c.o[0m
[ 91%] [32m[1mLinking C shared module rosidl_generator_py/rosidl_tutorials_msgs/rosidl_tutorials_msgs_s__rosidl_typesupport_fastrtps_c.so[0m
[ 94%] [32m[1mLinking C shared module rosidl_generator_py/rosidl_tutorials_msgs/rosidl_tutorials_msgs_s__rosidl_typesupport_introspection_c.so[0m
[ 94%] Built target rosidl_tutorials_msgs_s__rosidl_typesupport_fastrtps_c
[ 94%] Built target rosidl_tutorials_msgs_s__rosidl_typesupport_introspection_c
[ 97%] [32mBuilding C object CMakeFiles/rosidl_tutorials_msgs_s__rosidl_typesupport_c.dir/rosidl_generator_py/rosidl_tutorials_msgs/_rosidl_tutorials_msgs_s.ep.rosidl_typesupport_c.c.o[0m
[100%] [32m[1mLinking C shared module rosidl_generator_py/rosidl_tutorials_msgs/rosidl_tutorials_msgs_s__rosidl_typesupport_c.so[0m
[100%] Built target rosidl_tutorials_msgs_s__rosidl_typesupport_c
-- Install configuration: ""
-- Installing: /home/liror/ros2_ws/install/rosidl_tutorials_msgs/share/ament_index/resource_index/rosidl_interfaces/rosidl_tutorials_msgs
-- Installing: /home/liror/ros2_ws/install/rosidl_tutorials_msgs/share/rosidl_tutorials_msgs/msg/Contact.json
-- Installing: /home/liror/ros2_ws/install/rosidl_tutorials_msgs/include/rosidl_tutorials_msgs/rosidl_tutorials_msgs
-- Installing: /home/liror/ros2_ws/install/rosidl_tutorials_msgs/include/rosidl_tutorials_msgs/rosidl_tutorials_msgs/msg
-- Installing: /home/liror/ros2_ws/install/rosidl_tutorials_msgs/include/rosidl_tutorials_msgs/rosidl_tutorials_msgs/msg/contact.h
-- Installing: /home/liror/ros2_ws/install/rosidl_tutorials_msgs/include/rosidl_tutorials_msgs/rosidl_tutorials_msgs/msg/detail
-- Installing: /home/liror/ros2_ws/install/rosidl_tutorials_msgs/include/rosidl_tutorials_msgs/rosidl_tutorials_msgs/msg/detail/contact__functions.h
-- Installing: /home/liror/ros2_ws/install/rosidl_tutorials_msgs/include/rosidl_tutorials_msgs/rosidl_tutorials_msgs/msg/detail/contact__description.c
-- Installing: /home/liror/ros2_ws/install/rosidl_tutorials_msgs/include/rosidl_tutorials_msgs/rosidl_tutorials_msgs/msg/detail/contact__type_support.c
-- Installing: /home/liror/ros2_ws/install/rosidl_tutorials_msgs/include/rosidl_tutorials_msgs/rosidl_tutorials_msgs/msg/detail/contact__struct.h
-- Installing: /home/liror/ros2_ws/install/rosidl_tutorials_msgs/include/rosidl_tutorials_msgs/rosidl_tutorials_msgs/msg/detail/contact__functions.c
-- Installing: /home/liror/ros2_ws/install/rosidl_tutorials_msgs/include/rosidl_tutorials_msgs/rosidl_tutorials_msgs/msg/detail/contact__type_support.h
-- Installing: /home/liror/ros2_ws/install/rosidl_tutorials_msgs/include/rosidl_tutorials_msgs/rosidl_tutorials_msgs/msg/rosidl_generator_c__visibility_control.h
-- Installing: /home/liror/ros2_ws/install/rosidl_tutorials_msgs/share/rosidl_tutorials_msgs/environment/library_path.sh
-- Installing: /home/liror/ros2_ws/install/rosidl_tutorials_msgs/share/rosidl_tutorials_msgs/environment/library_path.dsv
-- Installing: /home/liror/ros2_ws/install/rosidl_tutorials_msgs/lib/librosidl_tutorials_msgs__rosidl_generator_c.so
-- Set non-toolchain portion of runtime path of "/home/liror/ros2_ws/install/rosidl_tutorials_msgs/lib/librosidl_tutorials_msgs__rosidl_generator_c.so" to ""
-- Up-to-date: /home/liror/ros2_ws/install/rosidl_tutorials_msgs/include/rosidl_tutorials_msgs/rosidl_tutorials_msgs
-- Up-to-date: /home/liror/ros2_ws/install/rosidl_tutorials_msgs/include/rosidl_tutorials_msgs/rosidl_tutorials_msgs/msg
-- Installing: /home/liror/ros2_ws/install/rosidl_tutorials_msgs/include/rosidl_tutorials_msgs/rosidl_tutorials_msgs/msg/rosidl_typesupport_fastrtps_c__visibility_control.h
-- Up-to-date: /home/liror/ros2_ws/install/rosidl_tutorials_msgs/include/rosidl_tutorials_msgs/rosidl_tutorials_msgs/msg/detail
-- Installing: /home/liror/ros2_ws/install/rosidl_tutorials_msgs/include/rosidl_tutorials_msgs/rosidl_tutorials_msgs/msg/detail/contact__rosidl_typesupport_fastrtps_c.h
-- Installing: /home/liror/ros2_ws/install/rosidl_tutorials_msgs/lib/librosidl_tutorials_msgs__rosidl_typesupport_fastrtps_c.so
-- Set non-toolchain portion of runtime path of "/home/liror/ros2_ws/install/rosidl_tutorials_msgs/lib/librosidl_tutorials_msgs__rosidl_typesupport_fastrtps_c.so" to ""
-- Up-to-date: /home/liror/ros2_ws/install/rosidl_tutorials_msgs/include/rosidl_tutorials_msgs/rosidl_tutorials_msgs
-- Up-to-date: /home/liror/ros2_ws/install/rosidl_tutorials_msgs/include/rosidl_tutorials_msgs/rosidl_tutorials_msgs/msg
-- Installing: /home/liror/ros2_ws/install/rosidl_tutorials_msgs/include/rosidl_tutorials_msgs/rosidl_tutorials_msgs/msg/rosidl_typesupport_introspection_c__visibility_control.h
-- Up-to-date: /home/liror/ros2_ws/install/rosidl_tutorials_msgs/include/rosidl_tutorials_msgs/rosidl_tutorials_msgs/msg/detail
-- Installing: /home/liror/ros2_ws/install/rosidl_tutorials_msgs/include/rosidl_tutorials_msgs/rosidl_tutorials_msgs/msg/detail/contact__type_support.c
-- Installing: /home/liror/ros2_ws/install/rosidl_tutorials_msgs/include/rosidl_tutorials_msgs/rosidl_tutorials_msgs/msg/detail/contact__rosidl_typesupport_introspection_c.h
-- Installing: /home/liror/ros2_ws/install/rosidl_tutorials_msgs/lib/librosidl_tutorials_msgs__rosidl_typesupport_introspection_c.so
-- Set non-toolchain portion of runtime path of "/home/liror/ros2_ws/install/rosidl_tutorials_msgs/lib/librosidl_tutorials_msgs__rosidl_typesupport_introspection_c.so" to ""
-- Installing: /home/liror/ros2_ws/install/rosidl_tutorials_msgs/lib/librosidl_tutorials_msgs__rosidl_typesupport_c.so
-- Set non-toolchain portion of runtime path of "/home/liror/ros2_ws/install/rosidl_tutorials_msgs/lib/librosidl_tutorials_msgs__rosidl_typesupport_c.so" to ""
-- Up-to-date: /home/liror/ros2_ws/install/rosidl_tutorials_msgs/include/rosidl_tutorials_msgs/rosidl_tutorials_msgs
-- Up-to-date: /home/liror/ros2_ws/install/rosidl_tutorials_msgs/include/rosidl_tutorials_msgs/rosidl_tutorials_msgs/msg
-- Installing: /home/liror/ros2_ws/install/rosidl_tutorials_msgs/include/rosidl_tutorials_msgs/rosidl_tutorials_msgs/msg/rosidl_generator_cpp__visibility_control.hpp
-- Installing: /home/liror/ros2_ws/install/rosidl_tutorials_msgs/include/rosidl_tutorials_msgs/rosidl_tutorials_msgs/msg/contact.hpp
-- Up-to-date: /home/liror/ros2_ws/install/rosidl_tutorials_msgs/include/rosidl_tutorials_msgs/rosidl_tutorials_msgs/msg/detail
-- Installing: /home/liror/ros2_ws/install/rosidl_tutorials_msgs/include/rosidl_tutorials_msgs/rosidl_tutorials_msgs/msg/detail/contact__traits.hpp
-- Installing: /home/liror/ros2_ws/install/rosidl_tutorials_msgs/include/rosidl_tutorials_msgs/rosidl_tutorials_msgs/msg/detail/contact__builder.hpp
-- Installing: /home/liror/ros2_ws/install/rosidl_tutorials_msgs/include/rosidl_tutorials_msgs/rosidl_tutorials_msgs/msg/detail/contact__type_support.hpp
-- Installing: /home/liror/ros2_ws/install/rosidl_tutorials_msgs/include/rosidl_tutorials_msgs/rosidl_tutorials_msgs/msg/detail/contact__struct.hpp
-- Up-to-date: /home/liror/ros2_ws/install/rosidl_tutorials_msgs/include/rosidl_tutorials_msgs/rosidl_tutorials_msgs
-- Up-to-date: /home/liror/ros2_ws/install/rosidl_tutorials_msgs/include/rosidl_tutorials_msgs/rosidl_tutorials_msgs/msg
-- Installing: /home/liror/ros2_ws/install/rosidl_tutorials_msgs/include/rosidl_tutorials_msgs/rosidl_tutorials_msgs/msg/rosidl_typesupport_fastrtps_cpp__visibility_control.h
-- Up-to-date: /home/liror/ros2_ws/install/rosidl_tutorials_msgs/include/rosidl_tutorials_msgs/rosidl_tutorials_msgs/msg/detail
-- Installing: /home/liror/ros2_ws/install/rosidl_tutorials_msgs/include/rosidl_tutorials_msgs/rosidl_tutorials_msgs/msg/detail/contact__rosidl_typesupport_fastrtps_cpp.hpp
-- Installing: /home/liror/ros2_ws/install/rosidl_tutorials_msgs/include/rosidl_tutorials_msgs/rosidl_tutorials_msgs/msg/detail/dds_fastrtps
-- Installing: /home/liror/ros2_ws/install/rosidl_tutorials_msgs/lib/librosidl_tutorials_msgs__rosidl_typesupport_fastrtps_cpp.so
-- Set non-toolchain portion of runtime path of "/home/liror/ros2_ws/install/rosidl_tutorials_msgs/lib/librosidl_tutorials_msgs__rosidl_typesupport_fastrtps_cpp.so" to ""
-- Up-to-date: /home/liror/ros2_ws/install/rosidl_tutorials_msgs/include/rosidl_tutorials_msgs/rosidl_tutorials_msgs
-- Up-to-date: /home/liror/ros2_ws/install/rosidl_tutorials_msgs/include/rosidl_tutorials_msgs/rosidl_tutorials_msgs/msg
-- Up-to-date: /home/liror/ros2_ws/install/rosidl_tutorials_msgs/include/rosidl_tutorials_msgs/rosidl_tutorials_msgs/msg/detail
-- Installing: /home/liror/ros2_ws/install/rosidl_tutorials_msgs/include/rosidl_tutorials_msgs/rosidl_tutorials_msgs/msg/detail/contact__type_support.cpp
-- Installing: /home/liror/ros2_ws/install/rosidl_tutorials_msgs/include/rosidl_tutorials_msgs/rosidl_tutorials_msgs/msg/detail/contact__rosidl_typesupport_introspection_cpp.hpp
-- Installing: /home/liror/ros2_ws/install/rosidl_tutorials_msgs/lib/librosidl_tutorials_msgs__rosidl_typesupport_introspection_cpp.so
-- Set non-toolchain portion of runtime path of "/home/liror/ros2_ws/install/rosidl_tutorials_msgs/lib/librosidl_tutorials_msgs__rosidl_typesupport_introspection_cpp.so" to ""
-- Installing: /home/liror/ros2_ws/install/rosidl_tutorials_msgs/lib/librosidl_tutorials_msgs__rosidl_typesupport_cpp.so
-- Set non-toolchain portion of runtime path of "/home/liror/ros2_ws/install/rosidl_tutorials_msgs/lib/librosidl_tutorials_msgs__rosidl_typesupport_cpp.so" to ""
-- Installing: /home/liror/ros2_ws/install/rosidl_tutorials_msgs/share/rosidl_tutorials_msgs/environment/pythonpath.sh
-- Installing: /home/liror/ros2_ws/install/rosidl_tutorials_msgs/share/rosidl_tutorials_msgs/environment/pythonpath.dsv
-- Installing: /home/liror/ros2_ws/install/rosidl_tutorials_msgs/lib/python3.12/site-packages/rosidl_tutorials_msgs-0.0.0-py3.12.egg-info
-- Installing: /home/liror/ros2_ws/install/rosidl_tutorials_msgs/lib/python3.12/site-packages/rosidl_tutorials_msgs-0.0.0-py3.12.egg-info/PKG-INFO
-- Installing: /home/liror/ros2_ws/install/rosidl_tutorials_msgs/lib/python3.12/site-packages/rosidl_tutorials_msgs-0.0.0-py3.12.egg-info/SOURCES.txt
-- Installing: /home/liror/ros2_ws/install/rosidl_tutorials_msgs/lib/python3.12/site-packages/rosidl_tutorials_msgs-0.0.0-py3.12.egg-info/dependency_links.txt
-- Installing: /home/liror/ros2_ws/install/rosidl_tutorials_msgs/lib/python3.12/site-packages/rosidl_tutorials_msgs-0.0.0-py3.12.egg-info/top_level.txt
-- Installing: /home/liror/ros2_ws/install/rosidl_tutorials_msgs/lib/python3.12/site-packages/rosidl_tutorials_msgs
-- Installing: /home/liror/ros2_ws/install/rosidl_tutorials_msgs/lib/python3.12/site-packages/rosidl_tutorials_msgs/rosidl_tutorials_msgs_s__rosidl_typesupport_introspection_c.so
-- Installing: /home/liror/ros2_ws/install/rosidl_tutorials_msgs/lib/python3.12/site-packages/rosidl_tutorials_msgs/rosidl_tutorials_msgs_s__rosidl_typesupport_c.so
-- Installing: /home/liror/ros2_ws/install/rosidl_tutorials_msgs/lib/python3.12/site-packages/rosidl_tutorials_msgs/_rosidl_tutorials_msgs_s.ep.rosidl_typesupport_fastrtps_c.c
-- Installing: /home/liror/ros2_ws/install/rosidl_tutorials_msgs/lib/python3.12/site-packages/rosidl_tutorials_msgs/_rosidl_tutorials_msgs_s.ep.rosidl_typesupport_introspection_c.c
-- Installing: /home/liror/ros2_ws/install/rosidl_tutorials_msgs/lib/python3.12/site-packages/rosidl_tutorials_msgs/__init__.py
-- Installing: /home/liror/ros2_ws/install/rosidl_tutorials_msgs/lib/python3.12/site-packages/rosidl_tutorials_msgs/_rosidl_tutorials_msgs_s.ep.rosidl_typesupport_c.c
-- Installing: /home/liror/ros2_ws/install/rosidl_tutorials_msgs/lib/python3.12/site-packages/rosidl_tutorials_msgs/msg
-- Installing: /home/liror/ros2_ws/install/rosidl_tutorials_msgs/lib/python3.12/site-packages/rosidl_tutorials_msgs/msg/__init__.py
-- Installing: /home/liror/ros2_ws/install/rosidl_tutorials_msgs/lib/python3.12/site-packages/rosidl_tutorials_msgs/msg/_contact_s.c
-- Installing: /home/liror/ros2_ws/install/rosidl_tutorials_msgs/lib/python3.12/site-packages/rosidl_tutorials_msgs/msg/_contact.py
-- Installing: /home/liror/ros2_ws/install/rosidl_tutorials_msgs/lib/python3.12/site-packages/rosidl_tutorials_msgs/rosidl_tutorials_msgs_s__rosidl_typesupport_fastrtps_c.so
Listing '/home/liror/ros2_ws/install/rosidl_tutorials_msgs/lib/python3.12/site-packages/rosidl_tutorials_msgs'...
Compiling '/home/liror/ros2_ws/install/rosidl_tutorials_msgs/lib/python3.12/site-packages/rosidl_tutorials_msgs/__init__.py'...
Listing '/home/liror/ros2_ws/install/rosidl_tutorials_msgs/lib/python3.12/site-packages/rosidl_tutorials_msgs/msg'...
Compiling '/home/liror/ros2_ws/install/rosidl_tutorials_msgs/lib/python3.12/site-packages/rosidl_tutorials_msgs/msg/__init__.py'...
Compiling '/home/liror/ros2_ws/install/rosidl_tutorials_msgs/lib/python3.12/site-packages/rosidl_tutorials_msgs/msg/_contact.py'...
-- Installing: /home/liror/ros2_ws/install/rosidl_tutorials_msgs/lib/python3.12/site-packages/rosidl_tutorials_msgs/rosidl_tutorials_msgs_s__rosidl_typesupport_fastrtps_c.so
-- Set non-toolchain portion of runtime path of "/home/liror/ros2_ws/install/rosidl_tutorials_msgs/lib/python3.12/site-packages/rosidl_tutorials_msgs/rosidl_tutorials_msgs_s__rosidl_typesupport_fastrtps_c.so" to ""
-- Installing: /home/liror/ros2_ws/install/rosidl_tutorials_msgs/lib/python3.12/site-packages/rosidl_tutorials_msgs/rosidl_tutorials_msgs_s__rosidl_typesupport_introspection_c.so
-- Set non-toolchain portion of runtime path of "/home/liror/ros2_ws/install/rosidl_tutorials_msgs/lib/python3.12/site-packages/rosidl_tutorials_msgs/rosidl_tutorials_msgs_s__rosidl_typesupport_introspection_c.so" to ""
-- Installing: /home/liror/ros2_ws/install/rosidl_tutorials_msgs/lib/python3.12/site-packages/rosidl_tutorials_msgs/rosidl_tutorials_msgs_s__rosidl_typesupport_c.so
-- Set non-toolchain portion of runtime path of "/home/liror/ros2_ws/install/rosidl_tutorials_msgs/lib/python3.12/site-packages/rosidl_tutorials_msgs/rosidl_tutorials_msgs_s__rosidl_typesupport_c.so" to ""
-- Installing: /home/liror/ros2_ws/install/rosidl_tutorials_msgs/lib/librosidl_tutorials_msgs__rosidl_generator_py.so
-- Set non-toolchain portion of runtime path of "/home/liror/ros2_ws/install/rosidl_tutorials_msgs/lib/librosidl_tutorials_msgs__rosidl_generator_py.so" to ""
-- Installing: /home/liror/ros2_ws/install/rosidl_tutorials_msgs/share/rosidl_tutorials_msgs/msg/Contact.idl
-- Installing: /home/liror/ros2_ws/install/rosidl_tutorials_msgs/share/rosidl_tutorials_msgs/msg/Contact.msg
-- Installing: /home/liror/ros2_ws/install/rosidl_tutorials_msgs/share/ament_index/resource_index/package_run_dependencies/rosidl_tutorials_msgs
-- Installing: /home/liror/ros2_ws/install/rosidl_tutorials_msgs/share/ament_index/resource_index/parent_prefix_path/rosidl_tutorials_msgs
-- Installing: /home/liror/ros2_ws/install/rosidl_tutorials_msgs/share/rosidl_tutorials_msgs/environment/ament_prefix_path.sh
-- Installing: /home/liror/ros2_ws/install/rosidl_tutorials_msgs/share/rosidl_tutorials_msgs/environment/ament_prefix_path.dsv
-- Installing: /home/liror/ros2_ws/install/rosidl_tutorials_msgs/share/rosidl_tutorials_msgs/environment/path.sh
-- Installing: /home/liror/ros2_ws/install/rosidl_tutorials_msgs/share/rosidl_tutorials_msgs/environment/path.dsv
-- Installing: /home/liror/ros2_ws/install/rosidl_tutorials_msgs/share/rosidl_tutorials_msgs/local_setup.bash
-- Installing: /home/liror/ros2_ws/install/rosidl_tutorials_msgs/share/rosidl_tutorials_msgs/local_setup.sh
-- Installing: /home/liror/ros2_ws/install/rosidl_tutorials_msgs/share/rosidl_tutorials_msgs/local_setup.zsh
-- Installing: /home/liror/ros2_ws/install/rosidl_tutorials_msgs/share/rosidl_tutorials_msgs/local_setup.dsv
-- Installing: /home/liror/ros2_ws/install/rosidl_tutorials_msgs/share/rosidl_tutorials_msgs/package.dsv
-- Installing: /home/liror/ros2_ws/install/rosidl_tutorials_msgs/share/ament_index/resource_index/packages/rosidl_tutorials_msgs
-- Installing: /home/liror/ros2_ws/install/rosidl_tutorials_msgs/share/rosidl_tutorials_msgs/cmake/export_rosidl_tutorials_msgs__rosidl_generator_cExport.cmake
-- Installing: /home/liror/ros2_ws/install/rosidl_tutorials_msgs/share/rosidl_tutorials_msgs/cmake/export_rosidl_tutorials_msgs__rosidl_generator_cExport-noconfig.cmake
-- Installing: /home/liror/ros2_ws/install/rosidl_tutorials_msgs/share/rosidl_tutorials_msgs/cmake/export_rosidl_tutorials_msgs__rosidl_typesupport_fastrtps_cExport.cmake
-- Installing: /home/liror/ros2_ws/install/rosidl_tutorials_msgs/share/rosidl_tutorials_msgs/cmake/export_rosidl_tutorials_msgs__rosidl_typesupport_fastrtps_cExport-noconfig.cmake
-- Installing: /home/liror/ros2_ws/install/rosidl_tutorials_msgs/share/rosidl_tutorials_msgs/cmake/rosidl_tutorials_msgs__rosidl_typesupport_introspection_cExport.cmake
-- Installing: /home/liror/ros2_ws/install/rosidl_tutorials_msgs/share/rosidl_tutorials_msgs/cmake/rosidl_tutorials_msgs__rosidl_typesupport_introspection_cExport-noconfig.cmake
-- Installing: /home/liror/ros2_ws/install/rosidl_tutorials_msgs/share/rosidl_tutorials_msgs/cmake/rosidl_tutorials_msgs__rosidl_typesupport_cExport.cmake
-- Installing: /home/liror/ros2_ws/install/rosidl_tutorials_msgs/share/rosidl_tutorials_msgs/cmake/rosidl_tutorials_msgs__rosidl_typesupport_cExport-noconfig.cmake
-- Installing: /home/liror/ros2_ws/install/rosidl_tutorials_msgs/share/rosidl_tutorials_msgs/cmake/export_rosidl_tutorials_msgs__rosidl_generator_cppExport.cmake
-- Installing: /home/liror/ros2_ws/install/rosidl_tutorials_msgs/share/rosidl_tutorials_msgs/cmake/export_rosidl_tutorials_msgs__rosidl_typesupport_fastrtps_cppExport.cmake
-- Installing: /home/liror/ros2_ws/install/rosidl_tutorials_msgs/share/rosidl_tutorials_msgs/cmake/export_rosidl_tutorials_msgs__rosidl_typesupport_fastrtps_cppExport-noconfig.cmake
-- Installing: /home/liror/ros2_ws/install/rosidl_tutorials_msgs/share/rosidl_tutorials_msgs/cmake/rosidl_tutorials_msgs__rosidl_typesupport_introspection_cppExport.cmake
-- Installing: /home/liror/ros2_ws/install/rosidl_tutorials_msgs/share/rosidl_tutorials_msgs/cmake/rosidl_tutorials_msgs__rosidl_typesupport_introspection_cppExport-noconfig.cmake
-- Installing: /home/liror/ros2_ws/install/rosidl_tutorials_msgs/share/rosidl_tutorials_msgs/cmake/rosidl_tutorials_msgs__rosidl_typesupport_cppExport.cmake
-- Installing: /home/liror/ros2_ws/install/rosidl_tutorials_msgs/share/rosidl_tutorials_msgs/cmake/rosidl_tutorials_msgs__rosidl_typesupport_cppExport-noconfig.cmake
-- Installing: /home/liror/ros2_ws/install/rosidl_tutorials_msgs/share/rosidl_tutorials_msgs/cmake/export_rosidl_tutorials_msgs__rosidl_generator_pyExport.cmake
-- Installing: /home/liror/ros2_ws/install/rosidl_tutorials_msgs/share/rosidl_tutorials_msgs/cmake/export_rosidl_tutorials_msgs__rosidl_generator_pyExport-noconfig.cmake
-- Installing: /home/liror/ros2_ws/install/rosidl_tutorials_msgs/share/rosidl_tutorials_msgs/cmake/rosidl_cmake-extras.cmake
-- Installing: /home/liror/ros2_ws/install/rosidl_tutorials_msgs/share/rosidl_tutorials_msgs/cmake/ament_cmake_export_include_directories-extras.cmake
-- Installing: /home/liror/ros2_ws/install/rosidl_tutorials_msgs/share/rosidl_tutorials_msgs/cmake/ament_cmake_export_libraries-extras.cmake
-- Installing: /home/liror/ros2_ws/install/rosidl_tutorials_msgs/share/rosidl_tutorials_msgs/cmake/ament_cmake_export_targets-extras.cmake
-- Installing: /home/liror/ros2_ws/install/rosidl_tutorials_msgs/share/rosidl_tutorials_msgs/cmake/rosidl_cmake_export_typesupport_targets-extras.cmake
-- Installing: /home/liror/ros2_ws/install/rosidl_tutorials_msgs/share/rosidl_tutorials_msgs/cmake/ament_cmake_export_dependencies-extras.cmake
-- Installing: /home/liror/ros2_ws/install/rosidl_tutorials_msgs/share/rosidl_tutorials_msgs/cmake/rosidl_cmake_export_typesupport_libraries-extras.cmake
-- Installing: /home/liror/ros2_ws/install/rosidl_tutorials_msgs/share/rosidl_tutorials_msgs/cmake/rosidl_tutorials_msgsConfig.cmake
-- Installing: /home/liror/ros2_ws/install/rosidl_tutorials_msgs/share/rosidl_tutorials_msgs/cmake/rosidl_tutorials_msgsConfig-version.cmake
-- Installing: /home/liror/ros2_ws/install/rosidl_tutorials_msgs/share/rosidl_tutorials_msgs/package.xml
