[0.012s] Invoking command in '/home/liror/ros2_ws/build/rosidl_tutorials_msgs': CMAKE_PREFIX_PATH=${CMAKE_PREFIX_PATH}:/opt/ros/jazzy DEBUGINFOD_URLS=https://debuginfod.ubuntu.com /usr/bin/cmake /home/liror/ros2_ws/src/rosidl_tutorials_msgs -DCMAKE_INSTALL_PREFIX=/home/liror/ros2_ws/install/rosidl_tutorials_msgs
[0.051s] -- Found ament_cmake: 2.5.3 (/opt/ros/jazzy/share/ament_cmake/cmake)
[0.334s] -- Found rosidl_default_generators: 1.6.0 (/opt/ros/jazzy/share/rosidl_default_generators/cmake)
[0.338s] -- Using all available rosidl_typesupport_c: rosidl_typesupport_fastrtps_c;rosidl_typesupport_introspection_c
[0.382s] -- Using all available rosidl_typesupport_cpp: rosidl_typesupport_fastrtps_cpp;rosidl_typesupport_introspection_cpp
[0.416s] -- Found rosidl_adapter: 4.6.5 (/opt/ros/jazzy/share/rosidl_adapter/cmake)
[1.134s] -- Found ament_cmake_ros: 0.12.0 (/opt/ros/jazzy/share/ament_cmake_ros/cmake)
[1.797s] -- Using all available rosidl_typesupport_c: rosidl_typesupport_fastrtps_c;rosidl_typesupport_introspection_c
[2.624s] -- Using all available rosidl_typesupport_cpp: rosidl_typesupport_fastrtps_cpp;rosidl_typesupport_introspection_cpp
[2.631s] -- Found python_cmake_module: 0.11.1 (/opt/ros/jazzy/share/python_cmake_module/cmake)
[2.842s] -- Found PythonExtra: /usr/bin/python3  
[3.701s] -- Found Python3: /usr/bin/python3 (found version "3.12.3") found components: Interpreter Development NumPy Development.Module Development.Embed 
[3.794s] -- Configuring done (3.8s)
[3.871s] -- Generating done (0.1s)
[3.889s] -- Build files have been written to: /home/liror/ros2_ws/build/rosidl_tutorials_msgs
[3.901s] Invoked command in '/home/liror/ros2_ws/build/rosidl_tutorials_msgs' returned '0': CMAKE_PREFIX_PATH=${CMAKE_PREFIX_PATH}:/opt/ros/jazzy DEBUGINFOD_URLS=https://debuginfod.ubuntu.com /usr/bin/cmake /home/liror/ros2_ws/src/rosidl_tutorials_msgs -DCMAKE_INSTALL_PREFIX=/home/liror/ros2_ws/install/rosidl_tutorials_msgs
[3.903s] Invoking command in '/home/liror/ros2_ws/build/rosidl_tutorials_msgs': CMAKE_PREFIX_PATH=${CMAKE_PREFIX_PATH}:/opt/ros/jazzy DEBUGINFOD_URLS=https://debuginfod.ubuntu.com /usr/bin/cmake --build /home/liror/ros2_ws/build/rosidl_tutorials_msgs -- -j2 -l2
[4.015s] [  2%] [34m[1mGenerating type hashes for ROS interfaces[0m
[4.072s] [  2%] Built target ament_cmake_python_copy_rosidl_tutorials_msgs
[4.433s] [  2%] Built target rosidl_tutorials_msgs__rosidl_generator_type_description
[4.491s] [  5%] [34m[1mGenerating C++ code for ROS interfaces[0m
[4.563s] running egg_info
[4.564s] creating rosidl_tutorials_msgs.egg-info
[4.606s] writing rosidl_tutorials_msgs.egg-info/PKG-INFO
[4.607s] writing dependency_links to rosidl_tutorials_msgs.egg-info/dependency_links.txt
[4.607s] writing top-level names to rosidl_tutorials_msgs.egg-info/top_level.txt
[4.607s] writing manifest file 'rosidl_tutorials_msgs.egg-info/SOURCES.txt'
[4.709s] reading manifest file 'rosidl_tutorials_msgs.egg-info/SOURCES.txt'
[4.709s] writing manifest file 'rosidl_tutorials_msgs.egg-info/SOURCES.txt'
[4.745s] [  5%] Built target ament_cmake_python_build_rosidl_tutorials_msgs_egg
[4.761s] [  8%] [34m[1mGenerating C code for ROS interfaces[0m
[4.993s] [  8%] Built target rosidl_tutorials_msgs__cpp
[5.163s] [ 11%] [32mBuilding C object CMakeFiles/rosidl_tutorials_msgs__rosidl_generator_c.dir/rosidl_generator_c/rosidl_tutorials_msgs/msg/detail/contact__functions.c.o[0m
[5.166s] [ 14%] [32mBuilding C object CMakeFiles/rosidl_tutorials_msgs__rosidl_generator_c.dir/rosidl_generator_c/rosidl_tutorials_msgs/msg/detail/contact__description.c.o[0m
[5.234s] [ 17%] [32mBuilding C object CMakeFiles/rosidl_tutorials_msgs__rosidl_generator_c.dir/rosidl_generator_c/rosidl_tutorials_msgs/msg/detail/contact__type_support.c.o[0m
[5.267s] [ 20%] [32m[1mLinking C shared library librosidl_tutorials_msgs__rosidl_generator_c.so[0m
[5.343s] [ 20%] Built target rosidl_tutorials_msgs__rosidl_generator_c
[5.368s] [ 23%] [34m[1mGenerating C++ type support dispatch for ROS interfaces[0m
[5.375s] [ 26%] [34m[1mGenerating C introspection for ROS interfaces[0m
[5.891s] [ 29%] [32mBuilding CXX object CMakeFiles/rosidl_tutorials_msgs__rosidl_typesupport_cpp.dir/rosidl_typesupport_cpp/rosidl_tutorials_msgs/msg/contact__type_support.cpp.o[0m
[5.921s] [ 32%] [32mBuilding C object CMakeFiles/rosidl_tutorials_msgs__rosidl_typesupport_introspection_c.dir/rosidl_typesupport_introspection_c/rosidl_tutorials_msgs/msg/detail/contact__type_support.c.o[0m
[6.006s] [ 35%] [32m[1mLinking C shared library librosidl_tutorials_msgs__rosidl_typesupport_introspection_c.so[0m
[6.063s] [ 35%] Built target rosidl_tutorials_msgs__rosidl_typesupport_introspection_c
[6.077s] [ 38%] [34m[1mGenerating C type support dispatch for ROS interfaces[0m
[6.464s] [ 41%] [32mBuilding CXX object CMakeFiles/rosidl_tutorials_msgs__rosidl_typesupport_c.dir/rosidl_typesupport_c/rosidl_tutorials_msgs/msg/contact__type_support.cpp.o[0m
[6.562s] [ 44%] [32m[1mLinking CXX shared library librosidl_tutorials_msgs__rosidl_typesupport_c.so[0m
[6.576s] [ 47%] [32m[1mLinking CXX shared library librosidl_tutorials_msgs__rosidl_typesupport_cpp.so[0m
[6.627s] [ 47%] Built target rosidl_tutorials_msgs__rosidl_typesupport_c
[6.641s] [ 50%] [34m[1mGenerating C type support for eProsima Fast-RTPS[0m
[6.656s] [ 50%] Built target rosidl_tutorials_msgs__rosidl_typesupport_cpp
[6.673s] [ 52%] [34m[1mGenerating C++ type support for eProsima Fast-RTPS[0m
[6.939s] [ 55%] [32mBuilding CXX object CMakeFiles/rosidl_tutorials_msgs__rosidl_typesupport_fastrtps_c.dir/rosidl_typesupport_fastrtps_c/rosidl_tutorials_msgs/msg/detail/contact__type_support_c.cpp.o[0m
[7.058s] [ 58%] [32mBuilding CXX object CMakeFiles/rosidl_tutorials_msgs__rosidl_typesupport_fastrtps_cpp.dir/rosidl_typesupport_fastrtps_cpp/rosidl_tutorials_msgs/msg/detail/dds_fastrtps/contact__type_support.cpp.o[0m
[7.685s] [ 61%] [32m[1mLinking CXX shared library librosidl_tutorials_msgs__rosidl_typesupport_fastrtps_c.so[0m
[7.841s] [ 61%] Built target rosidl_tutorials_msgs__rosidl_typesupport_fastrtps_c
[7.846s] [ 64%] [32m[1mLinking CXX shared library librosidl_tutorials_msgs__rosidl_typesupport_fastrtps_cpp.so[0m
[7.853s] [ 67%] [34m[1mGenerating C++ introspection for ROS interfaces[0m
[7.937s] [ 67%] Built target rosidl_tutorials_msgs__rosidl_typesupport_fastrtps_cpp
[8.167s] [ 70%] [32mBuilding CXX object CMakeFiles/rosidl_tutorials_msgs__rosidl_typesupport_introspection_cpp.dir/rosidl_typesupport_introspection_cpp/rosidl_tutorials_msgs/msg/detail/contact__type_support.cpp.o[0m
[8.496s] [ 73%] [32m[1mLinking CXX shared library librosidl_tutorials_msgs__rosidl_typesupport_introspection_cpp.so[0m
[8.568s] [ 73%] Built target rosidl_tutorials_msgs__rosidl_typesupport_introspection_cpp
[8.595s] [ 73%] Built target rosidl_tutorials_msgs
[8.618s] [ 76%] [34m[1mGenerating Python code for ROS interfaces[0m
[8.956s] [ 76%] Built target rosidl_tutorials_msgs__py
[8.977s] [ 79%] [32mBuilding C object CMakeFiles/rosidl_tutorials_msgs__rosidl_generator_py.dir/rosidl_generator_py/rosidl_tutorials_msgs/msg/_contact_s.c.o[0m
[9.179s] [ 82%] [32m[1mLinking C shared library librosidl_tutorials_msgs__rosidl_generator_py.so[0m
[9.237s] [ 82%] Built target rosidl_tutorials_msgs__rosidl_generator_py
[9.264s] [ 88%] [32mBuilding C object CMakeFiles/rosidl_tutorials_msgs_s__rosidl_typesupport_fastrtps_c.dir/rosidl_generator_py/rosidl_tutorials_msgs/_rosidl_tutorials_msgs_s.ep.rosidl_typesupport_fastrtps_c.c.o[0m
[9.264s] [ 88%] [32mBuilding C object CMakeFiles/rosidl_tutorials_msgs_s__rosidl_typesupport_introspection_c.dir/rosidl_generator_py/rosidl_tutorials_msgs/_rosidl_tutorials_msgs_s.ep.rosidl_typesupport_introspection_c.c.o[0m
[9.403s] [ 91%] [32m[1mLinking C shared module rosidl_generator_py/rosidl_tutorials_msgs/rosidl_tutorials_msgs_s__rosidl_typesupport_fastrtps_c.so[0m
[9.420s] [ 94%] [32m[1mLinking C shared module rosidl_generator_py/rosidl_tutorials_msgs/rosidl_tutorials_msgs_s__rosidl_typesupport_introspection_c.so[0m
[9.446s] [ 94%] Built target rosidl_tutorials_msgs_s__rosidl_typesupport_fastrtps_c
[9.455s] [ 94%] Built target rosidl_tutorials_msgs_s__rosidl_typesupport_introspection_c
[9.467s] [ 97%] [32mBuilding C object CMakeFiles/rosidl_tutorials_msgs_s__rosidl_typesupport_c.dir/rosidl_generator_py/rosidl_tutorials_msgs/_rosidl_tutorials_msgs_s.ep.rosidl_typesupport_c.c.o[0m
[9.583s] [100%] [32m[1mLinking C shared module rosidl_generator_py/rosidl_tutorials_msgs/rosidl_tutorials_msgs_s__rosidl_typesupport_c.so[0m
[9.616s] [100%] Built target rosidl_tutorials_msgs_s__rosidl_typesupport_c
[9.635s] Invoked command in '/home/liror/ros2_ws/build/rosidl_tutorials_msgs' returned '0': CMAKE_PREFIX_PATH=${CMAKE_PREFIX_PATH}:/opt/ros/jazzy DEBUGINFOD_URLS=https://debuginfod.ubuntu.com /usr/bin/cmake --build /home/liror/ros2_ws/build/rosidl_tutorials_msgs -- -j2 -l2
[9.648s] Invoking command in '/home/liror/ros2_ws/build/rosidl_tutorials_msgs': CMAKE_PREFIX_PATH=${CMAKE_PREFIX_PATH}:/opt/ros/jazzy DEBUGINFOD_URLS=https://debuginfod.ubuntu.com /usr/bin/cmake --install /home/liror/ros2_ws/build/rosidl_tutorials_msgs
[9.658s] -- Install configuration: ""
[9.658s] -- Installing: /home/liror/ros2_ws/install/rosidl_tutorials_msgs/share/ament_index/resource_index/rosidl_interfaces/rosidl_tutorials_msgs
[9.658s] -- Installing: /home/liror/ros2_ws/install/rosidl_tutorials_msgs/share/rosidl_tutorials_msgs/msg/Contact.json
[9.659s] -- Installing: /home/liror/ros2_ws/install/rosidl_tutorials_msgs/include/rosidl_tutorials_msgs/rosidl_tutorials_msgs
[9.659s] -- Installing: /home/liror/ros2_ws/install/rosidl_tutorials_msgs/include/rosidl_tutorials_msgs/rosidl_tutorials_msgs/msg
[9.659s] -- Installing: /home/liror/ros2_ws/install/rosidl_tutorials_msgs/include/rosidl_tutorials_msgs/rosidl_tutorials_msgs/msg/contact.h
[9.659s] -- Installing: /home/liror/ros2_ws/install/rosidl_tutorials_msgs/include/rosidl_tutorials_msgs/rosidl_tutorials_msgs/msg/detail
[9.659s] -- Installing: /home/liror/ros2_ws/install/rosidl_tutorials_msgs/include/rosidl_tutorials_msgs/rosidl_tutorials_msgs/msg/detail/contact__functions.h
[9.659s] -- Installing: /home/liror/ros2_ws/install/rosidl_tutorials_msgs/include/rosidl_tutorials_msgs/rosidl_tutorials_msgs/msg/detail/contact__description.c
[9.659s] -- Installing: /home/liror/ros2_ws/install/rosidl_tutorials_msgs/include/rosidl_tutorials_msgs/rosidl_tutorials_msgs/msg/detail/contact__type_support.c
[9.659s] -- Installing: /home/liror/ros2_ws/install/rosidl_tutorials_msgs/include/rosidl_tutorials_msgs/rosidl_tutorials_msgs/msg/detail/contact__struct.h
[9.660s] -- Installing: /home/liror/ros2_ws/install/rosidl_tutorials_msgs/include/rosidl_tutorials_msgs/rosidl_tutorials_msgs/msg/detail/contact__functions.c
[9.660s] -- Installing: /home/liror/ros2_ws/install/rosidl_tutorials_msgs/include/rosidl_tutorials_msgs/rosidl_tutorials_msgs/msg/detail/contact__type_support.h
[9.660s] -- Installing: /home/liror/ros2_ws/install/rosidl_tutorials_msgs/include/rosidl_tutorials_msgs/rosidl_tutorials_msgs/msg/rosidl_generator_c__visibility_control.h
[9.660s] -- Installing: /home/liror/ros2_ws/install/rosidl_tutorials_msgs/share/rosidl_tutorials_msgs/environment/library_path.sh
[9.660s] -- Installing: /home/liror/ros2_ws/install/rosidl_tutorials_msgs/share/rosidl_tutorials_msgs/environment/library_path.dsv
[9.660s] -- Installing: /home/liror/ros2_ws/install/rosidl_tutorials_msgs/lib/librosidl_tutorials_msgs__rosidl_generator_c.so
[9.660s] -- Set non-toolchain portion of runtime path of "/home/liror/ros2_ws/install/rosidl_tutorials_msgs/lib/librosidl_tutorials_msgs__rosidl_generator_c.so" to ""
[9.661s] -- Up-to-date: /home/liror/ros2_ws/install/rosidl_tutorials_msgs/include/rosidl_tutorials_msgs/rosidl_tutorials_msgs
[9.661s] -- Up-to-date: /home/liror/ros2_ws/install/rosidl_tutorials_msgs/include/rosidl_tutorials_msgs/rosidl_tutorials_msgs/msg
[9.661s] -- Installing: /home/liror/ros2_ws/install/rosidl_tutorials_msgs/include/rosidl_tutorials_msgs/rosidl_tutorials_msgs/msg/rosidl_typesupport_fastrtps_c__visibility_control.h
[9.661s] -- Up-to-date: /home/liror/ros2_ws/install/rosidl_tutorials_msgs/include/rosidl_tutorials_msgs/rosidl_tutorials_msgs/msg/detail
[9.661s] -- Installing: /home/liror/ros2_ws/install/rosidl_tutorials_msgs/include/rosidl_tutorials_msgs/rosidl_tutorials_msgs/msg/detail/contact__rosidl_typesupport_fastrtps_c.h
[9.661s] -- Installing: /home/liror/ros2_ws/install/rosidl_tutorials_msgs/lib/librosidl_tutorials_msgs__rosidl_typesupport_fastrtps_c.so
[9.662s] -- Set non-toolchain portion of runtime path of "/home/liror/ros2_ws/install/rosidl_tutorials_msgs/lib/librosidl_tutorials_msgs__rosidl_typesupport_fastrtps_c.so" to ""
[9.662s] -- Up-to-date: /home/liror/ros2_ws/install/rosidl_tutorials_msgs/include/rosidl_tutorials_msgs/rosidl_tutorials_msgs
[9.662s] -- Up-to-date: /home/liror/ros2_ws/install/rosidl_tutorials_msgs/include/rosidl_tutorials_msgs/rosidl_tutorials_msgs/msg
[9.662s] -- Installing: /home/liror/ros2_ws/install/rosidl_tutorials_msgs/include/rosidl_tutorials_msgs/rosidl_tutorials_msgs/msg/rosidl_typesupport_introspection_c__visibility_control.h
[9.662s] -- Up-to-date: /home/liror/ros2_ws/install/rosidl_tutorials_msgs/include/rosidl_tutorials_msgs/rosidl_tutorials_msgs/msg/detail
[9.662s] -- Installing: /home/liror/ros2_ws/install/rosidl_tutorials_msgs/include/rosidl_tutorials_msgs/rosidl_tutorials_msgs/msg/detail/contact__type_support.c
[9.662s] -- Installing: /home/liror/ros2_ws/install/rosidl_tutorials_msgs/include/rosidl_tutorials_msgs/rosidl_tutorials_msgs/msg/detail/contact__rosidl_typesupport_introspection_c.h
[9.662s] -- Installing: /home/liror/ros2_ws/install/rosidl_tutorials_msgs/lib/librosidl_tutorials_msgs__rosidl_typesupport_introspection_c.so
[9.662s] -- Set non-toolchain portion of runtime path of "/home/liror/ros2_ws/install/rosidl_tutorials_msgs/lib/librosidl_tutorials_msgs__rosidl_typesupport_introspection_c.so" to ""
[9.662s] -- Installing: /home/liror/ros2_ws/install/rosidl_tutorials_msgs/lib/librosidl_tutorials_msgs__rosidl_typesupport_c.so
[9.662s] -- Set non-toolchain portion of runtime path of "/home/liror/ros2_ws/install/rosidl_tutorials_msgs/lib/librosidl_tutorials_msgs__rosidl_typesupport_c.so" to ""
[9.662s] -- Up-to-date: /home/liror/ros2_ws/install/rosidl_tutorials_msgs/include/rosidl_tutorials_msgs/rosidl_tutorials_msgs
[9.662s] -- Up-to-date: /home/liror/ros2_ws/install/rosidl_tutorials_msgs/include/rosidl_tutorials_msgs/rosidl_tutorials_msgs/msg
[9.663s] -- Installing: /home/liror/ros2_ws/install/rosidl_tutorials_msgs/include/rosidl_tutorials_msgs/rosidl_tutorials_msgs/msg/rosidl_generator_cpp__visibility_control.hpp
[9.663s] -- Installing: /home/liror/ros2_ws/install/rosidl_tutorials_msgs/include/rosidl_tutorials_msgs/rosidl_tutorials_msgs/msg/contact.hpp
[9.663s] -- Up-to-date: /home/liror/ros2_ws/install/rosidl_tutorials_msgs/include/rosidl_tutorials_msgs/rosidl_tutorials_msgs/msg/detail
[9.663s] -- Installing: /home/liror/ros2_ws/install/rosidl_tutorials_msgs/include/rosidl_tutorials_msgs/rosidl_tutorials_msgs/msg/detail/contact__traits.hpp
[9.663s] -- Installing: /home/liror/ros2_ws/install/rosidl_tutorials_msgs/include/rosidl_tutorials_msgs/rosidl_tutorials_msgs/msg/detail/contact__builder.hpp
[9.663s] -- Installing: /home/liror/ros2_ws/install/rosidl_tutorials_msgs/include/rosidl_tutorials_msgs/rosidl_tutorials_msgs/msg/detail/contact__type_support.hpp
[9.663s] -- Installing: /home/liror/ros2_ws/install/rosidl_tutorials_msgs/include/rosidl_tutorials_msgs/rosidl_tutorials_msgs/msg/detail/contact__struct.hpp
[9.663s] -- Up-to-date: /home/liror/ros2_ws/install/rosidl_tutorials_msgs/include/rosidl_tutorials_msgs/rosidl_tutorials_msgs
[9.663s] -- Up-to-date: /home/liror/ros2_ws/install/rosidl_tutorials_msgs/include/rosidl_tutorials_msgs/rosidl_tutorials_msgs/msg
[9.663s] -- Installing: /home/liror/ros2_ws/install/rosidl_tutorials_msgs/include/rosidl_tutorials_msgs/rosidl_tutorials_msgs/msg/rosidl_typesupport_fastrtps_cpp__visibility_control.h
[9.663s] -- Up-to-date: /home/liror/ros2_ws/install/rosidl_tutorials_msgs/include/rosidl_tutorials_msgs/rosidl_tutorials_msgs/msg/detail
[9.664s] -- Installing: /home/liror/ros2_ws/install/rosidl_tutorials_msgs/include/rosidl_tutorials_msgs/rosidl_tutorials_msgs/msg/detail/contact__rosidl_typesupport_fastrtps_cpp.hpp
[9.664s] -- Installing: /home/liror/ros2_ws/install/rosidl_tutorials_msgs/include/rosidl_tutorials_msgs/rosidl_tutorials_msgs/msg/detail/dds_fastrtps
[9.664s] -- Installing: /home/liror/ros2_ws/install/rosidl_tutorials_msgs/lib/librosidl_tutorials_msgs__rosidl_typesupport_fastrtps_cpp.so
[9.664s] -- Set non-toolchain portion of runtime path of "/home/liror/ros2_ws/install/rosidl_tutorials_msgs/lib/librosidl_tutorials_msgs__rosidl_typesupport_fastrtps_cpp.so" to ""
[9.664s] -- Up-to-date: /home/liror/ros2_ws/install/rosidl_tutorials_msgs/include/rosidl_tutorials_msgs/rosidl_tutorials_msgs
[9.664s] -- Up-to-date: /home/liror/ros2_ws/install/rosidl_tutorials_msgs/include/rosidl_tutorials_msgs/rosidl_tutorials_msgs/msg
[9.664s] -- Up-to-date: /home/liror/ros2_ws/install/rosidl_tutorials_msgs/include/rosidl_tutorials_msgs/rosidl_tutorials_msgs/msg/detail
[9.664s] -- Installing: /home/liror/ros2_ws/install/rosidl_tutorials_msgs/include/rosidl_tutorials_msgs/rosidl_tutorials_msgs/msg/detail/contact__type_support.cpp
[9.664s] -- Installing: /home/liror/ros2_ws/install/rosidl_tutorials_msgs/include/rosidl_tutorials_msgs/rosidl_tutorials_msgs/msg/detail/contact__rosidl_typesupport_introspection_cpp.hpp
[9.664s] -- Installing: /home/liror/ros2_ws/install/rosidl_tutorials_msgs/lib/librosidl_tutorials_msgs__rosidl_typesupport_introspection_cpp.so
[9.665s] -- Set non-toolchain portion of runtime path of "/home/liror/ros2_ws/install/rosidl_tutorials_msgs/lib/librosidl_tutorials_msgs__rosidl_typesupport_introspection_cpp.so" to ""
[9.665s] -- Installing: /home/liror/ros2_ws/install/rosidl_tutorials_msgs/lib/librosidl_tutorials_msgs__rosidl_typesupport_cpp.so
[9.665s] -- Set non-toolchain portion of runtime path of "/home/liror/ros2_ws/install/rosidl_tutorials_msgs/lib/librosidl_tutorials_msgs__rosidl_typesupport_cpp.so" to ""
[9.665s] -- Installing: /home/liror/ros2_ws/install/rosidl_tutorials_msgs/share/rosidl_tutorials_msgs/environment/pythonpath.sh
[9.665s] -- Installing: /home/liror/ros2_ws/install/rosidl_tutorials_msgs/share/rosidl_tutorials_msgs/environment/pythonpath.dsv
[9.665s] -- Installing: /home/liror/ros2_ws/install/rosidl_tutorials_msgs/lib/python3.12/site-packages/rosidl_tutorials_msgs-0.0.0-py3.12.egg-info
[9.665s] -- Installing: /home/liror/ros2_ws/install/rosidl_tutorials_msgs/lib/python3.12/site-packages/rosidl_tutorials_msgs-0.0.0-py3.12.egg-info/PKG-INFO
[9.665s] -- Installing: /home/liror/ros2_ws/install/rosidl_tutorials_msgs/lib/python3.12/site-packages/rosidl_tutorials_msgs-0.0.0-py3.12.egg-info/SOURCES.txt
[9.665s] -- Installing: /home/liror/ros2_ws/install/rosidl_tutorials_msgs/lib/python3.12/site-packages/rosidl_tutorials_msgs-0.0.0-py3.12.egg-info/dependency_links.txt
[9.665s] -- Installing: /home/liror/ros2_ws/install/rosidl_tutorials_msgs/lib/python3.12/site-packages/rosidl_tutorials_msgs-0.0.0-py3.12.egg-info/top_level.txt
[9.665s] -- Installing: /home/liror/ros2_ws/install/rosidl_tutorials_msgs/lib/python3.12/site-packages/rosidl_tutorials_msgs
[9.665s] -- Installing: /home/liror/ros2_ws/install/rosidl_tutorials_msgs/lib/python3.12/site-packages/rosidl_tutorials_msgs/rosidl_tutorials_msgs_s__rosidl_typesupport_introspection_c.so
[9.665s] -- Installing: /home/liror/ros2_ws/install/rosidl_tutorials_msgs/lib/python3.12/site-packages/rosidl_tutorials_msgs/rosidl_tutorials_msgs_s__rosidl_typesupport_c.so
[9.666s] -- Installing: /home/liror/ros2_ws/install/rosidl_tutorials_msgs/lib/python3.12/site-packages/rosidl_tutorials_msgs/_rosidl_tutorials_msgs_s.ep.rosidl_typesupport_fastrtps_c.c
[9.666s] -- Installing: /home/liror/ros2_ws/install/rosidl_tutorials_msgs/lib/python3.12/site-packages/rosidl_tutorials_msgs/_rosidl_tutorials_msgs_s.ep.rosidl_typesupport_introspection_c.c
[9.666s] -- Installing: /home/liror/ros2_ws/install/rosidl_tutorials_msgs/lib/python3.12/site-packages/rosidl_tutorials_msgs/__init__.py
[9.666s] -- Installing: /home/liror/ros2_ws/install/rosidl_tutorials_msgs/lib/python3.12/site-packages/rosidl_tutorials_msgs/_rosidl_tutorials_msgs_s.ep.rosidl_typesupport_c.c
[9.666s] -- Installing: /home/liror/ros2_ws/install/rosidl_tutorials_msgs/lib/python3.12/site-packages/rosidl_tutorials_msgs/msg
[9.666s] -- Installing: /home/liror/ros2_ws/install/rosidl_tutorials_msgs/lib/python3.12/site-packages/rosidl_tutorials_msgs/msg/__init__.py
[9.666s] -- Installing: /home/liror/ros2_ws/install/rosidl_tutorials_msgs/lib/python3.12/site-packages/rosidl_tutorials_msgs/msg/_contact_s.c
[9.666s] -- Installing: /home/liror/ros2_ws/install/rosidl_tutorials_msgs/lib/python3.12/site-packages/rosidl_tutorials_msgs/msg/_contact.py
[9.667s] -- Installing: /home/liror/ros2_ws/install/rosidl_tutorials_msgs/lib/python3.12/site-packages/rosidl_tutorials_msgs/rosidl_tutorials_msgs_s__rosidl_typesupport_fastrtps_c.so
[9.718s] Listing '/home/liror/ros2_ws/install/rosidl_tutorials_msgs/lib/python3.12/site-packages/rosidl_tutorials_msgs'...
[9.718s] Compiling '/home/liror/ros2_ws/install/rosidl_tutorials_msgs/lib/python3.12/site-packages/rosidl_tutorials_msgs/__init__.py'...
[9.718s] Listing '/home/liror/ros2_ws/install/rosidl_tutorials_msgs/lib/python3.12/site-packages/rosidl_tutorials_msgs/msg'...
[9.718s] Compiling '/home/liror/ros2_ws/install/rosidl_tutorials_msgs/lib/python3.12/site-packages/rosidl_tutorials_msgs/msg/__init__.py'...
[9.718s] Compiling '/home/liror/ros2_ws/install/rosidl_tutorials_msgs/lib/python3.12/site-packages/rosidl_tutorials_msgs/msg/_contact.py'...
[9.725s] -- Installing: /home/liror/ros2_ws/install/rosidl_tutorials_msgs/lib/python3.12/site-packages/rosidl_tutorials_msgs/rosidl_tutorials_msgs_s__rosidl_typesupport_fastrtps_c.so
[9.726s] -- Set non-toolchain portion of runtime path of "/home/liror/ros2_ws/install/rosidl_tutorials_msgs/lib/python3.12/site-packages/rosidl_tutorials_msgs/rosidl_tutorials_msgs_s__rosidl_typesupport_fastrtps_c.so" to ""
[9.727s] -- Installing: /home/liror/ros2_ws/install/rosidl_tutorials_msgs/lib/python3.12/site-packages/rosidl_tutorials_msgs/rosidl_tutorials_msgs_s__rosidl_typesupport_introspection_c.so
[9.728s] -- Set non-toolchain portion of runtime path of "/home/liror/ros2_ws/install/rosidl_tutorials_msgs/lib/python3.12/site-packages/rosidl_tutorials_msgs/rosidl_tutorials_msgs_s__rosidl_typesupport_introspection_c.so" to ""
[9.728s] -- Installing: /home/liror/ros2_ws/install/rosidl_tutorials_msgs/lib/python3.12/site-packages/rosidl_tutorials_msgs/rosidl_tutorials_msgs_s__rosidl_typesupport_c.so
[9.729s] -- Set non-toolchain portion of runtime path of "/home/liror/ros2_ws/install/rosidl_tutorials_msgs/lib/python3.12/site-packages/rosidl_tutorials_msgs/rosidl_tutorials_msgs_s__rosidl_typesupport_c.so" to ""
[9.730s] -- Installing: /home/liror/ros2_ws/install/rosidl_tutorials_msgs/lib/librosidl_tutorials_msgs__rosidl_generator_py.so
[9.730s] -- Set non-toolchain portion of runtime path of "/home/liror/ros2_ws/install/rosidl_tutorials_msgs/lib/librosidl_tutorials_msgs__rosidl_generator_py.so" to ""
[9.731s] -- Installing: /home/liror/ros2_ws/install/rosidl_tutorials_msgs/share/rosidl_tutorials_msgs/msg/Contact.idl
[9.732s] -- Installing: /home/liror/ros2_ws/install/rosidl_tutorials_msgs/share/rosidl_tutorials_msgs/msg/Contact.msg
[9.732s] -- Installing: /home/liror/ros2_ws/install/rosidl_tutorials_msgs/share/ament_index/resource_index/package_run_dependencies/rosidl_tutorials_msgs
[9.733s] -- Installing: /home/liror/ros2_ws/install/rosidl_tutorials_msgs/share/ament_index/resource_index/parent_prefix_path/rosidl_tutorials_msgs
[9.733s] -- Installing: /home/liror/ros2_ws/install/rosidl_tutorials_msgs/share/rosidl_tutorials_msgs/environment/ament_prefix_path.sh
[9.733s] -- Installing: /home/liror/ros2_ws/install/rosidl_tutorials_msgs/share/rosidl_tutorials_msgs/environment/ament_prefix_path.dsv
[9.733s] -- Installing: /home/liror/ros2_ws/install/rosidl_tutorials_msgs/share/rosidl_tutorials_msgs/environment/path.sh
[9.733s] -- Installing: /home/liror/ros2_ws/install/rosidl_tutorials_msgs/share/rosidl_tutorials_msgs/environment/path.dsv
[9.733s] -- Installing: /home/liror/ros2_ws/install/rosidl_tutorials_msgs/share/rosidl_tutorials_msgs/local_setup.bash
[9.734s] -- Installing: /home/liror/ros2_ws/install/rosidl_tutorials_msgs/share/rosidl_tutorials_msgs/local_setup.sh
[9.734s] -- Installing: /home/liror/ros2_ws/install/rosidl_tutorials_msgs/share/rosidl_tutorials_msgs/local_setup.zsh
[9.734s] -- Installing: /home/liror/ros2_ws/install/rosidl_tutorials_msgs/share/rosidl_tutorials_msgs/local_setup.dsv
[9.735s] -- Installing: /home/liror/ros2_ws/install/rosidl_tutorials_msgs/share/rosidl_tutorials_msgs/package.dsv
[9.735s] -- Installing: /home/liror/ros2_ws/install/rosidl_tutorials_msgs/share/ament_index/resource_index/packages/rosidl_tutorials_msgs
[9.735s] -- Installing: /home/liror/ros2_ws/install/rosidl_tutorials_msgs/share/rosidl_tutorials_msgs/cmake/export_rosidl_tutorials_msgs__rosidl_generator_cExport.cmake
[9.735s] -- Installing: /home/liror/ros2_ws/install/rosidl_tutorials_msgs/share/rosidl_tutorials_msgs/cmake/export_rosidl_tutorials_msgs__rosidl_generator_cExport-noconfig.cmake
[9.736s] -- Installing: /home/liror/ros2_ws/install/rosidl_tutorials_msgs/share/rosidl_tutorials_msgs/cmake/export_rosidl_tutorials_msgs__rosidl_typesupport_fastrtps_cExport.cmake
[9.736s] -- Installing: /home/liror/ros2_ws/install/rosidl_tutorials_msgs/share/rosidl_tutorials_msgs/cmake/export_rosidl_tutorials_msgs__rosidl_typesupport_fastrtps_cExport-noconfig.cmake
[9.736s] -- Installing: /home/liror/ros2_ws/install/rosidl_tutorials_msgs/share/rosidl_tutorials_msgs/cmake/rosidl_tutorials_msgs__rosidl_typesupport_introspection_cExport.cmake
[9.737s] -- Installing: /home/liror/ros2_ws/install/rosidl_tutorials_msgs/share/rosidl_tutorials_msgs/cmake/rosidl_tutorials_msgs__rosidl_typesupport_introspection_cExport-noconfig.cmake
[9.737s] -- Installing: /home/liror/ros2_ws/install/rosidl_tutorials_msgs/share/rosidl_tutorials_msgs/cmake/rosidl_tutorials_msgs__rosidl_typesupport_cExport.cmake
[9.737s] -- Installing: /home/liror/ros2_ws/install/rosidl_tutorials_msgs/share/rosidl_tutorials_msgs/cmake/rosidl_tutorials_msgs__rosidl_typesupport_cExport-noconfig.cmake
[9.737s] -- Installing: /home/liror/ros2_ws/install/rosidl_tutorials_msgs/share/rosidl_tutorials_msgs/cmake/export_rosidl_tutorials_msgs__rosidl_generator_cppExport.cmake
[9.738s] -- Installing: /home/liror/ros2_ws/install/rosidl_tutorials_msgs/share/rosidl_tutorials_msgs/cmake/export_rosidl_tutorials_msgs__rosidl_typesupport_fastrtps_cppExport.cmake
[9.738s] -- Installing: /home/liror/ros2_ws/install/rosidl_tutorials_msgs/share/rosidl_tutorials_msgs/cmake/export_rosidl_tutorials_msgs__rosidl_typesupport_fastrtps_cppExport-noconfig.cmake
[9.738s] -- Installing: /home/liror/ros2_ws/install/rosidl_tutorials_msgs/share/rosidl_tutorials_msgs/cmake/rosidl_tutorials_msgs__rosidl_typesupport_introspection_cppExport.cmake
[9.739s] -- Installing: /home/liror/ros2_ws/install/rosidl_tutorials_msgs/share/rosidl_tutorials_msgs/cmake/rosidl_tutorials_msgs__rosidl_typesupport_introspection_cppExport-noconfig.cmake
[9.739s] -- Installing: /home/liror/ros2_ws/install/rosidl_tutorials_msgs/share/rosidl_tutorials_msgs/cmake/rosidl_tutorials_msgs__rosidl_typesupport_cppExport.cmake
[9.739s] -- Installing: /home/liror/ros2_ws/install/rosidl_tutorials_msgs/share/rosidl_tutorials_msgs/cmake/rosidl_tutorials_msgs__rosidl_typesupport_cppExport-noconfig.cmake
[9.740s] -- Installing: /home/liror/ros2_ws/install/rosidl_tutorials_msgs/share/rosidl_tutorials_msgs/cmake/export_rosidl_tutorials_msgs__rosidl_generator_pyExport.cmake
[9.740s] -- Installing: /home/liror/ros2_ws/install/rosidl_tutorials_msgs/share/rosidl_tutorials_msgs/cmake/export_rosidl_tutorials_msgs__rosidl_generator_pyExport-noconfig.cmake
[9.740s] -- Installing: /home/liror/ros2_ws/install/rosidl_tutorials_msgs/share/rosidl_tutorials_msgs/cmake/rosidl_cmake-extras.cmake
[9.740s] -- Installing: /home/liror/ros2_ws/install/rosidl_tutorials_msgs/share/rosidl_tutorials_msgs/cmake/ament_cmake_export_include_directories-extras.cmake
[9.740s] -- Installing: /home/liror/ros2_ws/install/rosidl_tutorials_msgs/share/rosidl_tutorials_msgs/cmake/ament_cmake_export_libraries-extras.cmake
[9.740s] -- Installing: /home/liror/ros2_ws/install/rosidl_tutorials_msgs/share/rosidl_tutorials_msgs/cmake/ament_cmake_export_targets-extras.cmake
[9.741s] -- Installing: /home/liror/ros2_ws/install/rosidl_tutorials_msgs/share/rosidl_tutorials_msgs/cmake/rosidl_cmake_export_typesupport_targets-extras.cmake
[9.741s] -- Installing: /home/liror/ros2_ws/install/rosidl_tutorials_msgs/share/rosidl_tutorials_msgs/cmake/ament_cmake_export_dependencies-extras.cmake
[9.741s] -- Installing: /home/liror/ros2_ws/install/rosidl_tutorials_msgs/share/rosidl_tutorials_msgs/cmake/rosidl_cmake_export_typesupport_libraries-extras.cmake
[9.741s] -- Installing: /home/liror/ros2_ws/install/rosidl_tutorials_msgs/share/rosidl_tutorials_msgs/cmake/rosidl_tutorials_msgsConfig.cmake
[9.741s] -- Installing: /home/liror/ros2_ws/install/rosidl_tutorials_msgs/share/rosidl_tutorials_msgs/cmake/rosidl_tutorials_msgsConfig-version.cmake
[9.741s] -- Installing: /home/liror/ros2_ws/install/rosidl_tutorials_msgs/share/rosidl_tutorials_msgs/package.xml
[9.744s] Invoked command in '/home/liror/ros2_ws/build/rosidl_tutorials_msgs' returned '0': CMAKE_PREFIX_PATH=${CMAKE_PREFIX_PATH}:/opt/ros/jazzy DEBUGINFOD_URLS=https://debuginfod.ubuntu.com /usr/bin/cmake --install /home/liror/ros2_ws/build/rosidl_tutorials_msgs
