[0.008s] Invoking command in '/home/liror/ros2_ws/build/cpp_srvcli': CMAKE_PREFIX_PATH=${CMAKE_PREFIX_PATH}:/opt/ros/jazzy DEBUGINFOD_URLS=https://debuginfod.ubuntu.com /usr/bin/cmake /home/liror/ros2_ws/src/cpp_srvcli -DCMAKE_INSTALL_PREFIX=/home/liror/ros2_ws/install/cpp_srvcli
[0.051s] -- The C compiler identification is GNU 13.3.0
[0.094s] -- The CXX compiler identification is GNU 13.3.0
[0.108s] -- Detecting C compiler ABI info
[0.178s] -- Detecting C compiler ABI info - done
[0.184s] -- Check for working C compiler: /usr/bin/cc - skipped
[0.184s] -- Detecting C compile features
[0.185s] -- Detecting C compile features - done
[0.192s] -- Detecting CXX compiler ABI info
[0.279s] -- Detecting CXX compiler ABI info - done
[0.285s] -- Check for working CXX compiler: /usr/bin/c++ - skipped
[0.285s] -- Detecting CXX compile features
[0.285s] -- Detecting CXX compile features - done
[0.288s] -- Found ament_cmake: 2.5.3 (/opt/ros/jazzy/share/ament_cmake/cmake)
[0.400s] -- Found Python3: /usr/bin/python3 (found version "3.12.3") found components: Interpreter 
[0.480s] -- Found rclcpp: 28.1.8 (/opt/ros/jazzy/share/rclcpp/cmake)
[0.508s] -- Found rosidl_generator_c: 4.6.5 (/opt/ros/jazzy/share/rosidl_generator_c/cmake)
[0.518s] -- Found rosidl_generator_cpp: 4.6.5 (/opt/ros/jazzy/share/rosidl_generator_cpp/cmake)
[0.527s] -- Using all available rosidl_typesupport_c: rosidl_typesupport_fastrtps_c;rosidl_typesupport_introspection_c
[0.540s] -- Using all available rosidl_typesupport_cpp: rosidl_typesupport_fastrtps_cpp;rosidl_typesupport_introspection_cpp
[0.595s] -- Found rmw_implementation_cmake: 7.3.2 (/opt/ros/jazzy/share/rmw_implementation_cmake/cmake)
[0.597s] -- Found rmw_fastrtps_cpp: 8.4.2 (/opt/ros/jazzy/share/rmw_fastrtps_cpp/cmake)
[0.658s] -- Found OpenSSL: /usr/lib/x86_64-linux-gnu/libcrypto.so (found version "3.0.13")  
[0.672s] -- Found FastRTPS: /opt/ros/jazzy/include (Required is at least version "2.13") 
[0.690s] -- Using RMW implementation 'rmw_fastrtps_cpp' as default
[0.750s] -- Found example_interfaces: 0.12.0 (/opt/ros/jazzy/share/example_interfaces/cmake)
[0.876s] -- Configuring done (0.9s)
[0.886s] -- Generating done (0.0s)
[0.890s] -- Build files have been written to: /home/liror/ros2_ws/build/cpp_srvcli
[0.898s] Invoked command in '/home/liror/ros2_ws/build/cpp_srvcli' returned '0': CMAKE_PREFIX_PATH=${CMAKE_PREFIX_PATH}:/opt/ros/jazzy DEBUGINFOD_URLS=https://debuginfod.ubuntu.com /usr/bin/cmake /home/liror/ros2_ws/src/cpp_srvcli -DCMAKE_INSTALL_PREFIX=/home/liror/ros2_ws/install/cpp_srvcli
[0.899s] Invoking command in '/home/liror/ros2_ws/build/cpp_srvcli': CMAKE_PREFIX_PATH=${CMAKE_PREFIX_PATH}:/opt/ros/jazzy DEBUGINFOD_URLS=https://debuginfod.ubuntu.com /usr/bin/cmake --build /home/liror/ros2_ws/build/cpp_srvcli -- -j2 -l2
[0.943s] [ 50%] [32mBuilding CXX object CMakeFiles/server.dir/src/add_two_ints_server.cpp.o[0m
[0.943s] [ 50%] [32mBuilding CXX object CMakeFiles/client.dir/src/add_two_ints_client.cpp.o[0m
[5.172s] [ 75%] [32m[1mLinking CXX executable server[0m
[5.223s] [100%] [32m[1mLinking CXX executable client[0m
[5.340s] [100%] Built target server
[5.369s] [100%] Built target client
[5.389s] Invoked command in '/home/liror/ros2_ws/build/cpp_srvcli' returned '0': CMAKE_PREFIX_PATH=${CMAKE_PREFIX_PATH}:/opt/ros/jazzy DEBUGINFOD_URLS=https://debuginfod.ubuntu.com /usr/bin/cmake --build /home/liror/ros2_ws/build/cpp_srvcli -- -j2 -l2
[5.403s] Invoking command in '/home/liror/ros2_ws/build/cpp_srvcli': CMAKE_PREFIX_PATH=${CMAKE_PREFIX_PATH}:/opt/ros/jazzy DEBUGINFOD_URLS=https://debuginfod.ubuntu.com /usr/bin/cmake --install /home/liror/ros2_ws/build/cpp_srvcli
[5.413s] -- Install configuration: ""
[5.414s] -- Installing: /home/liror/ros2_ws/install/cpp_srvcli/lib/cpp_srvcli/server
[5.414s] -- Set non-toolchain portion of runtime path of "/home/liror/ros2_ws/install/cpp_srvcli/lib/cpp_srvcli/server" to ""
[5.415s] -- Installing: /home/liror/ros2_ws/install/cpp_srvcli/lib/cpp_srvcli/client
[5.415s] -- Set non-toolchain portion of runtime path of "/home/liror/ros2_ws/install/cpp_srvcli/lib/cpp_srvcli/client" to ""
[5.415s] -- Installing: /home/liror/ros2_ws/install/cpp_srvcli/share/ament_index/resource_index/package_run_dependencies/cpp_srvcli
[5.415s] -- Installing: /home/liror/ros2_ws/install/cpp_srvcli/share/ament_index/resource_index/parent_prefix_path/cpp_srvcli
[5.416s] -- Installing: /home/liror/ros2_ws/install/cpp_srvcli/share/cpp_srvcli/environment/ament_prefix_path.sh
[5.416s] -- Installing: /home/liror/ros2_ws/install/cpp_srvcli/share/cpp_srvcli/environment/ament_prefix_path.dsv
[5.416s] -- Installing: /home/liror/ros2_ws/install/cpp_srvcli/share/cpp_srvcli/environment/path.sh
[5.416s] -- Installing: /home/liror/ros2_ws/install/cpp_srvcli/share/cpp_srvcli/environment/path.dsv
[5.416s] -- Installing: /home/liror/ros2_ws/install/cpp_srvcli/share/cpp_srvcli/local_setup.bash
[5.416s] -- Installing: /home/liror/ros2_ws/install/cpp_srvcli/share/cpp_srvcli/local_setup.sh
[5.417s] -- Installing: /home/liror/ros2_ws/install/cpp_srvcli/share/cpp_srvcli/local_setup.zsh
[5.417s] -- Installing: /home/liror/ros2_ws/install/cpp_srvcli/share/cpp_srvcli/local_setup.dsv
[5.418s] -- Installing: /home/liror/ros2_ws/install/cpp_srvcli/share/cpp_srvcli/package.dsv
[5.418s] -- Installing: /home/liror/ros2_ws/install/cpp_srvcli/share/ament_index/resource_index/packages/cpp_srvcli
[5.418s] -- Installing: /home/liror/ros2_ws/install/cpp_srvcli/share/cpp_srvcli/cmake/cpp_srvcliConfig.cmake
[5.419s] -- Installing: /home/liror/ros2_ws/install/cpp_srvcli/share/cpp_srvcli/cmake/cpp_srvcliConfig-version.cmake
[5.419s] -- Installing: /home/liror/ros2_ws/install/cpp_srvcli/share/cpp_srvcli/package.xml
[5.420s] Invoked command in '/home/liror/ros2_ws/build/cpp_srvcli' returned '0': CMAKE_PREFIX_PATH=${CMAKE_PREFIX_PATH}:/opt/ros/jazzy DEBUGINFOD_URLS=https://debuginfod.ubuntu.com /usr/bin/cmake --install /home/liror/ros2_ws/build/cpp_srvcli
