[0.009s] Invoking command in '/home/liror/ros2_ws/build/polygon_base': CMAKE_PREFIX_PATH=${CMAKE_PREFIX_PATH}:/opt/ros/jazzy DEBUGINFOD_URLS=https://debuginfod.ubuntu.com /usr/bin/cmake /home/liror/ros2_ws/src/polygon_base -DCMAKE_INSTALL_PREFIX=/home/liror/ros2_ws/install/polygon_base
[0.053s] -- The C compiler identification is GNU 13.3.0
[0.095s] -- The CXX compiler identification is GNU 13.3.0
[0.109s] -- Detecting C compiler ABI info
[0.179s] -- Detecting C compiler ABI info - done
[0.186s] -- Check for working C compiler: /usr/bin/cc - skipped
[0.186s] -- Detecting C compile features
[0.186s] -- Detecting C compile features - done
[0.193s] -- Detecting CXX compiler ABI info
[0.280s] -- Detecting CXX compiler ABI info - done
[0.284s] -- Check for working CXX compiler: /usr/bin/c++ - skipped
[0.284s] -- Detecting CXX compile features
[0.285s] -- Detecting CXX compile features - done
[0.286s] -- Found ament_cmake: 2.5.3 (/opt/ros/jazzy/share/ament_cmake/cmake)
[0.394s] -- Found Python3: /usr/bin/python3 (found version "3.12.3") found components: Interpreter 
[0.476s] -- Found pluginlib: 5.4.2 (/opt/ros/jazzy/share/pluginlib/cmake)
[0.517s] -- Found TinyXML2 via Config file: /usr/lib/x86_64-linux-gnu/cmake/tinyxml2
[0.521s] -- Found ament_lint_auto: 0.17.2 (/opt/ros/jazzy/share/ament_lint_auto/cmake)
[0.602s] -- Added test 'cppcheck' to perform static code analysis on C / C++ code
[0.602s] -- Configured cppcheck include dirs: $<BUILD_INTERFACE:/home/liror/ros2_ws/src/polygon_base/include>
[0.602s] -- Configured cppcheck exclude dirs and/or files: 
[0.602s] -- Added test 'lint_cmake' to check CMake code style
[0.603s] -- Added test 'uncrustify' to check C / C++ code style
[0.603s] -- Configured uncrustify additional arguments: 
[0.604s] -- Added test 'xmllint' to check XML markup files
[0.605s] -- Configuring done (0.6s)
[0.610s] -- Generating done (0.0s)
[0.611s] -- Build files have been written to: /home/liror/ros2_ws/build/polygon_base
[0.616s] Invoked command in '/home/liror/ros2_ws/build/polygon_base' returned '0': CMAKE_PREFIX_PATH=${CMAKE_PREFIX_PATH}:/opt/ros/jazzy DEBUGINFOD_URLS=https://debuginfod.ubuntu.com /usr/bin/cmake /home/liror/ros2_ws/src/polygon_base -DCMAKE_INSTALL_PREFIX=/home/liror/ros2_ws/install/polygon_base
[0.618s] Invoking command in '/home/liror/ros2_ws/build/polygon_base': CMAKE_PREFIX_PATH=${CMAKE_PREFIX_PATH}:/opt/ros/jazzy DEBUGINFOD_URLS=https://debuginfod.ubuntu.com /usr/bin/cmake --build /home/liror/ros2_ws/build/polygon_base -- -j2 -l2
[0.656s] [ 50%] [32mBuilding CXX object CMakeFiles/area_node.dir/src/area_node.cpp.o[0m
[3.090s] [100%] [32m[1mLinking CXX executable area_node[0m
[3.182s] [100%] Built target area_node
[3.193s] Invoked command in '/home/liror/ros2_ws/build/polygon_base' returned '0': CMAKE_PREFIX_PATH=${CMAKE_PREFIX_PATH}:/opt/ros/jazzy DEBUGINFOD_URLS=https://debuginfod.ubuntu.com /usr/bin/cmake --build /home/liror/ros2_ws/build/polygon_base -- -j2 -l2
[3.200s] Invoking command in '/home/liror/ros2_ws/build/polygon_base': CMAKE_PREFIX_PATH=${CMAKE_PREFIX_PATH}:/opt/ros/jazzy DEBUGINFOD_URLS=https://debuginfod.ubuntu.com /usr/bin/cmake --install /home/liror/ros2_ws/build/polygon_base
[3.207s] -- Install configuration: ""
[3.208s] -- Installing: /home/liror/ros2_ws/install/polygon_base/lib/polygon_base/area_node
[3.209s] -- Set non-toolchain portion of runtime path of "/home/liror/ros2_ws/install/polygon_base/lib/polygon_base/area_node" to ""
[3.209s] -- Installing: /home/liror/ros2_ws/install/polygon_base/include
[3.209s] -- Installing: /home/liror/ros2_ws/install/polygon_base/include/polygon_base
[3.209s] -- Installing: /home/liror/ros2_ws/install/polygon_base/include/polygon_base/regular_polygon.hpp
[3.209s] -- Installing: /home/liror/ros2_ws/install/polygon_base/share/ament_index/resource_index/package_run_dependencies/polygon_base
[3.209s] -- Installing: /home/liror/ros2_ws/install/polygon_base/share/ament_index/resource_index/parent_prefix_path/polygon_base
[3.209s] -- Installing: /home/liror/ros2_ws/install/polygon_base/share/polygon_base/environment/ament_prefix_path.sh
[3.209s] -- Installing: /home/liror/ros2_ws/install/polygon_base/share/polygon_base/environment/ament_prefix_path.dsv
[3.210s] -- Installing: /home/liror/ros2_ws/install/polygon_base/share/polygon_base/environment/path.sh
[3.210s] -- Installing: /home/liror/ros2_ws/install/polygon_base/share/polygon_base/environment/path.dsv
[3.210s] -- Installing: /home/liror/ros2_ws/install/polygon_base/share/polygon_base/local_setup.bash
[3.210s] -- Installing: /home/liror/ros2_ws/install/polygon_base/share/polygon_base/local_setup.sh
[3.210s] -- Installing: /home/liror/ros2_ws/install/polygon_base/share/polygon_base/local_setup.zsh
[3.210s] -- Installing: /home/liror/ros2_ws/install/polygon_base/share/polygon_base/local_setup.dsv
[3.211s] -- Installing: /home/liror/ros2_ws/install/polygon_base/share/polygon_base/package.dsv
[3.211s] -- Installing: /home/liror/ros2_ws/install/polygon_base/share/ament_index/resource_index/packages/polygon_base
[3.211s] -- Installing: /home/liror/ros2_ws/install/polygon_base/share/polygon_base/cmake/ament_cmake_export_include_directories-extras.cmake
[3.211s] -- Installing: /home/liror/ros2_ws/install/polygon_base/share/polygon_base/cmake/polygon_baseConfig.cmake
[3.212s] -- Installing: /home/liror/ros2_ws/install/polygon_base/share/polygon_base/cmake/polygon_baseConfig-version.cmake
[3.212s] -- Installing: /home/liror/ros2_ws/install/polygon_base/share/polygon_base/package.xml
[3.214s] Invoked command in '/home/liror/ros2_ws/build/polygon_base' returned '0': CMAKE_PREFIX_PATH=${CMAKE_PREFIX_PATH}:/opt/ros/jazzy DEBUGINFOD_URLS=https://debuginfod.ubuntu.com /usr/bin/cmake --install /home/liror/ros2_ws/build/polygon_base
