[0.010s] Invoking command in '/home/liror/ros2_ws/build/my_package': CMAKE_PREFIX_PATH=${CMAKE_PREFIX_PATH}:/opt/ros/jazzy DEBUGINFOD_URLS=https://debuginfod.ubuntu.com /usr/bin/cmake /home/liror/ros2_ws/src/my_package -DCMAKE_INSTALL_PREFIX=/home/liror/ros2_ws/install/my_package
[0.060s] -- The C compiler identification is GNU 13.3.0
[0.152s] -- The CXX compiler identification is GNU 13.3.0
[0.164s] -- Detecting C compiler ABI info
[0.248s] -- Detecting C compiler ABI info - done
[0.256s] -- Check for working C compiler: /usr/bin/cc - skipped
[0.257s] -- Detecting C compile features
[0.258s] -- Detecting C compile features - done
[0.267s] -- Detecting CXX compiler ABI info
[0.361s] -- Detecting CXX compiler ABI info - done
[0.371s] -- Check for working CXX compiler: /usr/bin/c++ - skipped
[0.371s] -- Detecting CXX compile features
[0.371s] -- Detecting CXX compile features - done
[0.373s] -- Found ament_cmake: 2.5.3 (/opt/ros/jazzy/share/ament_cmake/cmake)
[0.527s] -- Found Python3: /usr/bin/python3 (found version "3.12.3") found components: Interpreter 
[0.638s] -- Found ament_lint_auto: 0.17.2 (/opt/ros/jazzy/share/ament_lint_auto/cmake)
[0.737s] -- Added test 'cppcheck' to perform static code analysis on C / C++ code
[0.737s] -- Configured cppcheck include dirs: $<BUILD_INTERFACE:/home/liror/ros2_ws/src/my_package/include>
[0.738s] -- Configured cppcheck exclude dirs and/or files: 
[0.738s] -- Added test 'lint_cmake' to check CMake code style
[0.739s] -- Added test 'uncrustify' to check C / C++ code style
[0.739s] -- Configured uncrustify additional arguments: 
[0.740s] -- Added test 'xmllint' to check XML markup files
[0.741s] -- Configuring done (0.7s)
[0.745s] -- Generating done (0.0s)
[0.747s] -- Build files have been written to: /home/liror/ros2_ws/build/my_package
[0.754s] Invoked command in '/home/liror/ros2_ws/build/my_package' returned '0': CMAKE_PREFIX_PATH=${CMAKE_PREFIX_PATH}:/opt/ros/jazzy DEBUGINFOD_URLS=https://debuginfod.ubuntu.com /usr/bin/cmake /home/liror/ros2_ws/src/my_package -DCMAKE_INSTALL_PREFIX=/home/liror/ros2_ws/install/my_package
[0.754s] Invoking command in '/home/liror/ros2_ws/build/my_package': CMAKE_PREFIX_PATH=${CMAKE_PREFIX_PATH}:/opt/ros/jazzy DEBUGINFOD_URLS=https://debuginfod.ubuntu.com /usr/bin/cmake --build /home/liror/ros2_ws/build/my_package -- -j2 -l2
[0.797s] [ 50%] [32mBuilding CXX object CMakeFiles/my_node.dir/src/my_node.cpp.o[0m
[0.826s] [100%] [32m[1mLinking CXX executable my_node[0m
[0.869s] [100%] Built target my_node
[0.879s] Invoked command in '/home/liror/ros2_ws/build/my_package' returned '0': CMAKE_PREFIX_PATH=${CMAKE_PREFIX_PATH}:/opt/ros/jazzy DEBUGINFOD_URLS=https://debuginfod.ubuntu.com /usr/bin/cmake --build /home/liror/ros2_ws/build/my_package -- -j2 -l2
[0.890s] Invoking command in '/home/liror/ros2_ws/build/my_package': CMAKE_PREFIX_PATH=${CMAKE_PREFIX_PATH}:/opt/ros/jazzy DEBUGINFOD_URLS=https://debuginfod.ubuntu.com /usr/bin/cmake --install /home/liror/ros2_ws/build/my_package
[0.897s] -- Install configuration: ""
[0.897s] -- Installing: /home/liror/ros2_ws/install/my_package/lib/my_package/my_node
[0.899s] -- Installing: /home/liror/ros2_ws/install/my_package/share/ament_index/resource_index/package_run_dependencies/my_package
[0.899s] -- Installing: /home/liror/ros2_ws/install/my_package/share/ament_index/resource_index/parent_prefix_path/my_package
[0.899s] -- Installing: /home/liror/ros2_ws/install/my_package/share/my_package/environment/ament_prefix_path.sh
[0.899s] -- Installing: /home/liror/ros2_ws/install/my_package/share/my_package/environment/ament_prefix_path.dsv
[0.899s] -- Installing: /home/liror/ros2_ws/install/my_package/share/my_package/environment/path.sh
[0.899s] -- Installing: /home/liror/ros2_ws/install/my_package/share/my_package/environment/path.dsv
[0.899s] -- Installing: /home/liror/ros2_ws/install/my_package/share/my_package/local_setup.bash
[0.899s] -- Installing: /home/liror/ros2_ws/install/my_package/share/my_package/local_setup.sh
[0.900s] -- Installing: /home/liror/ros2_ws/install/my_package/share/my_package/local_setup.zsh
[0.900s] -- Installing: /home/liror/ros2_ws/install/my_package/share/my_package/local_setup.dsv
[0.900s] -- Installing: /home/liror/ros2_ws/install/my_package/share/my_package/package.dsv
[0.900s] -- Installing: /home/liror/ros2_ws/install/my_package/share/ament_index/resource_index/packages/my_package
[0.900s] -- Installing: /home/liror/ros2_ws/install/my_package/share/my_package/cmake/my_packageConfig.cmake
[0.900s] -- Installing: /home/liror/ros2_ws/install/my_package/share/my_package/cmake/my_packageConfig-version.cmake
[0.900s] -- Installing: /home/liror/ros2_ws/install/my_package/share/my_package/package.xml
[0.901s] Invoked command in '/home/liror/ros2_ws/build/my_package' returned '0': CMAKE_PREFIX_PATH=${CMAKE_PREFIX_PATH}:/opt/ros/jazzy DEBUGINFOD_URLS=https://debuginfod.ubuntu.com /usr/bin/cmake --install /home/liror/ros2_ws/build/my_package
