[0.692s] Invoking command in '/home/liror/ros2_ws/src/python_parameters': DEBUGINFOD_URLS=https://debuginfod.ubuntu.com PYTHONPATH=/home/liror/ros2_ws/build/python_parameters/prefix_override:/usr/lib/python3/dist-packages/colcon_core/task/python/colcon_distutils_commands:/home/liror/ros2_ws/install/python_parameters/lib/python3.12/site-packages:${PYTHONPATH} /usr/bin/python3 -W ignore:setup.py install is deprecated -W ignore:easy_install command is deprecated setup.py egg_info --egg-base ../../build/python_parameters build --build-base /home/liror/ros2_ws/build/python_parameters/build install --record /home/liror/ros2_ws/build/python_parameters/install.log --single-version-externally-managed install_data
[1.089s] running egg_info
[1.116s] writing ../../build/python_parameters/python_parameters.egg-info/PKG-INFO
[1.116s] writing dependency_links to ../../build/python_parameters/python_parameters.egg-info/dependency_links.txt
[1.120s] writing entry points to ../../build/python_parameters/python_parameters.egg-info/entry_points.txt
[1.120s] writing requirements to ../../build/python_parameters/python_parameters.egg-info/requires.txt
[1.120s] writing top-level names to ../../build/python_parameters/python_parameters.egg-info/top_level.txt
[1.178s] reading manifest file '../../build/python_parameters/python_parameters.egg-info/SOURCES.txt'
[1.178s] adding license file 'LICENSE'
[1.178s] writing manifest file '../../build/python_parameters/python_parameters.egg-info/SOURCES.txt'
[1.178s] running build
[1.183s] running build_py
[1.183s] running install
[1.190s] running install_lib
[1.221s] running install_data
[1.224s] creating /home/liror/ros2_ws/install/python_parameters/share/python_parameters/launch
[1.224s] copying launch/python_parameters_launch.py -> /home/liror/ros2_ws/install/python_parameters/share/python_parameters/launch
[1.228s] running install_egg_info
[1.269s] removing '/home/liror/ros2_ws/install/python_parameters/lib/python3.12/site-packages/python_parameters-0.0.0-py3.12.egg-info' (and everything under it)
[1.273s] Copying ../../build/python_parameters/python_parameters.egg-info to /home/liror/ros2_ws/install/python_parameters/lib/python3.12/site-packages/python_parameters-0.0.0-py3.12.egg-info
[1.274s] running install_scripts
[1.432s] Installing minimal_param_node script to /home/liror/ros2_ws/install/python_parameters/lib/python_parameters
[1.433s] writing list of installed files to '/home/liror/ros2_ws/build/python_parameters/install.log'
[1.477s] Invoked command in '/home/liror/ros2_ws/src/python_parameters' returned '0': DEBUGINFOD_URLS=https://debuginfod.ubuntu.com PYTHONPATH=/home/liror/ros2_ws/build/python_parameters/prefix_override:/usr/lib/python3/dist-packages/colcon_core/task/python/colcon_distutils_commands:/home/liror/ros2_ws/install/python_parameters/lib/python3.12/site-packages:${PYTHONPATH} /usr/bin/python3 -W ignore:setup.py install is deprecated -W ignore:easy_install command is deprecated setup.py egg_info --egg-base ../../build/python_parameters build --build-base /home/liror/ros2_ws/build/python_parameters/build install --record /home/liror/ros2_ws/build/python_parameters/install.log --single-version-externally-managed install_data
