[0.019s] Invoking command in '/home/liror/ros2_ws/build/rosidl_tutorials_msgs': CMAKE_PREFIX_PATH=${CMAKE_PREFIX_PATH}:/opt/ros/jazzy DEBUGINFOD_URLS=https://debuginfod.ubuntu.com /usr/bin/cmake /home/liror/ros2_ws/src/rosidl_tutorials_msgs -DCMAKE_INSTALL_PREFIX=/home/liror/ros2_ws/install/rosidl_tutorials_msgs
[0.343s] -- The C compiler identification is GNU 13.3.0
[0.537s] -- The CXX compiler identification is GNU 13.3.0
[0.584s] -- Detecting C compiler ABI info
[0.783s] -- Detecting C compiler ABI info - done
[0.792s] -- Check for working C compiler: /usr/bin/cc - skipped
[0.795s] -- Detecting C compile features
[0.797s] -- Detecting C compile features - done
[0.816s] -- Detecting CXX compiler ABI info
[1.029s] -- Detecting CXX compiler ABI info - done
[1.054s] -- Check for working CXX compiler: /usr/bin/c++ - skipped
[1.054s] -- Detecting CXX compile features
[1.056s] -- Detecting CXX compile features - done
[1.080s] -- Found ament_cmake: 2.5.3 (/opt/ros/jazzy/share/ament_cmake/cmake)
[1.248s] -- Found Python3: /usr/bin/python3 (found version "3.12.3") found components: Interpreter 
[1.406s] -- Found rosidl_default_generators: 1.6.0 (/opt/ros/jazzy/share/rosidl_default_generators/cmake)
[1.417s] -- Using all available rosidl_typesupport_c: rosidl_typesupport_fastrtps_c;rosidl_typesupport_introspection_c
[1.495s] -- Using all available rosidl_typesupport_cpp: rosidl_typesupport_fastrtps_cpp;rosidl_typesupport_introspection_cpp
[1.575s] -- Found rosidl_adapter: 4.6.5 (/opt/ros/jazzy/share/rosidl_adapter/cmake)
[1.583s] [31mCMake Error at /opt/ros/jazzy/share/rosidl_cmake/cmake/rosidl_generate_interfaces.cmake:95 (message):
[1.583s]   rosidl_generate_interfaces() the passed file 'msg/Contact.msg' doesn't
[1.585s]   exist relative to the CMAKE_CURRENT_SOURCE_DIR
[1.585s]   '/home/liror/ros2_ws/src/rosidl_tutorials_msgs'
[1.585s] Call Stack (most recent call first):
[1.585s]   CMakeLists.txt:12 (rosidl_generate_interfaces)
[1.585s] 
[1.585s] [0m
[1.585s] -- Configuring incomplete, errors occurred!
[1.592s] Invoked command in '/home/liror/ros2_ws/build/rosidl_tutorials_msgs' returned '1': CMAKE_PREFIX_PATH=${CMAKE_PREFIX_PATH}:/opt/ros/jazzy DEBUGINFOD_URLS=https://debuginfod.ubuntu.com /usr/bin/cmake /home/liror/ros2_ws/src/rosidl_tutorials_msgs -DCMAKE_INSTALL_PREFIX=/home/liror/ros2_ws/install/rosidl_tutorials_msgs
