[0.016s] Invoking command in '/home/liror/ros2_ws/build/cpp_parameters': CMAKE_PREFIX_PATH=${CMAKE_PREFIX_PATH}:/opt/ros/jazzy DEBUGINFOD_URLS=https://debuginfod.ubuntu.com /usr/bin/cmake /home/liror/ros2_ws/src/cpp_parameters -DCMAKE_INSTALL_PREFIX=/home/liror/ros2_ws/install/cpp_parameters
[0.219s] -- The C compiler identification is GNU 13.3.0
[0.349s] -- The CXX compiler identification is GNU 13.3.0
[0.376s] -- Detecting C compiler ABI info
[0.468s] -- Detecting C compiler ABI info - done
[0.477s] -- Check for working C compiler: /usr/bin/cc - skipped
[0.478s] -- Detecting C compile features
[0.479s] -- Detecting C compile features - done
[0.492s] -- Detecting CXX compiler ABI info
[0.576s] -- Detecting CXX compiler ABI info - done
[0.582s] -- Check for working CXX compiler: /usr/bin/c++ - skipped
[0.582s] -- Detecting CXX compile features
[0.583s] -- Detecting CXX compile features - done
[0.599s] -- Found ament_cmake: 2.5.3 (/opt/ros/jazzy/share/ament_cmake/cmake)
[0.720s] -- Found Python3: /usr/bin/python3 (found version "3.12.3") found components: Interpreter 
[0.845s] -- Found rclcpp: 28.1.8 (/opt/ros/jazzy/share/rclcpp/cmake)
[0.923s] -- Found rosidl_generator_c: 4.6.5 (/opt/ros/jazzy/share/rosidl_generator_c/cmake)
[0.942s] -- Found rosidl_generator_cpp: 4.6.5 (/opt/ros/jazzy/share/rosidl_generator_cpp/cmake)
[0.961s] -- Using all available rosidl_typesupport_c: rosidl_typesupport_fastrtps_c;rosidl_typesupport_introspection_c
[0.984s] -- Using all available rosidl_typesupport_cpp: rosidl_typesupport_fastrtps_cpp;rosidl_typesupport_introspection_cpp
[1.093s] -- Found rmw_implementation_cmake: 7.3.2 (/opt/ros/jazzy/share/rmw_implementation_cmake/cmake)
[1.097s] -- Found rmw_fastrtps_cpp: 8.4.2 (/opt/ros/jazzy/share/rmw_fastrtps_cpp/cmake)
[1.191s] -- Found OpenSSL: /usr/lib/x86_64-linux-gnu/libcrypto.so (found version "3.0.13")  
[1.213s] -- Found FastRTPS: /opt/ros/jazzy/include (Required is at least version "2.13") 
[1.234s] -- Using RMW implementation 'rmw_fastrtps_cpp' as default
[1.352s] -- Found ament_lint_auto: 0.17.2 (/opt/ros/jazzy/share/ament_lint_auto/cmake)
[1.460s] -- Added test 'cppcheck' to perform static code analysis on C / C++ code
[1.460s] -- Configured cppcheck include dirs: 
[1.460s] -- Configured cppcheck exclude dirs and/or files: 
[1.461s] -- Added test 'lint_cmake' to check CMake code style
[1.462s] -- Added test 'uncrustify' to check C / C++ code style
[1.462s] -- Configured uncrustify additional arguments: 
[1.463s] -- Added test 'xmllint' to check XML markup files
[1.465s] -- Configuring done (1.4s)
[1.473s] -- Generating done (0.0s)
[1.479s] -- Build files have been written to: /home/liror/ros2_ws/build/cpp_parameters
[1.485s] Invoked command in '/home/liror/ros2_ws/build/cpp_parameters' returned '0': CMAKE_PREFIX_PATH=${CMAKE_PREFIX_PATH}:/opt/ros/jazzy DEBUGINFOD_URLS=https://debuginfod.ubuntu.com /usr/bin/cmake /home/liror/ros2_ws/src/cpp_parameters -DCMAKE_INSTALL_PREFIX=/home/liror/ros2_ws/install/cpp_parameters
[1.486s] Invoking command in '/home/liror/ros2_ws/build/cpp_parameters': CMAKE_PREFIX_PATH=${CMAKE_PREFIX_PATH}:/opt/ros/jazzy DEBUGINFOD_URLS=https://debuginfod.ubuntu.com /usr/bin/cmake --build /home/liror/ros2_ws/build/cpp_parameters -- -j2 -l2
[1.528s] [ 50%] [32mBuilding CXX object CMakeFiles/minimal_param_node.dir/src/cpp_parameters_node.cpp.o[0m
[5.018s] [100%] [32m[1mLinking CXX executable minimal_param_node[0m
[5.160s] [100%] Built target minimal_param_node
[5.176s] Invoked command in '/home/liror/ros2_ws/build/cpp_parameters' returned '0': CMAKE_PREFIX_PATH=${CMAKE_PREFIX_PATH}:/opt/ros/jazzy DEBUGINFOD_URLS=https://debuginfod.ubuntu.com /usr/bin/cmake --build /home/liror/ros2_ws/build/cpp_parameters -- -j2 -l2
[5.185s] Invoking command in '/home/liror/ros2_ws/build/cpp_parameters': CMAKE_PREFIX_PATH=${CMAKE_PREFIX_PATH}:/opt/ros/jazzy DEBUGINFOD_URLS=https://debuginfod.ubuntu.com /usr/bin/cmake --install /home/liror/ros2_ws/build/cpp_parameters
[5.193s] -- Install configuration: ""
[5.193s] -- Installing: /home/liror/ros2_ws/install/cpp_parameters/lib/cpp_parameters/minimal_param_node
[5.193s] -- Set non-toolchain portion of runtime path of "/home/liror/ros2_ws/install/cpp_parameters/lib/cpp_parameters/minimal_param_node" to ""
[5.193s] -- Installing: /home/liror/ros2_ws/install/cpp_parameters/share/ament_index/resource_index/package_run_dependencies/cpp_parameters
[5.194s] -- Installing: /home/liror/ros2_ws/install/cpp_parameters/share/ament_index/resource_index/parent_prefix_path/cpp_parameters
[5.194s] -- Installing: /home/liror/ros2_ws/install/cpp_parameters/share/cpp_parameters/environment/ament_prefix_path.sh
[5.194s] -- Installing: /home/liror/ros2_ws/install/cpp_parameters/share/cpp_parameters/environment/ament_prefix_path.dsv
[5.194s] -- Installing: /home/liror/ros2_ws/install/cpp_parameters/share/cpp_parameters/environment/path.sh
[5.195s] -- Installing: /home/liror/ros2_ws/install/cpp_parameters/share/cpp_parameters/environment/path.dsv
[5.195s] -- Installing: /home/liror/ros2_ws/install/cpp_parameters/share/cpp_parameters/local_setup.bash
[5.195s] -- Installing: /home/liror/ros2_ws/install/cpp_parameters/share/cpp_parameters/local_setup.sh
[5.195s] -- Installing: /home/liror/ros2_ws/install/cpp_parameters/share/cpp_parameters/local_setup.zsh
[5.195s] -- Installing: /home/liror/ros2_ws/install/cpp_parameters/share/cpp_parameters/local_setup.dsv
[5.195s] -- Installing: /home/liror/ros2_ws/install/cpp_parameters/share/cpp_parameters/package.dsv
[5.195s] -- Installing: /home/liror/ros2_ws/install/cpp_parameters/share/ament_index/resource_index/packages/cpp_parameters
[5.196s] -- Installing: /home/liror/ros2_ws/install/cpp_parameters/share/cpp_parameters/cmake/cpp_parametersConfig.cmake
[5.196s] -- Installing: /home/liror/ros2_ws/install/cpp_parameters/share/cpp_parameters/cmake/cpp_parametersConfig-version.cmake
[5.196s] -- Installing: /home/liror/ros2_ws/install/cpp_parameters/share/cpp_parameters/package.xml
[5.197s] Invoked command in '/home/liror/ros2_ws/build/cpp_parameters' returned '0': CMAKE_PREFIX_PATH=${CMAKE_PREFIX_PATH}:/opt/ros/jazzy DEBUGINFOD_URLS=https://debuginfod.ubuntu.com /usr/bin/cmake --install /home/liror/ros2_ws/build/cpp_parameters
