[0.020s] Invoking command in '/home/liror/ros2_ws/build/more_interfaces': CMAKE_PREFIX_PATH=${CMAKE_PREFIX_PATH}:/home/liror/ros2_ws/install/py_pubsub:/opt/ros/jazzy DEBUGINFOD_URLS=https://debuginfod.ubuntu.com /usr/bin/cmake --build /home/liror/ros2_ws/build/more_interfaces -- -j2 -l2
[0.060s] -- Found ament_cmake: 2.5.3 (/opt/ros/jazzy/share/ament_cmake/cmake)
[0.089s] -- Found Python3: /usr/bin/python3 (found version "3.12.3") found components: Interpreter 
[0.185s] -- Found rosidl_default_generators: 1.6.0 (/opt/ros/jazzy/share/rosidl_default_generators/cmake)
[0.190s] -- Using all available rosidl_typesupport_c: rosidl_typesupport_fastrtps_c;rosidl_typesupport_introspection_c
[0.224s] -- Using all available rosidl_typesupport_cpp: rosidl_typesupport_fastrtps_cpp;rosidl_typesupport_introspection_cpp
[0.254s] -- Found rosidl_adapter: 4.6.5 (/opt/ros/jazzy/share/rosidl_adapter/cmake)
[0.255s] -- Found rclcpp: 28.1.8 (/opt/ros/jazzy/share/rclcpp/cmake)
[0.332s] -- Found rmw_implementation_cmake: 7.3.2 (/opt/ros/jazzy/share/rmw_implementation_cmake/cmake)
[0.334s] -- Found rmw_fastrtps_cpp: 8.4.2 (/opt/ros/jazzy/share/rmw_fastrtps_cpp/cmake)
[0.400s] -- Using RMW implementation 'rmw_fastrtps_cpp' as default
[0.734s] -- Found ament_cmake_ros: 0.12.0 (/opt/ros/jazzy/share/ament_cmake_ros/cmake)
[0.841s] -- Using all available rosidl_typesupport_c: rosidl_typesupport_fastrtps_c;rosidl_typesupport_introspection_c
[0.978s] -- Using all available rosidl_typesupport_cpp: rosidl_typesupport_fastrtps_cpp;rosidl_typesupport_introspection_cpp
[0.979s] -- Found python_cmake_module: 0.11.1 (/opt/ros/jazzy/share/python_cmake_module/cmake)
[1.347s] -- Found Python3: /usr/bin/python3 (found version "3.12.3") found components: Interpreter Development NumPy Development.Module Development.Embed 
[1.366s] -- Configuring done (1.3s)
[1.414s] -- Generating done (0.0s)
[1.435s] -- Build files have been written to: /home/liror/ros2_ws/build/more_interfaces
[1.488s] [  2%] Built target more_interfaces__rosidl_generator_type_description
[1.503s] [  2%] Built target ament_cmake_python_copy_more_interfaces
[1.533s] [  5%] Built target more_interfaces__cpp
[1.545s] [ 19%] Built target more_interfaces__rosidl_generator_c
[1.558s] [ 22%] [34m[1mGenerating C++ type support dispatch for ROS interfaces[0m
[1.818s] running egg_info
[1.819s] creating more_interfaces.egg-info
[1.840s] [ 25%] [32mBuilding CXX object CMakeFiles/more_interfaces__rosidl_typesupport_cpp.dir/rosidl_typesupport_cpp/more_interfaces/msg/address_book__type_support.cpp.o[0m
[1.847s] writing more_interfaces.egg-info/PKG-INFO
[1.847s] writing dependency_links to more_interfaces.egg-info/dependency_links.txt
[1.848s] writing top-level names to more_interfaces.egg-info/top_level.txt
[1.848s] writing manifest file 'more_interfaces.egg-info/SOURCES.txt'
[1.912s] reading manifest file 'more_interfaces.egg-info/SOURCES.txt'
[1.912s] writing manifest file 'more_interfaces.egg-info/SOURCES.txt'
[1.958s] [ 25%] Built target ament_cmake_python_build_more_interfaces_egg
[1.974s] [ 27%] [34m[1mGenerating C type support for eProsima Fast-RTPS[0m
[2.342s] [ 30%] [32m[1mLinking CXX shared library libmore_interfaces__rosidl_typesupport_cpp.so[0m
[2.363s] [ 33%] [32mBuilding CXX object CMakeFiles/more_interfaces__rosidl_typesupport_fastrtps_c.dir/rosidl_typesupport_fastrtps_c/more_interfaces/msg/detail/address_book__type_support_c.cpp.o[0m
[2.391s] [ 33%] Built target more_interfaces__rosidl_typesupport_cpp
[2.402s] [ 36%] [34m[1mGenerating C introspection for ROS interfaces[0m
[2.806s] [ 38%] [32mBuilding C object CMakeFiles/more_interfaces__rosidl_typesupport_introspection_c.dir/rosidl_typesupport_introspection_c/more_interfaces/msg/detail/address_book__type_support.c.o[0m
[2.851s] [ 41%] [32m[1mLinking C shared library libmore_interfaces__rosidl_typesupport_introspection_c.so[0m
[2.904s] [ 41%] Built target more_interfaces__rosidl_typesupport_introspection_c
[2.918s] [ 44%] [34m[1mGenerating C type support dispatch for ROS interfaces[0m
[3.000s] [ 47%] [32m[1mLinking CXX shared library libmore_interfaces__rosidl_typesupport_fastrtps_c.so[0m
[3.084s] [ 47%] Built target more_interfaces__rosidl_typesupport_fastrtps_c
[3.096s] [ 50%] [34m[1mGenerating C++ type support for eProsima Fast-RTPS[0m
[3.264s] [ 52%] [32mBuilding CXX object CMakeFiles/more_interfaces__rosidl_typesupport_c.dir/rosidl_typesupport_c/more_interfaces/msg/address_book__type_support.cpp.o[0m
[3.332s] [ 55%] [32m[1mLinking CXX shared library libmore_interfaces__rosidl_typesupport_c.so[0m
[3.434s] [ 55%] Built target more_interfaces__rosidl_typesupport_c
[3.461s] [ 58%] [34m[1mGenerating C++ introspection for ROS interfaces[0m
[3.550s] [ 61%] [32mBuilding CXX object CMakeFiles/more_interfaces__rosidl_typesupport_fastrtps_cpp.dir/rosidl_typesupport_fastrtps_cpp/more_interfaces/msg/detail/dds_fastrtps/address_book__type_support.cpp.o[0m
[3.813s] [ 63%] [32mBuilding CXX object CMakeFiles/more_interfaces__rosidl_typesupport_introspection_cpp.dir/rosidl_typesupport_introspection_cpp/more_interfaces/msg/detail/address_book__type_support.cpp.o[0m
[4.024s] [ 66%] [32m[1mLinking CXX shared library libmore_interfaces__rosidl_typesupport_fastrtps_cpp.so[0m
[4.131s] [ 66%] Built target more_interfaces__rosidl_typesupport_fastrtps_cpp
[4.173s] [ 72%] [32mBuilding CXX object CMakeFiles/publish_address_book.dir/src/publish_address_book.cpp.o[0m
[4.174s] [ 72%] [32m[1mLinking CXX shared library libmore_interfaces__rosidl_typesupport_introspection_cpp.so[0m
[4.273s] [ 72%] Built target more_interfaces__rosidl_typesupport_introspection_cpp
[4.297s] [ 72%] Built target more_interfaces
[4.332s] [ 75%] [34m[1mGenerating Python code for ROS interfaces[0m
[4.800s] [ 75%] Built target more_interfaces__py
[4.824s] [ 77%] [32mBuilding C object CMakeFiles/more_interfaces__rosidl_generator_py.dir/rosidl_generator_py/more_interfaces/msg/_address_book_s.c.o[0m
[5.088s] [ 80%] [32m[1mLinking C shared library libmore_interfaces__rosidl_generator_py.so[0m
[5.203s] [ 80%] Built target more_interfaces__rosidl_generator_py
[5.247s] [ 83%] [32mBuilding C object CMakeFiles/more_interfaces_s__rosidl_typesupport_fastrtps_c.dir/rosidl_generator_py/more_interfaces/_more_interfaces_s.ep.rosidl_typesupport_fastrtps_c.c.o[0m
[5.444s] [ 86%] [32m[1mLinking C shared module rosidl_generator_py/more_interfaces/more_interfaces_s__rosidl_typesupport_fastrtps_c.so[0m
[5.514s] [ 86%] Built target more_interfaces_s__rosidl_typesupport_fastrtps_c
[5.562s] [ 88%] [32mBuilding C object CMakeFiles/more_interfaces_s__rosidl_typesupport_introspection_c.dir/rosidl_generator_py/more_interfaces/_more_interfaces_s.ep.rosidl_typesupport_introspection_c.c.o[0m
[5.752s] [ 91%] [32m[1mLinking C shared module rosidl_generator_py/more_interfaces/more_interfaces_s__rosidl_typesupport_introspection_c.so[0m
[5.807s] [ 91%] Built target more_interfaces_s__rosidl_typesupport_introspection_c
[5.845s] [ 94%] [32mBuilding C object CMakeFiles/more_interfaces_s__rosidl_typesupport_c.dir/rosidl_generator_py/more_interfaces/_more_interfaces_s.ep.rosidl_typesupport_c.c.o[0m
[5.994s] [ 97%] [32m[1mLinking C shared module rosidl_generator_py/more_interfaces/more_interfaces_s__rosidl_typesupport_c.so[0m
[6.049s] [ 97%] Built target more_interfaces_s__rosidl_typesupport_c
[10.033s] [100%] [32m[1mLinking CXX executable publish_address_book[0m
[10.259s] [100%] Built target publish_address_book
[10.272s] Invoked command in '/home/liror/ros2_ws/build/more_interfaces' returned '0': CMAKE_PREFIX_PATH=${CMAKE_PREFIX_PATH}:/home/liror/ros2_ws/install/py_pubsub:/opt/ros/jazzy DEBUGINFOD_URLS=https://debuginfod.ubuntu.com /usr/bin/cmake --build /home/liror/ros2_ws/build/more_interfaces -- -j2 -l2
[10.286s] Invoking command in '/home/liror/ros2_ws/build/more_interfaces': CMAKE_PREFIX_PATH=${CMAKE_PREFIX_PATH}:/home/liror/ros2_ws/install/py_pubsub:/opt/ros/jazzy DEBUGINFOD_URLS=https://debuginfod.ubuntu.com /usr/bin/cmake --install /home/liror/ros2_ws/build/more_interfaces
[10.296s] -- Install configuration: ""
[10.296s] -- Installing: /home/liror/ros2_ws/install/more_interfaces/share/ament_index/resource_index/rosidl_interfaces/more_interfaces
[10.296s] -- Installing: /home/liror/ros2_ws/install/more_interfaces/share/more_interfaces/msg/AddressBook.json
[10.297s] -- Installing: /home/liror/ros2_ws/install/more_interfaces/include/more_interfaces/more_interfaces
[10.297s] -- Installing: /home/liror/ros2_ws/install/more_interfaces/include/more_interfaces/more_interfaces/msg
[10.297s] -- Installing: /home/liror/ros2_ws/install/more_interfaces/include/more_interfaces/more_interfaces/msg/address_book.h
[10.299s] -- Installing: /home/liror/ros2_ws/install/more_interfaces/include/more_interfaces/more_interfaces/msg/adress_book.h
[10.299s] -- Installing: /home/liror/ros2_ws/install/more_interfaces/include/more_interfaces/more_interfaces/msg/detail
[10.299s] -- Installing: /home/liror/ros2_ws/install/more_interfaces/include/more_interfaces/more_interfaces/msg/detail/adress_book__type_support.c
[10.299s] -- Installing: /home/liror/ros2_ws/install/more_interfaces/include/more_interfaces/more_interfaces/msg/detail/adress_book__struct.h
[10.299s] -- Installing: /home/liror/ros2_ws/install/more_interfaces/include/more_interfaces/more_interfaces/msg/detail/address_book__functions.c
[10.299s] -- Installing: /home/liror/ros2_ws/install/more_interfaces/include/more_interfaces/more_interfaces/msg/detail/adress_book__functions.c
[10.299s] -- Installing: /home/liror/ros2_ws/install/more_interfaces/include/more_interfaces/more_interfaces/msg/detail/address_book__type_support.h
[10.299s] -- Installing: /home/liror/ros2_ws/install/more_interfaces/include/more_interfaces/more_interfaces/msg/detail/address_book__functions.h
[10.300s] -- Installing: /home/liror/ros2_ws/install/more_interfaces/include/more_interfaces/more_interfaces/msg/detail/address_book__type_support.c
[10.300s] -- Installing: /home/liror/ros2_ws/install/more_interfaces/include/more_interfaces/more_interfaces/msg/detail/adress_book__functions.h
[10.300s] -- Installing: /home/liror/ros2_ws/install/more_interfaces/include/more_interfaces/more_interfaces/msg/detail/adress_book__description.c
[10.300s] -- Installing: /home/liror/ros2_ws/install/more_interfaces/include/more_interfaces/more_interfaces/msg/detail/address_book__struct.h
[10.300s] -- Installing: /home/liror/ros2_ws/install/more_interfaces/include/more_interfaces/more_interfaces/msg/detail/address_book__description.c
[10.300s] -- Installing: /home/liror/ros2_ws/install/more_interfaces/include/more_interfaces/more_interfaces/msg/detail/adress_book__type_support.h
[10.301s] -- Installing: /home/liror/ros2_ws/install/more_interfaces/include/more_interfaces/more_interfaces/msg/rosidl_generator_c__visibility_control.h
[10.301s] -- Installing: /home/liror/ros2_ws/install/more_interfaces/share/more_interfaces/environment/library_path.sh
[10.302s] -- Installing: /home/liror/ros2_ws/install/more_interfaces/share/more_interfaces/environment/library_path.dsv
[10.302s] -- Installing: /home/liror/ros2_ws/install/more_interfaces/lib/libmore_interfaces__rosidl_generator_c.so
[10.302s] -- Set non-toolchain portion of runtime path of "/home/liror/ros2_ws/install/more_interfaces/lib/libmore_interfaces__rosidl_generator_c.so" to ""
[10.303s] -- Up-to-date: /home/liror/ros2_ws/install/more_interfaces/include/more_interfaces/more_interfaces
[10.303s] -- Up-to-date: /home/liror/ros2_ws/install/more_interfaces/include/more_interfaces/more_interfaces/msg
[10.303s] -- Installing: /home/liror/ros2_ws/install/more_interfaces/include/more_interfaces/more_interfaces/msg/rosidl_typesupport_fastrtps_c__visibility_control.h
[10.303s] -- Up-to-date: /home/liror/ros2_ws/install/more_interfaces/include/more_interfaces/more_interfaces/msg/detail
[10.303s] -- Installing: /home/liror/ros2_ws/install/more_interfaces/include/more_interfaces/more_interfaces/msg/detail/address_book__rosidl_typesupport_fastrtps_c.h
[10.304s] -- Installing: /home/liror/ros2_ws/install/more_interfaces/lib/libmore_interfaces__rosidl_typesupport_fastrtps_c.so
[10.304s] -- Set non-toolchain portion of runtime path of "/home/liror/ros2_ws/install/more_interfaces/lib/libmore_interfaces__rosidl_typesupport_fastrtps_c.so" to ""
[10.304s] -- Up-to-date: /home/liror/ros2_ws/install/more_interfaces/include/more_interfaces/more_interfaces
[10.305s] -- Up-to-date: /home/liror/ros2_ws/install/more_interfaces/include/more_interfaces/more_interfaces/msg
[10.305s] -- Installing: /home/liror/ros2_ws/install/more_interfaces/include/more_interfaces/more_interfaces/msg/rosidl_typesupport_introspection_c__visibility_control.h
[10.305s] -- Up-to-date: /home/liror/ros2_ws/install/more_interfaces/include/more_interfaces/more_interfaces/msg/detail
[10.305s] -- Installing: /home/liror/ros2_ws/install/more_interfaces/include/more_interfaces/more_interfaces/msg/detail/address_book__type_support.c
[10.305s] -- Installing: /home/liror/ros2_ws/install/more_interfaces/include/more_interfaces/more_interfaces/msg/detail/address_book__rosidl_typesupport_introspection_c.h
[10.306s] -- Installing: /home/liror/ros2_ws/install/more_interfaces/lib/libmore_interfaces__rosidl_typesupport_introspection_c.so
[10.308s] -- Set non-toolchain portion of runtime path of "/home/liror/ros2_ws/install/more_interfaces/lib/libmore_interfaces__rosidl_typesupport_introspection_c.so" to ""
[10.308s] -- Installing: /home/liror/ros2_ws/install/more_interfaces/lib/libmore_interfaces__rosidl_typesupport_c.so
[10.309s] -- Set non-toolchain portion of runtime path of "/home/liror/ros2_ws/install/more_interfaces/lib/libmore_interfaces__rosidl_typesupport_c.so" to ""
[10.309s] -- Up-to-date: /home/liror/ros2_ws/install/more_interfaces/include/more_interfaces/more_interfaces
[10.309s] -- Up-to-date: /home/liror/ros2_ws/install/more_interfaces/include/more_interfaces/more_interfaces/msg
[10.309s] -- Installing: /home/liror/ros2_ws/install/more_interfaces/include/more_interfaces/more_interfaces/msg/rosidl_generator_cpp__visibility_control.hpp
[10.309s] -- Installing: /home/liror/ros2_ws/install/more_interfaces/include/more_interfaces/more_interfaces/msg/adress_book.hpp
[10.309s] -- Installing: /home/liror/ros2_ws/install/more_interfaces/include/more_interfaces/more_interfaces/msg/address_book.hpp
[10.309s] -- Up-to-date: /home/liror/ros2_ws/install/more_interfaces/include/more_interfaces/more_interfaces/msg/detail
[10.309s] -- Installing: /home/liror/ros2_ws/install/more_interfaces/include/more_interfaces/more_interfaces/msg/detail/adress_book__traits.hpp
[10.310s] -- Installing: /home/liror/ros2_ws/install/more_interfaces/include/more_interfaces/more_interfaces/msg/detail/address_book__type_support.hpp
[10.310s] -- Installing: /home/liror/ros2_ws/install/more_interfaces/include/more_interfaces/more_interfaces/msg/detail/address_book__builder.hpp
[10.310s] -- Installing: /home/liror/ros2_ws/install/more_interfaces/include/more_interfaces/more_interfaces/msg/detail/adress_book__struct.hpp
[10.310s] -- Installing: /home/liror/ros2_ws/install/more_interfaces/include/more_interfaces/more_interfaces/msg/detail/adress_book__type_support.hpp
[10.310s] -- Installing: /home/liror/ros2_ws/install/more_interfaces/include/more_interfaces/more_interfaces/msg/detail/adress_book__builder.hpp
[10.310s] -- Installing: /home/liror/ros2_ws/install/more_interfaces/include/more_interfaces/more_interfaces/msg/detail/address_book__struct.hpp
[10.310s] -- Installing: /home/liror/ros2_ws/install/more_interfaces/include/more_interfaces/more_interfaces/msg/detail/address_book__traits.hpp
[10.310s] -- Up-to-date: /home/liror/ros2_ws/install/more_interfaces/include/more_interfaces/more_interfaces
[10.310s] -- Up-to-date: /home/liror/ros2_ws/install/more_interfaces/include/more_interfaces/more_interfaces/msg
[10.310s] -- Installing: /home/liror/ros2_ws/install/more_interfaces/include/more_interfaces/more_interfaces/msg/rosidl_typesupport_fastrtps_cpp__visibility_control.h
[10.311s] -- Up-to-date: /home/liror/ros2_ws/install/more_interfaces/include/more_interfaces/more_interfaces/msg/detail
[10.311s] -- Installing: /home/liror/ros2_ws/install/more_interfaces/include/more_interfaces/more_interfaces/msg/detail/address_book__rosidl_typesupport_fastrtps_cpp.hpp
[10.311s] -- Installing: /home/liror/ros2_ws/install/more_interfaces/include/more_interfaces/more_interfaces/msg/detail/dds_fastrtps
[10.311s] -- Installing: /home/liror/ros2_ws/install/more_interfaces/lib/libmore_interfaces__rosidl_typesupport_fastrtps_cpp.so
[10.311s] -- Set non-toolchain portion of runtime path of "/home/liror/ros2_ws/install/more_interfaces/lib/libmore_interfaces__rosidl_typesupport_fastrtps_cpp.so" to ""
[10.312s] -- Up-to-date: /home/liror/ros2_ws/install/more_interfaces/include/more_interfaces/more_interfaces
[10.312s] -- Up-to-date: /home/liror/ros2_ws/install/more_interfaces/include/more_interfaces/more_interfaces/msg
[10.312s] -- Up-to-date: /home/liror/ros2_ws/install/more_interfaces/include/more_interfaces/more_interfaces/msg/detail
[10.312s] -- Installing: /home/liror/ros2_ws/install/more_interfaces/include/more_interfaces/more_interfaces/msg/detail/address_book__rosidl_typesupport_introspection_cpp.hpp
[10.312s] -- Installing: /home/liror/ros2_ws/install/more_interfaces/include/more_interfaces/more_interfaces/msg/detail/address_book__type_support.cpp
[10.312s] -- Installing: /home/liror/ros2_ws/install/more_interfaces/lib/libmore_interfaces__rosidl_typesupport_introspection_cpp.so
[10.312s] -- Set non-toolchain portion of runtime path of "/home/liror/ros2_ws/install/more_interfaces/lib/libmore_interfaces__rosidl_typesupport_introspection_cpp.so" to ""
[10.313s] -- Installing: /home/liror/ros2_ws/install/more_interfaces/lib/libmore_interfaces__rosidl_typesupport_cpp.so
[10.313s] -- Set non-toolchain portion of runtime path of "/home/liror/ros2_ws/install/more_interfaces/lib/libmore_interfaces__rosidl_typesupport_cpp.so" to ""
[10.313s] -- Installing: /home/liror/ros2_ws/install/more_interfaces/share/more_interfaces/environment/pythonpath.sh
[10.313s] -- Installing: /home/liror/ros2_ws/install/more_interfaces/share/more_interfaces/environment/pythonpath.dsv
[10.314s] -- Installing: /home/liror/ros2_ws/install/more_interfaces/lib/python3.12/site-packages/more_interfaces-0.0.0-py3.12.egg-info
[10.314s] -- Installing: /home/liror/ros2_ws/install/more_interfaces/lib/python3.12/site-packages/more_interfaces-0.0.0-py3.12.egg-info/PKG-INFO
[10.314s] -- Installing: /home/liror/ros2_ws/install/more_interfaces/lib/python3.12/site-packages/more_interfaces-0.0.0-py3.12.egg-info/SOURCES.txt
[10.314s] -- Installing: /home/liror/ros2_ws/install/more_interfaces/lib/python3.12/site-packages/more_interfaces-0.0.0-py3.12.egg-info/dependency_links.txt
[10.314s] -- Installing: /home/liror/ros2_ws/install/more_interfaces/lib/python3.12/site-packages/more_interfaces-0.0.0-py3.12.egg-info/top_level.txt
[10.315s] -- Installing: /home/liror/ros2_ws/install/more_interfaces/lib/python3.12/site-packages/more_interfaces
[10.315s] -- Installing: /home/liror/ros2_ws/install/more_interfaces/lib/python3.12/site-packages/more_interfaces/more_interfaces_s__rosidl_typesupport_c.so
[10.315s] -- Installing: /home/liror/ros2_ws/install/more_interfaces/lib/python3.12/site-packages/more_interfaces/more_interfaces_s__rosidl_typesupport_fastrtps_c.so
[10.315s] -- Installing: /home/liror/ros2_ws/install/more_interfaces/lib/python3.12/site-packages/more_interfaces/__init__.py
[10.315s] -- Installing: /home/liror/ros2_ws/install/more_interfaces/lib/python3.12/site-packages/more_interfaces/_more_interfaces_s.ep.rosidl_typesupport_c.c
[10.316s] -- Installing: /home/liror/ros2_ws/install/more_interfaces/lib/python3.12/site-packages/more_interfaces/_more_interfaces_s.ep.rosidl_typesupport_introspection_c.c
[10.316s] -- Installing: /home/liror/ros2_ws/install/more_interfaces/lib/python3.12/site-packages/more_interfaces/_more_interfaces_s.ep.rosidl_typesupport_fastrtps_c.c
[10.316s] -- Installing: /home/liror/ros2_ws/install/more_interfaces/lib/python3.12/site-packages/more_interfaces/msg
[10.316s] -- Installing: /home/liror/ros2_ws/install/more_interfaces/lib/python3.12/site-packages/more_interfaces/msg/__init__.py
[10.317s] -- Installing: /home/liror/ros2_ws/install/more_interfaces/lib/python3.12/site-packages/more_interfaces/msg/_address_book.py
[10.317s] -- Installing: /home/liror/ros2_ws/install/more_interfaces/lib/python3.12/site-packages/more_interfaces/msg/_address_book_s.c
[10.317s] -- Installing: /home/liror/ros2_ws/install/more_interfaces/lib/python3.12/site-packages/more_interfaces/more_interfaces_s__rosidl_typesupport_introspection_c.so
[10.366s] Listing '/home/liror/ros2_ws/install/more_interfaces/lib/python3.12/site-packages/more_interfaces'...
[10.366s] Compiling '/home/liror/ros2_ws/install/more_interfaces/lib/python3.12/site-packages/more_interfaces/__init__.py'...
[10.366s] Listing '/home/liror/ros2_ws/install/more_interfaces/lib/python3.12/site-packages/more_interfaces/msg'...
[10.366s] Compiling '/home/liror/ros2_ws/install/more_interfaces/lib/python3.12/site-packages/more_interfaces/msg/__init__.py'...
[10.366s] Compiling '/home/liror/ros2_ws/install/more_interfaces/lib/python3.12/site-packages/more_interfaces/msg/_address_book.py'...
[10.373s] -- Installing: /home/liror/ros2_ws/install/more_interfaces/lib/python3.12/site-packages/more_interfaces/more_interfaces_s__rosidl_typesupport_fastrtps_c.so
[10.373s] -- Set non-toolchain portion of runtime path of "/home/liror/ros2_ws/install/more_interfaces/lib/python3.12/site-packages/more_interfaces/more_interfaces_s__rosidl_typesupport_fastrtps_c.so" to ""
[10.373s] -- Installing: /home/liror/ros2_ws/install/more_interfaces/lib/python3.12/site-packages/more_interfaces/more_interfaces_s__rosidl_typesupport_introspection_c.so
[10.373s] -- Set non-toolchain portion of runtime path of "/home/liror/ros2_ws/install/more_interfaces/lib/python3.12/site-packages/more_interfaces/more_interfaces_s__rosidl_typesupport_introspection_c.so" to ""
[10.373s] -- Installing: /home/liror/ros2_ws/install/more_interfaces/lib/python3.12/site-packages/more_interfaces/more_interfaces_s__rosidl_typesupport_c.so
[10.374s] -- Set non-toolchain portion of runtime path of "/home/liror/ros2_ws/install/more_interfaces/lib/python3.12/site-packages/more_interfaces/more_interfaces_s__rosidl_typesupport_c.so" to ""
[10.375s] -- Installing: /home/liror/ros2_ws/install/more_interfaces/lib/libmore_interfaces__rosidl_generator_py.so
[10.376s] -- Set non-toolchain portion of runtime path of "/home/liror/ros2_ws/install/more_interfaces/lib/libmore_interfaces__rosidl_generator_py.so" to ""
[10.376s] -- Installing: /home/liror/ros2_ws/install/more_interfaces/share/more_interfaces/msg/AddressBook.idl
[10.376s] -- Installing: /home/liror/ros2_ws/install/more_interfaces/share/more_interfaces/msg/AddressBook.msg
[10.376s] -- Installing: /home/liror/ros2_ws/install/more_interfaces/lib/more_interfaces/publish_address_book
[10.378s] -- Set non-toolchain portion of runtime path of "/home/liror/ros2_ws/install/more_interfaces/lib/more_interfaces/publish_address_book" to ""
[10.378s] -- Installing: /home/liror/ros2_ws/install/more_interfaces/share/ament_index/resource_index/package_run_dependencies/more_interfaces
[10.378s] -- Installing: /home/liror/ros2_ws/install/more_interfaces/share/ament_index/resource_index/parent_prefix_path/more_interfaces
[10.379s] -- Installing: /home/liror/ros2_ws/install/more_interfaces/share/more_interfaces/environment/ament_prefix_path.sh
[10.381s] -- Installing: /home/liror/ros2_ws/install/more_interfaces/share/more_interfaces/environment/ament_prefix_path.dsv
[10.381s] -- Installing: /home/liror/ros2_ws/install/more_interfaces/share/more_interfaces/environment/path.sh
[10.381s] -- Installing: /home/liror/ros2_ws/install/more_interfaces/share/more_interfaces/environment/path.dsv
[10.381s] -- Installing: /home/liror/ros2_ws/install/more_interfaces/share/more_interfaces/local_setup.bash
[10.381s] -- Installing: /home/liror/ros2_ws/install/more_interfaces/share/more_interfaces/local_setup.sh
[10.381s] -- Installing: /home/liror/ros2_ws/install/more_interfaces/share/more_interfaces/local_setup.zsh
[10.381s] -- Installing: /home/liror/ros2_ws/install/more_interfaces/share/more_interfaces/local_setup.dsv
[10.381s] -- Installing: /home/liror/ros2_ws/install/more_interfaces/share/more_interfaces/package.dsv
[10.381s] -- Installing: /home/liror/ros2_ws/install/more_interfaces/share/ament_index/resource_index/packages/more_interfaces
[10.381s] -- Installing: /home/liror/ros2_ws/install/more_interfaces/share/more_interfaces/cmake/export_more_interfaces__rosidl_generator_cExport.cmake
[10.381s] -- Installing: /home/liror/ros2_ws/install/more_interfaces/share/more_interfaces/cmake/export_more_interfaces__rosidl_generator_cExport-noconfig.cmake
[10.381s] -- Installing: /home/liror/ros2_ws/install/more_interfaces/share/more_interfaces/cmake/export_more_interfaces__rosidl_typesupport_fastrtps_cExport.cmake
[10.382s] -- Installing: /home/liror/ros2_ws/install/more_interfaces/share/more_interfaces/cmake/export_more_interfaces__rosidl_typesupport_fastrtps_cExport-noconfig.cmake
[10.384s] -- Installing: /home/liror/ros2_ws/install/more_interfaces/share/more_interfaces/cmake/more_interfaces__rosidl_typesupport_introspection_cExport.cmake
[10.384s] -- Installing: /home/liror/ros2_ws/install/more_interfaces/share/more_interfaces/cmake/more_interfaces__rosidl_typesupport_introspection_cExport-noconfig.cmake
[10.384s] -- Installing: /home/liror/ros2_ws/install/more_interfaces/share/more_interfaces/cmake/more_interfaces__rosidl_typesupport_cExport.cmake
[10.384s] -- Installing: /home/liror/ros2_ws/install/more_interfaces/share/more_interfaces/cmake/more_interfaces__rosidl_typesupport_cExport-noconfig.cmake
[10.384s] -- Installing: /home/liror/ros2_ws/install/more_interfaces/share/more_interfaces/cmake/export_more_interfaces__rosidl_generator_cppExport.cmake
[10.384s] -- Installing: /home/liror/ros2_ws/install/more_interfaces/share/more_interfaces/cmake/export_more_interfaces__rosidl_typesupport_fastrtps_cppExport.cmake
[10.384s] -- Installing: /home/liror/ros2_ws/install/more_interfaces/share/more_interfaces/cmake/export_more_interfaces__rosidl_typesupport_fastrtps_cppExport-noconfig.cmake
[10.384s] -- Installing: /home/liror/ros2_ws/install/more_interfaces/share/more_interfaces/cmake/more_interfaces__rosidl_typesupport_introspection_cppExport.cmake
[10.384s] -- Installing: /home/liror/ros2_ws/install/more_interfaces/share/more_interfaces/cmake/more_interfaces__rosidl_typesupport_introspection_cppExport-noconfig.cmake
[10.384s] -- Installing: /home/liror/ros2_ws/install/more_interfaces/share/more_interfaces/cmake/more_interfaces__rosidl_typesupport_cppExport.cmake
[10.384s] -- Installing: /home/liror/ros2_ws/install/more_interfaces/share/more_interfaces/cmake/more_interfaces__rosidl_typesupport_cppExport-noconfig.cmake
[10.385s] -- Installing: /home/liror/ros2_ws/install/more_interfaces/share/more_interfaces/cmake/export_more_interfaces__rosidl_generator_pyExport.cmake
[10.385s] -- Installing: /home/liror/ros2_ws/install/more_interfaces/share/more_interfaces/cmake/export_more_interfaces__rosidl_generator_pyExport-noconfig.cmake
[10.385s] -- Installing: /home/liror/ros2_ws/install/more_interfaces/share/more_interfaces/cmake/rosidl_cmake-extras.cmake
[10.385s] -- Installing: /home/liror/ros2_ws/install/more_interfaces/share/more_interfaces/cmake/ament_cmake_export_include_directories-extras.cmake
[10.385s] -- Installing: /home/liror/ros2_ws/install/more_interfaces/share/more_interfaces/cmake/ament_cmake_export_libraries-extras.cmake
[10.386s] -- Installing: /home/liror/ros2_ws/install/more_interfaces/share/more_interfaces/cmake/ament_cmake_export_targets-extras.cmake
[10.386s] -- Installing: /home/liror/ros2_ws/install/more_interfaces/share/more_interfaces/cmake/rosidl_cmake_export_typesupport_targets-extras.cmake
[10.386s] -- Installing: /home/liror/ros2_ws/install/more_interfaces/share/more_interfaces/cmake/ament_cmake_export_dependencies-extras.cmake
[10.386s] -- Installing: /home/liror/ros2_ws/install/more_interfaces/share/more_interfaces/cmake/rosidl_cmake_export_typesupport_libraries-extras.cmake
[10.386s] -- Installing: /home/liror/ros2_ws/install/more_interfaces/share/more_interfaces/cmake/more_interfacesConfig.cmake
[10.386s] -- Installing: /home/liror/ros2_ws/install/more_interfaces/share/more_interfaces/cmake/more_interfacesConfig-version.cmake
[10.387s] -- Installing: /home/liror/ros2_ws/install/more_interfaces/share/more_interfaces/package.xml
[10.389s] Invoked command in '/home/liror/ros2_ws/build/more_interfaces' returned '0': CMAKE_PREFIX_PATH=${CMAKE_PREFIX_PATH}:/home/liror/ros2_ws/install/py_pubsub:/opt/ros/jazzy DEBUGINFOD_URLS=https://debuginfod.ubuntu.com /usr/bin/cmake --install /home/liror/ros2_ws/build/more_interfaces
