[ 25%] [32mBuilding CXX object CMakeFiles/talker.dir/src/publisher_lambda_function.cpp.o[0m
[ 50%] [32mBuilding CXX object CMakeFiles/listener.dir/src/subscriber_lambda.cpp.o[0m
In file included from [01m[K/opt/ros/jazzy/include/rclcpp/rclcpp/logging.hpp:24[m[K,
                 from [01m[K/opt/ros/jazzy/include/rclcpp/rclcpp/copy_all_parameter_values.hpp:27[m[K,
                 from [01m[K/opt/ros/jazzy/include/rclcpp/rclcpp/rclcpp.hpp:171[m[K,
                 from [01m[K/home/liror/ros2_ws/src/cpp_pubsub/src/publisher_lambda_function.cpp:19[m[K:
[01m[K/home/liror/ros2_ws/src/cpp_pubsub/src/publisher_lambda_function.cpp:[m[K In lambda function:
[01m[K/home/liror/ros2_ws/src/cpp_pubsub/src/publisher_lambda_function.cpp:40:41:[m[K [01;35m[Kwarning: [m[Kformat ‘[01m[K%s[m[K’ expects argument of type ‘[01m[Kchar*[m[K’, but argument 5 has type ‘[01m[Ktutorial_interfaces::msg::Num_<std::allocator<void> >::_num_type[m[K’ {aka ‘[01m[Klong int[m[K’} [[01;35m[K]8;;https://gcc.gnu.org/onlinedocs/gcc/Warning-Options.html#index-Wformat=-Wformat=]8;;[m[K]
   40 |         RCLCPP_INFO(this->get_logger(), [01;35m[K"Publishing: '%sd'"[m[K, [32m[Kmessage.num[m[K);
      |                                         [01;35m[K^~~~~~~~~~~~~~~~~~~[m[K  [32m[K~~~~~~~~~~~[m[K
      |                                                                      [32m[K|[m[K
      |                                                                      [32m[Ktutorial_interfaces::msg::Num_<std::allocator<void> >::_num_type {aka long int}[m[K
[01m[K/home/liror/ros2_ws/src/cpp_pubsub/src/publisher_lambda_function.cpp:40:56:[m[K [01;36m[Knote: [m[Kformat string is defined here
   40 |         RCLCPP_INFO(this->get_logger(), "Publishing: '[01;36m[K%s[m[Kd'", message.num);
      |                                                       [01;36m[K~^[m[K
      |                                                        [01;36m[K|[m[K
      |                                                        [01;36m[Kchar*[m[K
      |                                                       [32m[K%ld[m[K
In file included from [01m[K/opt/ros/jazzy/include/rclcpp/rclcpp/logging.hpp:24[m[K,
                 from [01m[K/opt/ros/jazzy/include/rclcpp/rclcpp/copy_all_parameter_values.hpp:27[m[K,
                 from [01m[K/opt/ros/jazzy/include/rclcpp/rclcpp/rclcpp.hpp:171[m[K,
                 from [01m[K/home/liror/ros2_ws/src/cpp_pubsub/src/subscriber_lambda.cpp:17[m[K:
[01m[K/home/liror/ros2_ws/src/cpp_pubsub/src/subscriber_lambda.cpp:[m[K In lambda function:
[01m[K/home/liror/ros2_ws/src/cpp_pubsub/src/subscriber_lambda.cpp:29:54:[m[K [01;31m[Kerror: [m[Kinvalid operands of types ‘[01m[Kconst char [11][m[K’ and ‘[01m[Kconst tutorial_interfaces::msg::Num_<std::allocator<void> >::_num_type[m[K’ {aka ‘[01m[Kconst long int[m[K’} to binary ‘[01m[Koperator<<[m[K’
   29 |         RCLCPP_INFO(this->get_logger(), [32m[K"I heard: '"[m[K [01;31m[K<<[m[K [34m[Kmsg.num[m[K << "'");
      |                                         [32m[K~~~~~~~~~~~~[m[K [01;31m[K^~[m[K [34m[K~~~~~~~[m[K
      |                                         [32m[K|[m[K                   [34m[K|[m[K
      |                                         [32m[Kconst char [11][m[K     [34m[Kconst tutorial_interfaces::msg::Num_<std::allocator<void> >::_num_type {aka const long int}[m[K
gmake[2]: *** [CMakeFiles/listener.dir/build.make:76: CMakeFiles/listener.dir/src/subscriber_lambda.cpp.o] Error 1
gmake[1]: *** [CMakeFiles/Makefile2:165: CMakeFiles/listener.dir/all] Error 2
gmake[1]: *** Waiting for unfinished jobs....
[ 75%] [32m[1mLinking CXX executable talker[0m
[ 75%] Built target talker
gmake: *** [Makefile:146: all] Error 2
