[0.133s] DEBUG:colcon:Command line arguments: ['/usr/bin/colcon', 'build', '--packages-select', 'rosidl_tutorials_msgs']
[0.133s] DEBUG:colcon:Parsed command line arguments: Namespace(log_base=None, log_level=None, verb_name='build', build_base='build', install_base='install', merge_install=False, symlink_install=False, test_result_base=None, continue_on_error=False, executor='parallel', parallel_workers=2, event_handlers=None, ignore_user_meta=False, metas=['./colcon.meta'], base_paths=['.'], packages_ignore=None, packages_ignore_regex=None, paths=None, packages_up_to=None, packages_up_to_regex=None, packages_above=None, packages_above_and_dependencies=None, packages_above_depth=None, packages_select_by_dep=None, packages_skip_by_dep=None, packages_skip_up_to=None, packages_select_build_failed=False, packages_skip_build_finished=False, packages_select_test_failures=False, packages_skip_test_passed=False, packages_select=['rosidl_tutorials_msgs'], packages_skip=None, packages_select_regex=None, packages_skip_regex=None, packages_start=None, packages_end=None, allow_overriding=[], cmake_args=None, cmake_target=None, cmake_target_skip_unavailable=False, cmake_clean_cache=False, cmake_clean_first=False, cmake_force_configure=False, ament_cmake_args=None, catkin_cmake_args=None, catkin_skip_building_tests=False, mixin_files=None, mixin=None, verb_parser=<colcon_mixin.mixin.mixin_argument.MixinArgumentDecorator object at 0x78cf89482030>, verb_extension=<colcon_core.verb.build.BuildVerb object at 0x78cf894818e0>, main=<bound method BuildVerb.main of <colcon_core.verb.build.BuildVerb object at 0x78cf894818e0>>, mixin_verb=('build',))
[0.188s] Level 1:colcon.colcon_core.package_discovery:discover_packages(colcon_meta) check parameters
[0.188s] Level 1:colcon.colcon_core.package_discovery:discover_packages(recursive) check parameters
[0.188s] Level 1:colcon.colcon_core.package_discovery:discover_packages(ignore) check parameters
[0.188s] Level 1:colcon.colcon_core.package_discovery:discover_packages(path) check parameters
[0.188s] Level 1:colcon.colcon_core.package_discovery:discover_packages(colcon_meta) discover
[0.188s] Level 1:colcon.colcon_core.package_discovery:discover_packages(recursive) discover
[0.188s] INFO:colcon.colcon_core.package_discovery:Crawling recursively for packages in '/home/liror/ros2_ws'
[0.188s] Level 1:colcon.colcon_core.package_identification:_identify(.) by extensions ['ignore', 'ignore_ament_install']
[0.188s] Level 1:colcon.colcon_core.package_identification:_identify(.) by extension 'ignore'
[0.188s] Level 1:colcon.colcon_core.package_identification:_identify(.) by extension 'ignore_ament_install'
[0.189s] Level 1:colcon.colcon_core.package_identification:_identify(.) by extensions ['colcon_pkg']
[0.189s] Level 1:colcon.colcon_core.package_identification:_identify(.) by extension 'colcon_pkg'
[0.189s] Level 1:colcon.colcon_core.package_identification:_identify(.) by extensions ['colcon_meta']
[0.189s] Level 1:colcon.colcon_core.package_identification:_identify(.) by extension 'colcon_meta'
[0.189s] Level 1:colcon.colcon_core.package_identification:_identify(.) by extensions ['ros']
[0.189s] Level 1:colcon.colcon_core.package_identification:_identify(.) by extension 'ros'
[0.225s] Level 1:colcon.colcon_core.package_identification:_identify(.) by extensions ['cmake', 'python']
[0.225s] Level 1:colcon.colcon_core.package_identification:_identify(.) by extension 'cmake'
[0.225s] Level 1:colcon.colcon_core.package_identification:_identify(.) by extension 'python'
[0.225s] Level 1:colcon.colcon_core.package_identification:_identify(.) by extensions ['python_setup_py']
[0.225s] Level 1:colcon.colcon_core.package_identification:_identify(.) by extension 'python_setup_py'
[0.225s] Level 1:colcon.colcon_core.package_identification:_identify(build) by extensions ['ignore', 'ignore_ament_install']
[0.225s] Level 1:colcon.colcon_core.package_identification:_identify(build) by extension 'ignore'
[0.225s] Level 1:colcon.colcon_core.package_identification:_identify(build) ignored
[0.226s] Level 1:colcon.colcon_core.package_identification:_identify(install) by extensions ['ignore', 'ignore_ament_install']
[0.226s] Level 1:colcon.colcon_core.package_identification:_identify(install) by extension 'ignore'
[0.226s] Level 1:colcon.colcon_core.package_identification:_identify(install) ignored
[0.226s] Level 1:colcon.colcon_core.package_identification:_identify(log) by extensions ['ignore', 'ignore_ament_install']
[0.226s] Level 1:colcon.colcon_core.package_identification:_identify(log) by extension 'ignore'
[0.226s] Level 1:colcon.colcon_core.package_identification:_identify(log) ignored
[0.226s] Level 1:colcon.colcon_core.package_identification:_identify(src) by extensions ['ignore', 'ignore_ament_install']
[0.226s] Level 1:colcon.colcon_core.package_identification:_identify(src) by extension 'ignore'
[0.226s] Level 1:colcon.colcon_core.package_identification:_identify(src) by extension 'ignore_ament_install'
[0.226s] Level 1:colcon.colcon_core.package_identification:_identify(src) by extensions ['colcon_pkg']
[0.226s] Level 1:colcon.colcon_core.package_identification:_identify(src) by extension 'colcon_pkg'
[0.226s] Level 1:colcon.colcon_core.package_identification:_identify(src) by extensions ['colcon_meta']
[0.226s] Level 1:colcon.colcon_core.package_identification:_identify(src) by extension 'colcon_meta'
[0.226s] Level 1:colcon.colcon_core.package_identification:_identify(src) by extensions ['ros']
[0.226s] Level 1:colcon.colcon_core.package_identification:_identify(src) by extension 'ros'
[0.226s] Level 1:colcon.colcon_core.package_identification:_identify(src) by extensions ['cmake', 'python']
[0.226s] Level 1:colcon.colcon_core.package_identification:_identify(src) by extension 'cmake'
[0.226s] Level 1:colcon.colcon_core.package_identification:_identify(src) by extension 'python'
[0.227s] Level 1:colcon.colcon_core.package_identification:_identify(src) by extensions ['python_setup_py']
[0.227s] Level 1:colcon.colcon_core.package_identification:_identify(src) by extension 'python_setup_py'
[0.227s] Level 1:colcon.colcon_core.package_identification:_identify(src/cpp_pubsub) by extensions ['ignore', 'ignore_ament_install']
[0.227s] Level 1:colcon.colcon_core.package_identification:_identify(src/cpp_pubsub) by extension 'ignore'
[0.227s] Level 1:colcon.colcon_core.package_identification:_identify(src/cpp_pubsub) by extension 'ignore_ament_install'
[0.227s] Level 1:colcon.colcon_core.package_identification:_identify(src/cpp_pubsub) by extensions ['colcon_pkg']
[0.227s] Level 1:colcon.colcon_core.package_identification:_identify(src/cpp_pubsub) by extension 'colcon_pkg'
[0.227s] Level 1:colcon.colcon_core.package_identification:_identify(src/cpp_pubsub) by extensions ['colcon_meta']
[0.227s] Level 1:colcon.colcon_core.package_identification:_identify(src/cpp_pubsub) by extension 'colcon_meta'
[0.227s] Level 1:colcon.colcon_core.package_identification:_identify(src/cpp_pubsub) by extensions ['ros']
[0.227s] Level 1:colcon.colcon_core.package_identification:_identify(src/cpp_pubsub) by extension 'ros'
[0.229s] DEBUG:colcon.colcon_core.package_identification:Package 'src/cpp_pubsub' with type 'ros.ament_cmake' and name 'cpp_pubsub'
[0.230s] Level 1:colcon.colcon_core.package_identification:_identify(src/cpp_srvcli) by extensions ['ignore', 'ignore_ament_install']
[0.230s] Level 1:colcon.colcon_core.package_identification:_identify(src/cpp_srvcli) by extension 'ignore'
[0.230s] Level 1:colcon.colcon_core.package_identification:_identify(src/cpp_srvcli) by extension 'ignore_ament_install'
[0.230s] Level 1:colcon.colcon_core.package_identification:_identify(src/cpp_srvcli) by extensions ['colcon_pkg']
[0.230s] Level 1:colcon.colcon_core.package_identification:_identify(src/cpp_srvcli) by extension 'colcon_pkg'
[0.230s] Level 1:colcon.colcon_core.package_identification:_identify(src/cpp_srvcli) by extensions ['colcon_meta']
[0.230s] Level 1:colcon.colcon_core.package_identification:_identify(src/cpp_srvcli) by extension 'colcon_meta'
[0.230s] Level 1:colcon.colcon_core.package_identification:_identify(src/cpp_srvcli) by extensions ['ros']
[0.230s] Level 1:colcon.colcon_core.package_identification:_identify(src/cpp_srvcli) by extension 'ros'
[0.231s] DEBUG:colcon.colcon_core.package_identification:Package 'src/cpp_srvcli' with type 'ros.ament_cmake' and name 'cpp_srvcli'
[0.231s] Level 1:colcon.colcon_core.package_identification:_identify(src/more_interfaces) by extensions ['ignore', 'ignore_ament_install']
[0.231s] Level 1:colcon.colcon_core.package_identification:_identify(src/more_interfaces) by extension 'ignore'
[0.231s] Level 1:colcon.colcon_core.package_identification:_identify(src/more_interfaces) by extension 'ignore_ament_install'
[0.231s] Level 1:colcon.colcon_core.package_identification:_identify(src/more_interfaces) by extensions ['colcon_pkg']
[0.231s] Level 1:colcon.colcon_core.package_identification:_identify(src/more_interfaces) by extension 'colcon_pkg'
[0.231s] Level 1:colcon.colcon_core.package_identification:_identify(src/more_interfaces) by extensions ['colcon_meta']
[0.231s] Level 1:colcon.colcon_core.package_identification:_identify(src/more_interfaces) by extension 'colcon_meta'
[0.231s] Level 1:colcon.colcon_core.package_identification:_identify(src/more_interfaces) by extensions ['ros']
[0.231s] Level 1:colcon.colcon_core.package_identification:_identify(src/more_interfaces) by extension 'ros'
[0.231s] DEBUG:colcon.colcon_core.package_identification:Package 'src/more_interfaces' with type 'ros.ament_cmake' and name 'more_interfaces'
[0.231s] Level 1:colcon.colcon_core.package_identification:_identify(src/my_package) by extensions ['ignore', 'ignore_ament_install']
[0.232s] Level 1:colcon.colcon_core.package_identification:_identify(src/my_package) by extension 'ignore'
[0.232s] Level 1:colcon.colcon_core.package_identification:_identify(src/my_package) by extension 'ignore_ament_install'
[0.232s] Level 1:colcon.colcon_core.package_identification:_identify(src/my_package) by extensions ['colcon_pkg']
[0.232s] Level 1:colcon.colcon_core.package_identification:_identify(src/my_package) by extension 'colcon_pkg'
[0.232s] Level 1:colcon.colcon_core.package_identification:_identify(src/my_package) by extensions ['colcon_meta']
[0.232s] Level 1:colcon.colcon_core.package_identification:_identify(src/my_package) by extension 'colcon_meta'
[0.232s] Level 1:colcon.colcon_core.package_identification:_identify(src/my_package) by extensions ['ros']
[0.232s] Level 1:colcon.colcon_core.package_identification:_identify(src/my_package) by extension 'ros'
[0.232s] DEBUG:colcon.colcon_core.package_identification:Package 'src/my_package' with type 'ros.ament_cmake' and name 'my_package'
[0.232s] Level 1:colcon.colcon_core.package_identification:_identify(src/py_pubsub) by extensions ['ignore', 'ignore_ament_install']
[0.232s] Level 1:colcon.colcon_core.package_identification:_identify(src/py_pubsub) by extension 'ignore'
[0.232s] Level 1:colcon.colcon_core.package_identification:_identify(src/py_pubsub) by extension 'ignore_ament_install'
[0.232s] Level 1:colcon.colcon_core.package_identification:_identify(src/py_pubsub) by extensions ['colcon_pkg']
[0.232s] Level 1:colcon.colcon_core.package_identification:_identify(src/py_pubsub) by extension 'colcon_pkg'
[0.232s] Level 1:colcon.colcon_core.package_identification:_identify(src/py_pubsub) by extensions ['colcon_meta']
[0.232s] Level 1:colcon.colcon_core.package_identification:_identify(src/py_pubsub) by extension 'colcon_meta'
[0.232s] Level 1:colcon.colcon_core.package_identification:_identify(src/py_pubsub) by extensions ['ros']
[0.233s] Level 1:colcon.colcon_core.package_identification:_identify(src/py_pubsub) by extension 'ros'
[0.233s] DEBUG:colcon.colcon_core.package_identification:Package 'src/py_pubsub' with type 'ros.ament_python' and name 'py_pubsub'
[0.233s] Level 1:colcon.colcon_core.package_identification:_identify(src/ros_tutorials) by extensions ['ignore', 'ignore_ament_install']
[0.233s] Level 1:colcon.colcon_core.package_identification:_identify(src/ros_tutorials) by extension 'ignore'
[0.233s] Level 1:colcon.colcon_core.package_identification:_identify(src/ros_tutorials) by extension 'ignore_ament_install'
[0.233s] Level 1:colcon.colcon_core.package_identification:_identify(src/ros_tutorials) by extensions ['colcon_pkg']
[0.233s] Level 1:colcon.colcon_core.package_identification:_identify(src/ros_tutorials) by extension 'colcon_pkg'
[0.233s] Level 1:colcon.colcon_core.package_identification:_identify(src/ros_tutorials) by extensions ['colcon_meta']
[0.233s] Level 1:colcon.colcon_core.package_identification:_identify(src/ros_tutorials) by extension 'colcon_meta'
[0.233s] Level 1:colcon.colcon_core.package_identification:_identify(src/ros_tutorials) by extensions ['ros']
[0.233s] Level 1:colcon.colcon_core.package_identification:_identify(src/ros_tutorials) by extension 'ros'
[0.233s] Level 1:colcon.colcon_core.package_identification:_identify(src/ros_tutorials) by extensions ['cmake', 'python']
[0.233s] Level 1:colcon.colcon_core.package_identification:_identify(src/ros_tutorials) by extension 'cmake'
[0.234s] Level 1:colcon.colcon_core.package_identification:_identify(src/ros_tutorials) by extension 'python'
[0.234s] Level 1:colcon.colcon_core.package_identification:_identify(src/ros_tutorials) by extensions ['python_setup_py']
[0.234s] Level 1:colcon.colcon_core.package_identification:_identify(src/ros_tutorials) by extension 'python_setup_py'
[0.234s] Level 1:colcon.colcon_core.package_identification:_identify(src/ros_tutorials/turtlesim) by extensions ['ignore', 'ignore_ament_install']
[0.234s] Level 1:colcon.colcon_core.package_identification:_identify(src/ros_tutorials/turtlesim) by extension 'ignore'
[0.234s] Level 1:colcon.colcon_core.package_identification:_identify(src/ros_tutorials/turtlesim) by extension 'ignore_ament_install'
[0.234s] Level 1:colcon.colcon_core.package_identification:_identify(src/ros_tutorials/turtlesim) by extensions ['colcon_pkg']
[0.234s] Level 1:colcon.colcon_core.package_identification:_identify(src/ros_tutorials/turtlesim) by extension 'colcon_pkg'
[0.234s] Level 1:colcon.colcon_core.package_identification:_identify(src/ros_tutorials/turtlesim) by extensions ['colcon_meta']
[0.234s] Level 1:colcon.colcon_core.package_identification:_identify(src/ros_tutorials/turtlesim) by extension 'colcon_meta'
[0.234s] Level 1:colcon.colcon_core.package_identification:_identify(src/ros_tutorials/turtlesim) by extensions ['ros']
[0.234s] Level 1:colcon.colcon_core.package_identification:_identify(src/ros_tutorials/turtlesim) by extension 'ros'
[0.235s] DEBUG:colcon.colcon_core.package_identification:Package 'src/ros_tutorials/turtlesim' with type 'ros.ament_cmake' and name 'turtlesim'
[0.235s] Level 1:colcon.colcon_core.package_identification:_identify(src/rosidl_tutorials_msgs) by extensions ['ignore', 'ignore_ament_install']
[0.235s] Level 1:colcon.colcon_core.package_identification:_identify(src/rosidl_tutorials_msgs) by extension 'ignore'
[0.235s] Level 1:colcon.colcon_core.package_identification:_identify(src/rosidl_tutorials_msgs) by extension 'ignore_ament_install'
[0.235s] Level 1:colcon.colcon_core.package_identification:_identify(src/rosidl_tutorials_msgs) by extensions ['colcon_pkg']
[0.235s] Level 1:colcon.colcon_core.package_identification:_identify(src/rosidl_tutorials_msgs) by extension 'colcon_pkg'
[0.235s] Level 1:colcon.colcon_core.package_identification:_identify(src/rosidl_tutorials_msgs) by extensions ['colcon_meta']
[0.235s] Level 1:colcon.colcon_core.package_identification:_identify(src/rosidl_tutorials_msgs) by extension 'colcon_meta'
[0.235s] Level 1:colcon.colcon_core.package_identification:_identify(src/rosidl_tutorials_msgs) by extensions ['ros']
[0.235s] Level 1:colcon.colcon_core.package_identification:_identify(src/rosidl_tutorials_msgs) by extension 'ros'
[0.236s] DEBUG:colcon.colcon_core.package_identification:Package 'src/rosidl_tutorials_msgs' with type 'ros.ament_cmake' and name 'rosidl_tutorials_msgs'
[0.236s] Level 1:colcon.colcon_core.package_identification:_identify(src/tutorial_interfaces) by extensions ['ignore', 'ignore_ament_install']
[0.236s] Level 1:colcon.colcon_core.package_identification:_identify(src/tutorial_interfaces) by extension 'ignore'
[0.236s] Level 1:colcon.colcon_core.package_identification:_identify(src/tutorial_interfaces) by extension 'ignore_ament_install'
[0.236s] Level 1:colcon.colcon_core.package_identification:_identify(src/tutorial_interfaces) by extensions ['colcon_pkg']
[0.236s] Level 1:colcon.colcon_core.package_identification:_identify(src/tutorial_interfaces) by extension 'colcon_pkg'
[0.236s] Level 1:colcon.colcon_core.package_identification:_identify(src/tutorial_interfaces) by extensions ['colcon_meta']
[0.236s] Level 1:colcon.colcon_core.package_identification:_identify(src/tutorial_interfaces) by extension 'colcon_meta'
[0.236s] Level 1:colcon.colcon_core.package_identification:_identify(src/tutorial_interfaces) by extensions ['ros']
[0.236s] Level 1:colcon.colcon_core.package_identification:_identify(src/tutorial_interfaces) by extension 'ros'
[0.237s] DEBUG:colcon.colcon_core.package_identification:Package 'src/tutorial_interfaces' with type 'ros.ament_cmake' and name 'tutorial_interfaces'
[0.237s] Level 1:colcon.colcon_core.package_discovery:discover_packages(recursive) using defaults
[0.237s] Level 1:colcon.colcon_core.package_discovery:discover_packages(ignore) discover
[0.237s] Level 1:colcon.colcon_core.package_discovery:discover_packages(ignore) using defaults
[0.237s] Level 1:colcon.colcon_core.package_discovery:discover_packages(path) discover
[0.237s] Level 1:colcon.colcon_core.package_discovery:discover_packages(path) using defaults
[0.262s] INFO:colcon.colcon_core.package_selection:Skipping not selected package 'more_interfaces' in 'src/more_interfaces'
[0.262s] INFO:colcon.colcon_core.package_selection:Skipping not selected package 'my_package' in 'src/my_package'
[0.262s] INFO:colcon.colcon_core.package_selection:Skipping not selected package 'py_pubsub' in 'src/py_pubsub'
[0.262s] INFO:colcon.colcon_core.package_selection:Skipping not selected package 'turtlesim' in 'src/ros_tutorials/turtlesim'
[0.262s] INFO:colcon.colcon_core.package_selection:Skipping not selected package 'tutorial_interfaces' in 'src/tutorial_interfaces'
[0.262s] INFO:colcon.colcon_core.package_selection:Skipping not selected package 'cpp_pubsub' in 'src/cpp_pubsub'
[0.262s] INFO:colcon.colcon_core.package_selection:Skipping not selected package 'cpp_srvcli' in 'src/cpp_srvcli'
[0.263s] Level 1:colcon.colcon_core.package_discovery:discover_packages(prefix_path) check parameters
[0.263s] Level 1:colcon.colcon_core.package_discovery:discover_packages(prefix_path) discover
[0.265s] DEBUG:colcon.colcon_installed_package_information.package_discovery:Found 285 installed packages in /opt/ros/jazzy
[0.266s] Level 1:colcon.colcon_core.package_discovery:discover_packages(prefix_path) using defaults
[0.317s] Level 5:colcon.colcon_core.verb:set package 'rosidl_tutorials_msgs' build argument 'cmake_args' from command line to 'None'
[0.317s] Level 5:colcon.colcon_core.verb:set package 'rosidl_tutorials_msgs' build argument 'cmake_target' from command line to 'None'
[0.317s] Level 5:colcon.colcon_core.verb:set package 'rosidl_tutorials_msgs' build argument 'cmake_target_skip_unavailable' from command line to 'False'
[0.317s] Level 5:colcon.colcon_core.verb:set package 'rosidl_tutorials_msgs' build argument 'cmake_clean_cache' from command line to 'False'
[0.317s] Level 5:colcon.colcon_core.verb:set package 'rosidl_tutorials_msgs' build argument 'cmake_clean_first' from command line to 'False'
[0.317s] Level 5:colcon.colcon_core.verb:set package 'rosidl_tutorials_msgs' build argument 'cmake_force_configure' from command line to 'False'
[0.317s] Level 5:colcon.colcon_core.verb:set package 'rosidl_tutorials_msgs' build argument 'ament_cmake_args' from command line to 'None'
[0.317s] Level 5:colcon.colcon_core.verb:set package 'rosidl_tutorials_msgs' build argument 'catkin_cmake_args' from command line to 'None'
[0.317s] Level 5:colcon.colcon_core.verb:set package 'rosidl_tutorials_msgs' build argument 'catkin_skip_building_tests' from command line to 'False'
[0.317s] DEBUG:colcon.colcon_core.verb:Building package 'rosidl_tutorials_msgs' with the following arguments: {'ament_cmake_args': None, 'build_base': '/home/liror/ros2_ws/build/rosidl_tutorials_msgs', 'catkin_cmake_args': None, 'catkin_skip_building_tests': False, 'cmake_args': None, 'cmake_clean_cache': False, 'cmake_clean_first': False, 'cmake_force_configure': False, 'cmake_target': None, 'cmake_target_skip_unavailable': False, 'install_base': '/home/liror/ros2_ws/install/rosidl_tutorials_msgs', 'merge_install': False, 'path': '/home/liror/ros2_ws/src/rosidl_tutorials_msgs', 'symlink_install': False, 'test_result_base': None}
[0.317s] INFO:colcon.colcon_core.executor:Executing jobs using 'parallel' executor
[0.319s] DEBUG:colcon.colcon_parallel_executor.executor.parallel:run_until_complete
[0.319s] INFO:colcon.colcon_ros.task.ament_cmake.build:Building ROS package in '/home/liror/ros2_ws/src/rosidl_tutorials_msgs' with build type 'ament_cmake'
[0.319s] INFO:colcon.colcon_cmake.task.cmake.build:Building CMake package in '/home/liror/ros2_ws/src/rosidl_tutorials_msgs'
[0.321s] INFO:colcon.colcon_core.plugin_system:Skipping extension 'colcon_core.shell.bat': Not used on non-Windows systems
[0.321s] INFO:colcon.colcon_core.shell:Skip shell extension 'powershell' for command environment: Not usable outside of PowerShell
[0.321s] DEBUG:colcon.colcon_core.shell:Skip shell extension 'dsv' for command environment
[0.334s] DEBUG:colcon.colcon_core.event_handler.log_command:Invoking command in '/home/liror/ros2_ws/build/rosidl_tutorials_msgs': CMAKE_PREFIX_PATH=${CMAKE_PREFIX_PATH}:/opt/ros/jazzy DEBUGINFOD_URLS=https://debuginfod.ubuntu.com /usr/bin/cmake /home/liror/ros2_ws/src/rosidl_tutorials_msgs -DCMAKE_INSTALL_PREFIX=/home/liror/ros2_ws/install/rosidl_tutorials_msgs
[4.223s] DEBUG:colcon.colcon_core.event_handler.log_command:Invoked command in '/home/liror/ros2_ws/build/rosidl_tutorials_msgs' returned '0': CMAKE_PREFIX_PATH=${CMAKE_PREFIX_PATH}:/opt/ros/jazzy DEBUGINFOD_URLS=https://debuginfod.ubuntu.com /usr/bin/cmake /home/liror/ros2_ws/src/rosidl_tutorials_msgs -DCMAKE_INSTALL_PREFIX=/home/liror/ros2_ws/install/rosidl_tutorials_msgs
[4.224s] DEBUG:colcon.colcon_core.event_handler.log_command:Invoking command in '/home/liror/ros2_ws/build/rosidl_tutorials_msgs': CMAKE_PREFIX_PATH=${CMAKE_PREFIX_PATH}:/opt/ros/jazzy DEBUGINFOD_URLS=https://debuginfod.ubuntu.com /usr/bin/cmake --build /home/liror/ros2_ws/build/rosidl_tutorials_msgs -- -j2 -l2
[9.956s] DEBUG:colcon.colcon_core.event_handler.log_command:Invoked command in '/home/liror/ros2_ws/build/rosidl_tutorials_msgs' returned '0': CMAKE_PREFIX_PATH=${CMAKE_PREFIX_PATH}:/opt/ros/jazzy DEBUGINFOD_URLS=https://debuginfod.ubuntu.com /usr/bin/cmake --build /home/liror/ros2_ws/build/rosidl_tutorials_msgs -- -j2 -l2
[9.970s] DEBUG:colcon.colcon_core.event_handler.log_command:Invoking command in '/home/liror/ros2_ws/build/rosidl_tutorials_msgs': CMAKE_PREFIX_PATH=${CMAKE_PREFIX_PATH}:/opt/ros/jazzy DEBUGINFOD_URLS=https://debuginfod.ubuntu.com /usr/bin/cmake --install /home/liror/ros2_ws/build/rosidl_tutorials_msgs
[10.065s] Level 1:colcon.colcon_core.environment:create_environment_scripts_only(rosidl_tutorials_msgs)
[10.065s] DEBUG:colcon.colcon_core.event_handler.log_command:Invoked command in '/home/liror/ros2_ws/build/rosidl_tutorials_msgs' returned '0': CMAKE_PREFIX_PATH=${CMAKE_PREFIX_PATH}:/opt/ros/jazzy DEBUGINFOD_URLS=https://debuginfod.ubuntu.com /usr/bin/cmake --install /home/liror/ros2_ws/build/rosidl_tutorials_msgs
[10.068s] Level 1:colcon.colcon_core.environment:checking '/home/liror/ros2_ws/install/rosidl_tutorials_msgs' for CMake module files
[10.068s] Level 1:colcon.colcon_core.environment:checking '/home/liror/ros2_ws/install/rosidl_tutorials_msgs' for CMake config files
[10.069s] Level 1:colcon.colcon_core.shell:create_environment_hook('rosidl_tutorials_msgs', 'cmake_prefix_path')
[10.069s] INFO:colcon.colcon_core.shell:Creating environment hook '/home/liror/ros2_ws/install/rosidl_tutorials_msgs/share/rosidl_tutorials_msgs/hook/cmake_prefix_path.ps1'
[10.070s] INFO:colcon.colcon_core.shell:Creating environment descriptor '/home/liror/ros2_ws/install/rosidl_tutorials_msgs/share/rosidl_tutorials_msgs/hook/cmake_prefix_path.dsv'
[10.071s] INFO:colcon.colcon_core.shell:Creating environment hook '/home/liror/ros2_ws/install/rosidl_tutorials_msgs/share/rosidl_tutorials_msgs/hook/cmake_prefix_path.sh'
[10.072s] Level 1:colcon.colcon_core.environment:checking '/home/liror/ros2_ws/install/rosidl_tutorials_msgs/lib'
[10.072s] Level 1:colcon.colcon_core.shell:create_environment_hook('rosidl_tutorials_msgs', 'ld_library_path_lib')
[10.072s] INFO:colcon.colcon_core.shell:Creating environment hook '/home/liror/ros2_ws/install/rosidl_tutorials_msgs/share/rosidl_tutorials_msgs/hook/ld_library_path_lib.ps1'
[10.072s] INFO:colcon.colcon_core.shell:Creating environment descriptor '/home/liror/ros2_ws/install/rosidl_tutorials_msgs/share/rosidl_tutorials_msgs/hook/ld_library_path_lib.dsv'
[10.073s] INFO:colcon.colcon_core.shell:Creating environment hook '/home/liror/ros2_ws/install/rosidl_tutorials_msgs/share/rosidl_tutorials_msgs/hook/ld_library_path_lib.sh'
[10.073s] Level 1:colcon.colcon_core.environment:checking '/home/liror/ros2_ws/install/rosidl_tutorials_msgs/bin'
[10.073s] Level 1:colcon.colcon_core.environment:checking '/home/liror/ros2_ws/install/rosidl_tutorials_msgs/lib/pkgconfig/rosidl_tutorials_msgs.pc'
[10.073s] Level 1:colcon.colcon_core.environment:checking '/home/liror/ros2_ws/install/rosidl_tutorials_msgs/lib/python3.12/site-packages'
[10.073s] Level 1:colcon.colcon_core.shell:create_environment_hook('rosidl_tutorials_msgs', 'pythonpath')
[10.074s] INFO:colcon.colcon_core.shell:Creating environment hook '/home/liror/ros2_ws/install/rosidl_tutorials_msgs/share/rosidl_tutorials_msgs/hook/pythonpath.ps1'
[10.074s] INFO:colcon.colcon_core.shell:Creating environment descriptor '/home/liror/ros2_ws/install/rosidl_tutorials_msgs/share/rosidl_tutorials_msgs/hook/pythonpath.dsv'
[10.074s] INFO:colcon.colcon_core.shell:Creating environment hook '/home/liror/ros2_ws/install/rosidl_tutorials_msgs/share/rosidl_tutorials_msgs/hook/pythonpath.sh'
[10.075s] Level 1:colcon.colcon_core.environment:checking '/home/liror/ros2_ws/install/rosidl_tutorials_msgs/bin'
[10.075s] INFO:colcon.colcon_core.shell:Creating package script '/home/liror/ros2_ws/install/rosidl_tutorials_msgs/share/rosidl_tutorials_msgs/package.ps1'
[10.076s] INFO:colcon.colcon_core.shell:Creating package descriptor '/home/liror/ros2_ws/install/rosidl_tutorials_msgs/share/rosidl_tutorials_msgs/package.dsv'
[10.076s] INFO:colcon.colcon_core.shell:Creating package script '/home/liror/ros2_ws/install/rosidl_tutorials_msgs/share/rosidl_tutorials_msgs/package.sh'
[10.077s] INFO:colcon.colcon_core.shell:Creating package script '/home/liror/ros2_ws/install/rosidl_tutorials_msgs/share/rosidl_tutorials_msgs/package.bash'
[10.077s] INFO:colcon.colcon_core.shell:Creating package script '/home/liror/ros2_ws/install/rosidl_tutorials_msgs/share/rosidl_tutorials_msgs/package.zsh'
[10.078s] Level 1:colcon.colcon_core.environment:create_file_with_runtime_dependencies(/home/liror/ros2_ws/install/rosidl_tutorials_msgs/share/colcon-core/packages/rosidl_tutorials_msgs)
[10.079s] Level 1:colcon.colcon_core.environment:create_environment_scripts_only(rosidl_tutorials_msgs)
[10.079s] Level 1:colcon.colcon_core.environment:checking '/home/liror/ros2_ws/install/rosidl_tutorials_msgs' for CMake module files
[10.079s] Level 1:colcon.colcon_core.environment:checking '/home/liror/ros2_ws/install/rosidl_tutorials_msgs' for CMake config files
[10.079s] Level 1:colcon.colcon_core.shell:create_environment_hook('rosidl_tutorials_msgs', 'cmake_prefix_path')
[10.080s] INFO:colcon.colcon_core.shell:Creating environment hook '/home/liror/ros2_ws/install/rosidl_tutorials_msgs/share/rosidl_tutorials_msgs/hook/cmake_prefix_path.ps1'
[10.080s] INFO:colcon.colcon_core.shell:Creating environment descriptor '/home/liror/ros2_ws/install/rosidl_tutorials_msgs/share/rosidl_tutorials_msgs/hook/cmake_prefix_path.dsv'
[10.080s] INFO:colcon.colcon_core.shell:Creating environment hook '/home/liror/ros2_ws/install/rosidl_tutorials_msgs/share/rosidl_tutorials_msgs/hook/cmake_prefix_path.sh'
[10.081s] Level 1:colcon.colcon_core.environment:checking '/home/liror/ros2_ws/install/rosidl_tutorials_msgs/lib'
[10.081s] Level 1:colcon.colcon_core.shell:create_environment_hook('rosidl_tutorials_msgs', 'ld_library_path_lib')
[10.081s] INFO:colcon.colcon_core.shell:Creating environment hook '/home/liror/ros2_ws/install/rosidl_tutorials_msgs/share/rosidl_tutorials_msgs/hook/ld_library_path_lib.ps1'
[10.081s] INFO:colcon.colcon_core.shell:Creating environment descriptor '/home/liror/ros2_ws/install/rosidl_tutorials_msgs/share/rosidl_tutorials_msgs/hook/ld_library_path_lib.dsv'
[10.082s] INFO:colcon.colcon_core.shell:Creating environment hook '/home/liror/ros2_ws/install/rosidl_tutorials_msgs/share/rosidl_tutorials_msgs/hook/ld_library_path_lib.sh'
[10.082s] Level 1:colcon.colcon_core.environment:checking '/home/liror/ros2_ws/install/rosidl_tutorials_msgs/bin'
[10.082s] Level 1:colcon.colcon_core.environment:checking '/home/liror/ros2_ws/install/rosidl_tutorials_msgs/lib/pkgconfig/rosidl_tutorials_msgs.pc'
[10.083s] Level 1:colcon.colcon_core.environment:checking '/home/liror/ros2_ws/install/rosidl_tutorials_msgs/lib/python3.12/site-packages'
[10.083s] Level 1:colcon.colcon_core.shell:create_environment_hook('rosidl_tutorials_msgs', 'pythonpath')
[10.083s] INFO:colcon.colcon_core.shell:Creating environment hook '/home/liror/ros2_ws/install/rosidl_tutorials_msgs/share/rosidl_tutorials_msgs/hook/pythonpath.ps1'
[10.083s] INFO:colcon.colcon_core.shell:Creating environment descriptor '/home/liror/ros2_ws/install/rosidl_tutorials_msgs/share/rosidl_tutorials_msgs/hook/pythonpath.dsv'
[10.084s] INFO:colcon.colcon_core.shell:Creating environment hook '/home/liror/ros2_ws/install/rosidl_tutorials_msgs/share/rosidl_tutorials_msgs/hook/pythonpath.sh'
[10.084s] Level 1:colcon.colcon_core.environment:checking '/home/liror/ros2_ws/install/rosidl_tutorials_msgs/bin'
[10.085s] INFO:colcon.colcon_core.shell:Creating package script '/home/liror/ros2_ws/install/rosidl_tutorials_msgs/share/rosidl_tutorials_msgs/package.ps1'
[10.085s] INFO:colcon.colcon_core.shell:Creating package descriptor '/home/liror/ros2_ws/install/rosidl_tutorials_msgs/share/rosidl_tutorials_msgs/package.dsv'
[10.086s] INFO:colcon.colcon_core.shell:Creating package script '/home/liror/ros2_ws/install/rosidl_tutorials_msgs/share/rosidl_tutorials_msgs/package.sh'
[10.086s] INFO:colcon.colcon_core.shell:Creating package script '/home/liror/ros2_ws/install/rosidl_tutorials_msgs/share/rosidl_tutorials_msgs/package.bash'
[10.086s] INFO:colcon.colcon_core.shell:Creating package script '/home/liror/ros2_ws/install/rosidl_tutorials_msgs/share/rosidl_tutorials_msgs/package.zsh'
[10.087s] Level 1:colcon.colcon_core.environment:create_file_with_runtime_dependencies(/home/liror/ros2_ws/install/rosidl_tutorials_msgs/share/colcon-core/packages/rosidl_tutorials_msgs)
[10.087s] DEBUG:colcon.colcon_parallel_executor.executor.parallel:closing loop
[10.087s] DEBUG:colcon.colcon_parallel_executor.executor.parallel:loop closed
[10.087s] DEBUG:colcon.colcon_parallel_executor.executor.parallel:run_until_complete finished with '0'
[10.087s] DEBUG:colcon.colcon_core.event_reactor:joining thread
[10.095s] INFO:colcon.colcon_core.plugin_system:Skipping extension 'colcon_notification.desktop_notification.terminal_notifier': Not used on non-Darwin systems
[10.095s] INFO:colcon.colcon_core.plugin_system:Skipping extension 'colcon_notification.desktop_notification.win32': Not used on non-Windows systems
[10.095s] INFO:colcon.colcon_notification.desktop_notification:Sending desktop notification using 'notify2'
[10.120s] DEBUG:colcon.colcon_core.event_reactor:joined thread
[10.121s] INFO:colcon.colcon_core.shell:Creating prefix script '/home/liror/ros2_ws/install/local_setup.ps1'
[10.125s] INFO:colcon.colcon_core.shell:Creating prefix util module '/home/liror/ros2_ws/install/_local_setup_util_ps1.py'
[10.127s] INFO:colcon.colcon_core.shell:Creating prefix chain script '/home/liror/ros2_ws/install/setup.ps1'
[10.129s] INFO:colcon.colcon_core.shell:Creating prefix script '/home/liror/ros2_ws/install/local_setup.sh'
[10.130s] INFO:colcon.colcon_core.shell:Creating prefix util module '/home/liror/ros2_ws/install/_local_setup_util_sh.py'
[10.131s] INFO:colcon.colcon_core.shell:Creating prefix chain script '/home/liror/ros2_ws/install/setup.sh'
[10.134s] INFO:colcon.colcon_core.shell:Creating prefix script '/home/liror/ros2_ws/install/local_setup.bash'
[10.135s] INFO:colcon.colcon_core.shell:Creating prefix chain script '/home/liror/ros2_ws/install/setup.bash'
[10.136s] INFO:colcon.colcon_core.shell:Creating prefix script '/home/liror/ros2_ws/install/local_setup.zsh'
[10.136s] INFO:colcon.colcon_core.shell:Creating prefix chain script '/home/liror/ros2_ws/install/setup.zsh'
