[0.016s] Invoking command in '/home/liror/ros2_ws/build/cpp_pubsub': CMAKE_PREFIX_PATH=${CMAKE_PREFIX_PATH}:/home/liror/ros2_ws/install/py_pubsub:/opt/ros/jazzy DEBUGINFOD_URLS=https://debuginfod.ubuntu.com /usr/bin/cmake --build /home/liror/ros2_ws/build/cpp_pubsub -- -j2 -l2
[0.076s] [ 25%] [32mBuilding CXX object CMakeFiles/listener.dir/src/subscriber_lambda.cpp.o[0m
[0.077s] [ 50%] [32mBuilding CXX object CMakeFiles/talker.dir/src/publisher_lambda_function.cpp.o[0m
[1.963s] In file included from [01m[K/opt/ros/jazzy/include/rclcpp/rclcpp/logging.hpp:24[m[K,
[1.963s]                  from [01m[K/opt/ros/jazzy/include/rclcpp/rclcpp/copy_all_parameter_values.hpp:27[m[K,
[1.964s]                  from [01m[K/opt/ros/jazzy/include/rclcpp/rclcpp/rclcpp.hpp:171[m[K,
[1.964s]                  from [01m[K/home/liror/ros2_ws/src/cpp_pubsub/src/subscriber_lambda.cpp:17[m[K:
[1.964s] [01m[K/home/liror/ros2_ws/src/cpp_pubsub/src/subscriber_lambda.cpp:[m[K In lambda function:
[1.964s] [01m[K/home/liror/ros2_ws/src/cpp_pubsub/src/subscriber_lambda.cpp:29:54:[m[K [01;31m[Kerror: [m[Kinvalid operands of types ‘[01m[Kconst char [11][m[K’ and ‘[01m[Kconst tutorial_interfaces::msg::Num_<std::allocator<void> >::_num_type[m[K’ {aka ‘[01m[Kconst long int[m[K’} to binary ‘[01m[Koperator<<[m[K’
[1.964s]    29 |         RCLCPP_INFO(this->get_logger(), [32m[K"I heard: '"[m[K [01;31m[K<<[m[K [34m[Kmsg.num[m[K << "'");
[1.964s]       |                                         [32m[K~~~~~~~~~~~~[m[K [01;31m[K^~[m[K [34m[K~~~~~~~[m[K
[1.964s]       |                                         [32m[K|[m[K                   [34m[K|[m[K
[1.964s]       |                                         [32m[Kconst char [11][m[K     [34m[Kconst tutorial_interfaces::msg::Num_<std::allocator<void> >::_num_type {aka const long int}[m[K
[2.164s] In file included from [01m[K/opt/ros/jazzy/include/rclcpp/rclcpp/logging.hpp:24[m[K,
[2.165s]                  from [01m[K/opt/ros/jazzy/include/rclcpp/rclcpp/copy_all_parameter_values.hpp:27[m[K,
[2.165s]                  from [01m[K/opt/ros/jazzy/include/rclcpp/rclcpp/rclcpp.hpp:171[m[K,
[2.165s]                  from [01m[K/home/liror/ros2_ws/src/cpp_pubsub/src/publisher_lambda_function.cpp:19[m[K:
[2.165s] [01m[K/home/liror/ros2_ws/src/cpp_pubsub/src/publisher_lambda_function.cpp:[m[K In lambda function:
[2.165s] [01m[K/home/liror/ros2_ws/src/cpp_pubsub/src/publisher_lambda_function.cpp:40:41:[m[K [01;35m[Kwarning: [m[Kformat ‘[01m[K%d[m[K’ expects argument of type ‘[01m[Kint[m[K’, but argument 5 has type ‘[01m[Ktutorial_interfaces::msg::Num_<std::allocator<void> >::_num_type[m[K’ {aka ‘[01m[Klong int[m[K’} [[01;35m[K]8;;https://gcc.gnu.org/onlinedocs/gcc/Warning-Options.html#index-Wformat=-Wformat=]8;;[m[K]
[2.165s]    40 |         RCLCPP_INFO(this->get_logger(), [01;35m[K"Publishing: '%d'"[m[K, [32m[Kmessage.num[m[K);
[2.165s]       |                                         [01;35m[K^~~~~~~~~~~~~~~~~~[m[K  [32m[K~~~~~~~~~~~[m[K
[2.165s]       |                                                                     [32m[K|[m[K
[2.165s]       |                                                                     [32m[Ktutorial_interfaces::msg::Num_<std::allocator<void> >::_num_type {aka long int}[m[K
[2.165s] [01m[K/home/liror/ros2_ws/src/cpp_pubsub/src/publisher_lambda_function.cpp:40:56:[m[K [01;36m[Knote: [m[Kformat string is defined here
[2.165s]    40 |         RCLCPP_INFO(this->get_logger(), "Publishing: '[01;36m[K%d[m[K'", message.num);
[2.165s]       |                                                       [01;36m[K~^[m[K
[2.165s]       |                                                        [01;36m[K|[m[K
[2.165s]       |                                                        [01;36m[Kint[m[K
[2.166s]       |                                                       [32m[K%ld[m[K
[3.764s] gmake[2]: *** [CMakeFiles/listener.dir/build.make:76: CMakeFiles/listener.dir/src/subscriber_lambda.cpp.o] Error 1
[3.764s] gmake[1]: *** [CMakeFiles/Makefile2:165: CMakeFiles/listener.dir/all] Error 2
[3.764s] gmake[1]: *** Waiting for unfinished jobs....
[4.131s] [ 75%] [32m[1mLinking CXX executable talker[0m
[4.269s] [ 75%] Built target talker
[4.272s] gmake: *** [Makefile:146: all] Error 2
[4.273s] Invoked command in '/home/liror/ros2_ws/build/cpp_pubsub' returned '2': CMAKE_PREFIX_PATH=${CMAKE_PREFIX_PATH}:/home/liror/ros2_ws/install/py_pubsub:/opt/ros/jazzy DEBUGINFOD_URLS=https://debuginfod.ubuntu.com /usr/bin/cmake --build /home/liror/ros2_ws/build/cpp_pubsub -- -j2 -l2
