[0.018s] Invoking command in '/home/liror/ros2_ws/build/more_interfaces': AMENT_PREFIX_PATH=/home/liror/ros2_ws/install/rosidl_tutorials_msgs:${AMENT_PREFIX_PATH} CMAKE_PREFIX_PATH=/home/liror/ros2_ws/install/rosidl_tutorials_msgs:/opt/ros/jazzy/opt/gz_math_vendor:/opt/ros/jazzy/opt/gz_utils_vendor:/opt/ros/jazzy/opt/gz_cmake_vendor:/opt/ros/jazzy DEBUGINFOD_URLS=https://debuginfod.ubuntu.com LD_LIBRARY_PATH=/home/liror/ros2_ws/install/rosidl_tutorials_msgs/lib:${LD_LIBRARY_PATH} PYTHONPATH=/home/liror/ros2_ws/install/rosidl_tutorials_msgs/lib/python3.12/site-packages:${PYTHONPATH} /usr/bin/cmake --build /home/liror/ros2_ws/build/more_interfaces -- -j2 -l2
[0.082s] [  2%] Built target more_interfaces__rosidl_generator_type_description
[0.095s] [  2%] Built target ament_cmake_python_copy_more_interfaces
[0.108s] [  5%] Built target more_interfaces__cpp
[0.123s] [ 19%] Built target more_interfaces__rosidl_generator_c
[0.145s] [ 27%] Built target more_interfaces__rosidl_typesupport_cpp
[0.171s] [ 36%] Built target more_interfaces__rosidl_typesupport_fastrtps_c
[0.197s] [ 44%] Built target more_interfaces__rosidl_typesupport_introspection_c
[0.241s] [ 52%] Built target more_interfaces__rosidl_typesupport_c
[0.269s] [ 61%] Built target more_interfaces__rosidl_typesupport_fastrtps_cpp
[0.291s] [ 69%] Built target more_interfaces__rosidl_typesupport_introspection_cpp
[0.350s] [ 72%] [32mBuilding CXX object CMakeFiles/publish_address_book.dir/src/publish_address_book.cpp.o[0m
[0.470s] running egg_info
[0.502s] writing more_interfaces.egg-info/PKG-INFO
[0.504s] writing dependency_links to more_interfaces.egg-info/dependency_links.txt
[0.508s] writing top-level names to more_interfaces.egg-info/top_level.txt
[0.568s] reading manifest file 'more_interfaces.egg-info/SOURCES.txt'
[0.569s] writing manifest file 'more_interfaces.egg-info/SOURCES.txt'
[0.605s] [ 72%] Built target ament_cmake_python_build_more_interfaces_egg
[0.636s] [ 72%] Built target more_interfaces
[0.683s] [ 75%] Built target more_interfaces__py
[0.718s] [ 80%] Built target more_interfaces__rosidl_generator_py
[0.742s] [ 86%] Built target more_interfaces_s__rosidl_typesupport_fastrtps_c
[0.765s] [ 91%] Built target more_interfaces_s__rosidl_typesupport_introspection_c
[0.788s] [ 97%] Built target more_interfaces_s__rosidl_typesupport_c
[5.999s] [100%] [32m[1mLinking CXX executable publish_address_book[0m
[6.293s] [100%] Built target publish_address_book
[6.310s] Invoked command in '/home/liror/ros2_ws/build/more_interfaces' returned '0': AMENT_PREFIX_PATH=/home/liror/ros2_ws/install/rosidl_tutorials_msgs:${AMENT_PREFIX_PATH} CMAKE_PREFIX_PATH=/home/liror/ros2_ws/install/rosidl_tutorials_msgs:/opt/ros/jazzy/opt/gz_math_vendor:/opt/ros/jazzy/opt/gz_utils_vendor:/opt/ros/jazzy/opt/gz_cmake_vendor:/opt/ros/jazzy DEBUGINFOD_URLS=https://debuginfod.ubuntu.com LD_LIBRARY_PATH=/home/liror/ros2_ws/install/rosidl_tutorials_msgs/lib:${LD_LIBRARY_PATH} PYTHONPATH=/home/liror/ros2_ws/install/rosidl_tutorials_msgs/lib/python3.12/site-packages:${PYTHONPATH} /usr/bin/cmake --build /home/liror/ros2_ws/build/more_interfaces -- -j2 -l2
[6.332s] Invoking command in '/home/liror/ros2_ws/build/more_interfaces': AMENT_PREFIX_PATH=/home/liror/ros2_ws/install/rosidl_tutorials_msgs:${AMENT_PREFIX_PATH} CMAKE_PREFIX_PATH=/home/liror/ros2_ws/install/rosidl_tutorials_msgs:/opt/ros/jazzy/opt/gz_math_vendor:/opt/ros/jazzy/opt/gz_utils_vendor:/opt/ros/jazzy/opt/gz_cmake_vendor:/opt/ros/jazzy DEBUGINFOD_URLS=https://debuginfod.ubuntu.com LD_LIBRARY_PATH=/home/liror/ros2_ws/install/rosidl_tutorials_msgs/lib:${LD_LIBRARY_PATH} PYTHONPATH=/home/liror/ros2_ws/install/rosidl_tutorials_msgs/lib/python3.12/site-packages:${PYTHONPATH} /usr/bin/cmake --install /home/liror/ros2_ws/build/more_interfaces
[6.347s] -- Install configuration: ""
[6.348s] -- Up-to-date: /home/liror/ros2_ws/install/more_interfaces/share/ament_index/resource_index/rosidl_interfaces/more_interfaces
[6.348s] -- Installing: /home/liror/ros2_ws/install/more_interfaces/share/more_interfaces/msg/AddressBook.json
[6.348s] -- Up-to-date: /home/liror/ros2_ws/install/more_interfaces/include/more_interfaces/more_interfaces
[6.348s] -- Up-to-date: /home/liror/ros2_ws/install/more_interfaces/include/more_interfaces/more_interfaces/msg
[6.349s] -- Installing: /home/liror/ros2_ws/install/more_interfaces/include/more_interfaces/more_interfaces/msg/address_book.h
[6.352s] -- Up-to-date: /home/liror/ros2_ws/install/more_interfaces/include/more_interfaces/more_interfaces/msg/adress_book.h
[6.352s] -- Up-to-date: /home/liror/ros2_ws/install/more_interfaces/include/more_interfaces/more_interfaces/msg/detail
[6.352s] -- Up-to-date: /home/liror/ros2_ws/install/more_interfaces/include/more_interfaces/more_interfaces/msg/detail/adress_book__type_support.c
[6.352s] -- Up-to-date: /home/liror/ros2_ws/install/more_interfaces/include/more_interfaces/more_interfaces/msg/detail/adress_book__struct.h
[6.352s] -- Installing: /home/liror/ros2_ws/install/more_interfaces/include/more_interfaces/more_interfaces/msg/detail/address_book__functions.c
[6.352s] -- Up-to-date: /home/liror/ros2_ws/install/more_interfaces/include/more_interfaces/more_interfaces/msg/detail/adress_book__functions.c
[6.353s] -- Installing: /home/liror/ros2_ws/install/more_interfaces/include/more_interfaces/more_interfaces/msg/detail/address_book__type_support.h
[6.353s] -- Installing: /home/liror/ros2_ws/install/more_interfaces/include/more_interfaces/more_interfaces/msg/detail/address_book__functions.h
[6.353s] -- Installing: /home/liror/ros2_ws/install/more_interfaces/include/more_interfaces/more_interfaces/msg/detail/address_book__type_support.c
[6.353s] -- Up-to-date: /home/liror/ros2_ws/install/more_interfaces/include/more_interfaces/more_interfaces/msg/detail/adress_book__functions.h
[6.354s] -- Up-to-date: /home/liror/ros2_ws/install/more_interfaces/include/more_interfaces/more_interfaces/msg/detail/adress_book__description.c
[6.354s] -- Installing: /home/liror/ros2_ws/install/more_interfaces/include/more_interfaces/more_interfaces/msg/detail/address_book__struct.h
[6.354s] -- Installing: /home/liror/ros2_ws/install/more_interfaces/include/more_interfaces/more_interfaces/msg/detail/address_book__description.c
[6.354s] -- Up-to-date: /home/liror/ros2_ws/install/more_interfaces/include/more_interfaces/more_interfaces/msg/detail/adress_book__type_support.h
[6.355s] -- Up-to-date: /home/liror/ros2_ws/install/more_interfaces/include/more_interfaces/more_interfaces/msg/rosidl_generator_c__visibility_control.h
[6.355s] -- Up-to-date: /home/liror/ros2_ws/install/more_interfaces/share/more_interfaces/environment/library_path.sh
[6.355s] -- Up-to-date: /home/liror/ros2_ws/install/more_interfaces/share/more_interfaces/environment/library_path.dsv
[6.358s] -- Installing: /home/liror/ros2_ws/install/more_interfaces/lib/libmore_interfaces__rosidl_generator_c.so
[6.358s] -- Set non-toolchain portion of runtime path of "/home/liror/ros2_ws/install/more_interfaces/lib/libmore_interfaces__rosidl_generator_c.so" to ""
[6.359s] -- Up-to-date: /home/liror/ros2_ws/install/more_interfaces/include/more_interfaces/more_interfaces
[6.359s] -- Up-to-date: /home/liror/ros2_ws/install/more_interfaces/include/more_interfaces/more_interfaces/msg
[6.360s] -- Up-to-date: /home/liror/ros2_ws/install/more_interfaces/include/more_interfaces/more_interfaces/msg/rosidl_typesupport_fastrtps_c__visibility_control.h
[6.360s] -- Up-to-date: /home/liror/ros2_ws/install/more_interfaces/include/more_interfaces/more_interfaces/msg/detail
[6.360s] -- Installing: /home/liror/ros2_ws/install/more_interfaces/include/more_interfaces/more_interfaces/msg/detail/address_book__rosidl_typesupport_fastrtps_c.h
[6.362s] -- Installing: /home/liror/ros2_ws/install/more_interfaces/lib/libmore_interfaces__rosidl_typesupport_fastrtps_c.so
[6.364s] -- Set non-toolchain portion of runtime path of "/home/liror/ros2_ws/install/more_interfaces/lib/libmore_interfaces__rosidl_typesupport_fastrtps_c.so" to ""
[6.364s] -- Up-to-date: /home/liror/ros2_ws/install/more_interfaces/include/more_interfaces/more_interfaces
[6.365s] -- Up-to-date: /home/liror/ros2_ws/install/more_interfaces/include/more_interfaces/more_interfaces/msg
[6.365s] -- Up-to-date: /home/liror/ros2_ws/install/more_interfaces/include/more_interfaces/more_interfaces/msg/rosidl_typesupport_introspection_c__visibility_control.h
[6.366s] -- Up-to-date: /home/liror/ros2_ws/install/more_interfaces/include/more_interfaces/more_interfaces/msg/detail
[6.366s] -- Installing: /home/liror/ros2_ws/install/more_interfaces/include/more_interfaces/more_interfaces/msg/detail/address_book__type_support.c
[6.366s] -- Installing: /home/liror/ros2_ws/install/more_interfaces/include/more_interfaces/more_interfaces/msg/detail/address_book__rosidl_typesupport_introspection_c.h
[6.367s] -- Installing: /home/liror/ros2_ws/install/more_interfaces/lib/libmore_interfaces__rosidl_typesupport_introspection_c.so
[6.368s] -- Set non-toolchain portion of runtime path of "/home/liror/ros2_ws/install/more_interfaces/lib/libmore_interfaces__rosidl_typesupport_introspection_c.so" to ""
[6.369s] -- Installing: /home/liror/ros2_ws/install/more_interfaces/lib/libmore_interfaces__rosidl_typesupport_c.so
[6.370s] -- Set non-toolchain portion of runtime path of "/home/liror/ros2_ws/install/more_interfaces/lib/libmore_interfaces__rosidl_typesupport_c.so" to ""
[6.370s] -- Up-to-date: /home/liror/ros2_ws/install/more_interfaces/include/more_interfaces/more_interfaces
[6.370s] -- Up-to-date: /home/liror/ros2_ws/install/more_interfaces/include/more_interfaces/more_interfaces/msg
[6.371s] -- Installing: /home/liror/ros2_ws/install/more_interfaces/include/more_interfaces/more_interfaces/msg/rosidl_generator_cpp__visibility_control.hpp
[6.371s] -- Up-to-date: /home/liror/ros2_ws/install/more_interfaces/include/more_interfaces/more_interfaces/msg/adress_book.hpp
[6.371s] -- Installing: /home/liror/ros2_ws/install/more_interfaces/include/more_interfaces/more_interfaces/msg/address_book.hpp
[6.372s] -- Up-to-date: /home/liror/ros2_ws/install/more_interfaces/include/more_interfaces/more_interfaces/msg/detail
[6.372s] -- Up-to-date: /home/liror/ros2_ws/install/more_interfaces/include/more_interfaces/more_interfaces/msg/detail/adress_book__traits.hpp
[6.374s] -- Installing: /home/liror/ros2_ws/install/more_interfaces/include/more_interfaces/more_interfaces/msg/detail/address_book__type_support.hpp
[6.375s] -- Installing: /home/liror/ros2_ws/install/more_interfaces/include/more_interfaces/more_interfaces/msg/detail/address_book__builder.hpp
[6.375s] -- Up-to-date: /home/liror/ros2_ws/install/more_interfaces/include/more_interfaces/more_interfaces/msg/detail/adress_book__struct.hpp
[6.376s] -- Up-to-date: /home/liror/ros2_ws/install/more_interfaces/include/more_interfaces/more_interfaces/msg/detail/adress_book__type_support.hpp
[6.376s] -- Up-to-date: /home/liror/ros2_ws/install/more_interfaces/include/more_interfaces/more_interfaces/msg/detail/adress_book__builder.hpp
[6.376s] -- Installing: /home/liror/ros2_ws/install/more_interfaces/include/more_interfaces/more_interfaces/msg/detail/address_book__struct.hpp
[6.377s] -- Installing: /home/liror/ros2_ws/install/more_interfaces/include/more_interfaces/more_interfaces/msg/detail/address_book__traits.hpp
[6.377s] -- Up-to-date: /home/liror/ros2_ws/install/more_interfaces/include/more_interfaces/more_interfaces
[6.378s] -- Up-to-date: /home/liror/ros2_ws/install/more_interfaces/include/more_interfaces/more_interfaces/msg
[6.378s] -- Up-to-date: /home/liror/ros2_ws/install/more_interfaces/include/more_interfaces/more_interfaces/msg/rosidl_typesupport_fastrtps_cpp__visibility_control.h
[6.378s] -- Up-to-date: /home/liror/ros2_ws/install/more_interfaces/include/more_interfaces/more_interfaces/msg/detail
[6.379s] -- Installing: /home/liror/ros2_ws/install/more_interfaces/include/more_interfaces/more_interfaces/msg/detail/address_book__rosidl_typesupport_fastrtps_cpp.hpp
[6.379s] -- Up-to-date: /home/liror/ros2_ws/install/more_interfaces/include/more_interfaces/more_interfaces/msg/detail/dds_fastrtps
[6.381s] -- Installing: /home/liror/ros2_ws/install/more_interfaces/lib/libmore_interfaces__rosidl_typesupport_fastrtps_cpp.so
[6.382s] -- Set non-toolchain portion of runtime path of "/home/liror/ros2_ws/install/more_interfaces/lib/libmore_interfaces__rosidl_typesupport_fastrtps_cpp.so" to ""
[6.382s] -- Up-to-date: /home/liror/ros2_ws/install/more_interfaces/include/more_interfaces/more_interfaces
[6.382s] -- Up-to-date: /home/liror/ros2_ws/install/more_interfaces/include/more_interfaces/more_interfaces/msg
[6.382s] -- Up-to-date: /home/liror/ros2_ws/install/more_interfaces/include/more_interfaces/more_interfaces/msg/detail
[6.383s] -- Installing: /home/liror/ros2_ws/install/more_interfaces/include/more_interfaces/more_interfaces/msg/detail/address_book__rosidl_typesupport_introspection_cpp.hpp
[6.383s] -- Installing: /home/liror/ros2_ws/install/more_interfaces/include/more_interfaces/more_interfaces/msg/detail/address_book__type_support.cpp
[6.385s] -- Installing: /home/liror/ros2_ws/install/more_interfaces/lib/libmore_interfaces__rosidl_typesupport_introspection_cpp.so
[6.387s] -- Set non-toolchain portion of runtime path of "/home/liror/ros2_ws/install/more_interfaces/lib/libmore_interfaces__rosidl_typesupport_introspection_cpp.so" to ""
[6.388s] -- Installing: /home/liror/ros2_ws/install/more_interfaces/lib/libmore_interfaces__rosidl_typesupport_cpp.so
[6.388s] -- Set non-toolchain portion of runtime path of "/home/liror/ros2_ws/install/more_interfaces/lib/libmore_interfaces__rosidl_typesupport_cpp.so" to ""
[6.388s] -- Up-to-date: /home/liror/ros2_ws/install/more_interfaces/share/more_interfaces/environment/pythonpath.sh
[6.389s] -- Up-to-date: /home/liror/ros2_ws/install/more_interfaces/share/more_interfaces/environment/pythonpath.dsv
[6.389s] -- Up-to-date: /home/liror/ros2_ws/install/more_interfaces/lib/python3.12/site-packages/more_interfaces-0.0.0-py3.12.egg-info
[6.390s] -- Installing: /home/liror/ros2_ws/install/more_interfaces/lib/python3.12/site-packages/more_interfaces-0.0.0-py3.12.egg-info/PKG-INFO
[6.392s] -- Installing: /home/liror/ros2_ws/install/more_interfaces/lib/python3.12/site-packages/more_interfaces-0.0.0-py3.12.egg-info/SOURCES.txt
[6.392s] -- Installing: /home/liror/ros2_ws/install/more_interfaces/lib/python3.12/site-packages/more_interfaces-0.0.0-py3.12.egg-info/dependency_links.txt
[6.392s] -- Installing: /home/liror/ros2_ws/install/more_interfaces/lib/python3.12/site-packages/more_interfaces-0.0.0-py3.12.egg-info/top_level.txt
[6.392s] -- Up-to-date: /home/liror/ros2_ws/install/more_interfaces/lib/python3.12/site-packages/more_interfaces
[6.392s] -- Installing: /home/liror/ros2_ws/install/more_interfaces/lib/python3.12/site-packages/more_interfaces/more_interfaces_s__rosidl_typesupport_c.so
[6.392s] -- Installing: /home/liror/ros2_ws/install/more_interfaces/lib/python3.12/site-packages/more_interfaces/more_interfaces_s__rosidl_typesupport_fastrtps_c.so
[6.392s] -- Installing: /home/liror/ros2_ws/install/more_interfaces/lib/python3.12/site-packages/more_interfaces/__init__.py
[6.393s] -- Installing: /home/liror/ros2_ws/install/more_interfaces/lib/python3.12/site-packages/more_interfaces/_more_interfaces_s.ep.rosidl_typesupport_c.c
[6.393s] -- Installing: /home/liror/ros2_ws/install/more_interfaces/lib/python3.12/site-packages/more_interfaces/_more_interfaces_s.ep.rosidl_typesupport_introspection_c.c
[6.393s] -- Installing: /home/liror/ros2_ws/install/more_interfaces/lib/python3.12/site-packages/more_interfaces/_more_interfaces_s.ep.rosidl_typesupport_fastrtps_c.c
[6.393s] -- Up-to-date: /home/liror/ros2_ws/install/more_interfaces/lib/python3.12/site-packages/more_interfaces/msg
[6.393s] -- Installing: /home/liror/ros2_ws/install/more_interfaces/lib/python3.12/site-packages/more_interfaces/msg/__init__.py
[6.393s] -- Installing: /home/liror/ros2_ws/install/more_interfaces/lib/python3.12/site-packages/more_interfaces/msg/_address_book.py
[6.393s] -- Installing: /home/liror/ros2_ws/install/more_interfaces/lib/python3.12/site-packages/more_interfaces/msg/_address_book_s.c
[6.394s] -- Installing: /home/liror/ros2_ws/install/more_interfaces/lib/python3.12/site-packages/more_interfaces/more_interfaces_s__rosidl_typesupport_introspection_c.so
[6.453s] Listing '/home/liror/ros2_ws/install/more_interfaces/lib/python3.12/site-packages/more_interfaces'...
[6.453s] Compiling '/home/liror/ros2_ws/install/more_interfaces/lib/python3.12/site-packages/more_interfaces/__init__.py'...
[6.453s] Listing '/home/liror/ros2_ws/install/more_interfaces/lib/python3.12/site-packages/more_interfaces/msg'...
[6.453s] Compiling '/home/liror/ros2_ws/install/more_interfaces/lib/python3.12/site-packages/more_interfaces/msg/__init__.py'...
[6.453s] Compiling '/home/liror/ros2_ws/install/more_interfaces/lib/python3.12/site-packages/more_interfaces/msg/_address_book.py'...
[6.459s] -- Installing: /home/liror/ros2_ws/install/more_interfaces/lib/python3.12/site-packages/more_interfaces/more_interfaces_s__rosidl_typesupport_fastrtps_c.so
[6.460s] -- Set non-toolchain portion of runtime path of "/home/liror/ros2_ws/install/more_interfaces/lib/python3.12/site-packages/more_interfaces/more_interfaces_s__rosidl_typesupport_fastrtps_c.so" to ""
[6.460s] -- Installing: /home/liror/ros2_ws/install/more_interfaces/lib/python3.12/site-packages/more_interfaces/more_interfaces_s__rosidl_typesupport_introspection_c.so
[6.461s] -- Set non-toolchain portion of runtime path of "/home/liror/ros2_ws/install/more_interfaces/lib/python3.12/site-packages/more_interfaces/more_interfaces_s__rosidl_typesupport_introspection_c.so" to ""
[6.461s] -- Installing: /home/liror/ros2_ws/install/more_interfaces/lib/python3.12/site-packages/more_interfaces/more_interfaces_s__rosidl_typesupport_c.so
[6.462s] -- Set non-toolchain portion of runtime path of "/home/liror/ros2_ws/install/more_interfaces/lib/python3.12/site-packages/more_interfaces/more_interfaces_s__rosidl_typesupport_c.so" to ""
[6.463s] -- Installing: /home/liror/ros2_ws/install/more_interfaces/lib/libmore_interfaces__rosidl_generator_py.so
[6.463s] -- Set non-toolchain portion of runtime path of "/home/liror/ros2_ws/install/more_interfaces/lib/libmore_interfaces__rosidl_generator_py.so" to ""
[6.463s] -- Installing: /home/liror/ros2_ws/install/more_interfaces/share/more_interfaces/msg/AddressBook.idl
[6.464s] -- Installing: /home/liror/ros2_ws/install/more_interfaces/share/more_interfaces/msg/AddressBook.msg
[6.465s] -- Installing: /home/liror/ros2_ws/install/more_interfaces/lib/more_interfaces/publish_address_book
[6.468s] -- Set non-toolchain portion of runtime path of "/home/liror/ros2_ws/install/more_interfaces/lib/more_interfaces/publish_address_book" to ""
[6.468s] -- Installing: /home/liror/ros2_ws/install/more_interfaces/share/ament_index/resource_index/package_run_dependencies/more_interfaces
[6.471s] -- Installing: /home/liror/ros2_ws/install/more_interfaces/share/ament_index/resource_index/parent_prefix_path/more_interfaces
[6.471s] -- Up-to-date: /home/liror/ros2_ws/install/more_interfaces/share/more_interfaces/environment/ament_prefix_path.sh
[6.472s] -- Up-to-date: /home/liror/ros2_ws/install/more_interfaces/share/more_interfaces/environment/ament_prefix_path.dsv
[6.472s] -- Up-to-date: /home/liror/ros2_ws/install/more_interfaces/share/more_interfaces/environment/path.sh
[6.474s] -- Up-to-date: /home/liror/ros2_ws/install/more_interfaces/share/more_interfaces/environment/path.dsv
[6.474s] -- Up-to-date: /home/liror/ros2_ws/install/more_interfaces/share/more_interfaces/local_setup.bash
[6.474s] -- Up-to-date: /home/liror/ros2_ws/install/more_interfaces/share/more_interfaces/local_setup.sh
[6.474s] -- Up-to-date: /home/liror/ros2_ws/install/more_interfaces/share/more_interfaces/local_setup.zsh
[6.474s] -- Up-to-date: /home/liror/ros2_ws/install/more_interfaces/share/more_interfaces/local_setup.dsv
[6.474s] -- Installing: /home/liror/ros2_ws/install/more_interfaces/share/more_interfaces/package.dsv
[6.475s] -- Up-to-date: /home/liror/ros2_ws/install/more_interfaces/share/ament_index/resource_index/packages/more_interfaces
[6.475s] -- Old export file "/home/liror/ros2_ws/install/more_interfaces/share/more_interfaces/cmake/export_more_interfaces__rosidl_generator_cExport.cmake" will be replaced.  Removing files [/home/liror/ros2_ws/install/more_interfaces/share/more_interfaces/cmake/export_more_interfaces__rosidl_generator_cExport-noconfig.cmake].
[6.475s] -- Installing: /home/liror/ros2_ws/install/more_interfaces/share/more_interfaces/cmake/export_more_interfaces__rosidl_generator_cExport.cmake
[6.475s] -- Installing: /home/liror/ros2_ws/install/more_interfaces/share/more_interfaces/cmake/export_more_interfaces__rosidl_generator_cExport-noconfig.cmake
[6.475s] -- Old export file "/home/liror/ros2_ws/install/more_interfaces/share/more_interfaces/cmake/export_more_interfaces__rosidl_typesupport_fastrtps_cExport.cmake" will be replaced.  Removing files [/home/liror/ros2_ws/install/more_interfaces/share/more_interfaces/cmake/export_more_interfaces__rosidl_typesupport_fastrtps_cExport-noconfig.cmake].
[6.476s] -- Installing: /home/liror/ros2_ws/install/more_interfaces/share/more_interfaces/cmake/export_more_interfaces__rosidl_typesupport_fastrtps_cExport.cmake
[6.476s] -- Installing: /home/liror/ros2_ws/install/more_interfaces/share/more_interfaces/cmake/export_more_interfaces__rosidl_typesupport_fastrtps_cExport-noconfig.cmake
[6.476s] -- Old export file "/home/liror/ros2_ws/install/more_interfaces/share/more_interfaces/cmake/more_interfaces__rosidl_typesupport_introspection_cExport.cmake" will be replaced.  Removing files [/home/liror/ros2_ws/install/more_interfaces/share/more_interfaces/cmake/more_interfaces__rosidl_typesupport_introspection_cExport-noconfig.cmake].
[6.477s] -- Installing: /home/liror/ros2_ws/install/more_interfaces/share/more_interfaces/cmake/more_interfaces__rosidl_typesupport_introspection_cExport.cmake
[6.477s] -- Installing: /home/liror/ros2_ws/install/more_interfaces/share/more_interfaces/cmake/more_interfaces__rosidl_typesupport_introspection_cExport-noconfig.cmake
[6.478s] -- Old export file "/home/liror/ros2_ws/install/more_interfaces/share/more_interfaces/cmake/more_interfaces__rosidl_typesupport_cExport.cmake" will be replaced.  Removing files [/home/liror/ros2_ws/install/more_interfaces/share/more_interfaces/cmake/more_interfaces__rosidl_typesupport_cExport-noconfig.cmake].
[6.479s] -- Installing: /home/liror/ros2_ws/install/more_interfaces/share/more_interfaces/cmake/more_interfaces__rosidl_typesupport_cExport.cmake
[6.479s] -- Installing: /home/liror/ros2_ws/install/more_interfaces/share/more_interfaces/cmake/more_interfaces__rosidl_typesupport_cExport-noconfig.cmake
[6.480s] -- Installing: /home/liror/ros2_ws/install/more_interfaces/share/more_interfaces/cmake/export_more_interfaces__rosidl_generator_cppExport.cmake
[6.480s] -- Old export file "/home/liror/ros2_ws/install/more_interfaces/share/more_interfaces/cmake/export_more_interfaces__rosidl_typesupport_fastrtps_cppExport.cmake" will be replaced.  Removing files [/home/liror/ros2_ws/install/more_interfaces/share/more_interfaces/cmake/export_more_interfaces__rosidl_typesupport_fastrtps_cppExport-noconfig.cmake].
[6.481s] -- Installing: /home/liror/ros2_ws/install/more_interfaces/share/more_interfaces/cmake/export_more_interfaces__rosidl_typesupport_fastrtps_cppExport.cmake
[6.481s] -- Installing: /home/liror/ros2_ws/install/more_interfaces/share/more_interfaces/cmake/export_more_interfaces__rosidl_typesupport_fastrtps_cppExport-noconfig.cmake
[6.482s] -- Old export file "/home/liror/ros2_ws/install/more_interfaces/share/more_interfaces/cmake/more_interfaces__rosidl_typesupport_introspection_cppExport.cmake" will be replaced.  Removing files [/home/liror/ros2_ws/install/more_interfaces/share/more_interfaces/cmake/more_interfaces__rosidl_typesupport_introspection_cppExport-noconfig.cmake].
[6.482s] -- Installing: /home/liror/ros2_ws/install/more_interfaces/share/more_interfaces/cmake/more_interfaces__rosidl_typesupport_introspection_cppExport.cmake
[6.482s] -- Installing: /home/liror/ros2_ws/install/more_interfaces/share/more_interfaces/cmake/more_interfaces__rosidl_typesupport_introspection_cppExport-noconfig.cmake
[6.483s] -- Old export file "/home/liror/ros2_ws/install/more_interfaces/share/more_interfaces/cmake/more_interfaces__rosidl_typesupport_cppExport.cmake" will be replaced.  Removing files [/home/liror/ros2_ws/install/more_interfaces/share/more_interfaces/cmake/more_interfaces__rosidl_typesupport_cppExport-noconfig.cmake].
[6.483s] -- Installing: /home/liror/ros2_ws/install/more_interfaces/share/more_interfaces/cmake/more_interfaces__rosidl_typesupport_cppExport.cmake
[6.484s] -- Installing: /home/liror/ros2_ws/install/more_interfaces/share/more_interfaces/cmake/more_interfaces__rosidl_typesupport_cppExport-noconfig.cmake
[6.485s] -- Up-to-date: /home/liror/ros2_ws/install/more_interfaces/share/more_interfaces/cmake/export_more_interfaces__rosidl_generator_pyExport.cmake
[6.485s] -- Installing: /home/liror/ros2_ws/install/more_interfaces/share/more_interfaces/cmake/export_more_interfaces__rosidl_generator_pyExport-noconfig.cmake
[6.486s] -- Up-to-date: /home/liror/ros2_ws/install/more_interfaces/share/more_interfaces/cmake/rosidl_cmake-extras.cmake
[6.486s] -- Installing: /home/liror/ros2_ws/install/more_interfaces/share/more_interfaces/cmake/ament_cmake_export_dependencies-extras.cmake
[6.486s] -- Up-to-date: /home/liror/ros2_ws/install/more_interfaces/share/more_interfaces/cmake/ament_cmake_export_include_directories-extras.cmake
[6.487s] -- Up-to-date: /home/liror/ros2_ws/install/more_interfaces/share/more_interfaces/cmake/ament_cmake_export_libraries-extras.cmake
[6.487s] -- Up-to-date: /home/liror/ros2_ws/install/more_interfaces/share/more_interfaces/cmake/ament_cmake_export_targets-extras.cmake
[6.487s] -- Up-to-date: /home/liror/ros2_ws/install/more_interfaces/share/more_interfaces/cmake/rosidl_cmake_export_typesupport_targets-extras.cmake
[6.487s] -- Up-to-date: /home/liror/ros2_ws/install/more_interfaces/share/more_interfaces/cmake/rosidl_cmake_export_typesupport_libraries-extras.cmake
[6.487s] -- Installing: /home/liror/ros2_ws/install/more_interfaces/share/more_interfaces/cmake/more_interfacesConfig.cmake
[6.488s] -- Up-to-date: /home/liror/ros2_ws/install/more_interfaces/share/more_interfaces/cmake/more_interfacesConfig-version.cmake
[6.488s] -- Installing: /home/liror/ros2_ws/install/more_interfaces/share/more_interfaces/package.xml
[6.492s] Invoked command in '/home/liror/ros2_ws/build/more_interfaces' returned '0': AMENT_PREFIX_PATH=/home/liror/ros2_ws/install/rosidl_tutorials_msgs:${AMENT_PREFIX_PATH} CMAKE_PREFIX_PATH=/home/liror/ros2_ws/install/rosidl_tutorials_msgs:/opt/ros/jazzy/opt/gz_math_vendor:/opt/ros/jazzy/opt/gz_utils_vendor:/opt/ros/jazzy/opt/gz_cmake_vendor:/opt/ros/jazzy DEBUGINFOD_URLS=https://debuginfod.ubuntu.com LD_LIBRARY_PATH=/home/liror/ros2_ws/install/rosidl_tutorials_msgs/lib:${LD_LIBRARY_PATH} PYTHONPATH=/home/liror/ros2_ws/install/rosidl_tutorials_msgs/lib/python3.12/site-packages:${PYTHONPATH} /usr/bin/cmake --install /home/liror/ros2_ws/build/more_interfaces
