[0.007s] Invoking command in '/home/liror/ros2_ws/build/polygon_plugins': AMENT_PREFIX_PATH=/home/liror/ros2_ws/install/polygon_base:${AMENT_PREFIX_PATH} CMAKE_PREFIX_PATH=/home/liror/ros2_ws/install/polygon_base:/opt/ros/jazzy/opt/gz_math_vendor:/opt/ros/jazzy/opt/gz_utils_vendor:/opt/ros/jazzy/opt/gz_cmake_vendor:/opt/ros/jazzy DEBUGINFOD_URLS=https://debuginfod.ubuntu.com /usr/bin/cmake /home/liror/ros2_ws/src/polygon_plugins -DCMAKE_INSTALL_PREFIX=/home/liror/ros2_ws/install/polygon_plugins
[0.052s] -- The C compiler identification is GNU 13.3.0
[0.101s] -- The CXX compiler identification is GNU 13.3.0
[0.116s] -- Detecting C compiler ABI info
[0.185s] -- Detecting C compiler ABI info - done
[0.193s] -- Check for working C compiler: /usr/bin/cc - skipped
[0.193s] -- Detecting C compile features
[0.194s] -- Detecting C compile features - done
[0.204s] -- Detecting CXX compiler ABI info
[0.286s] -- Detecting CXX compiler ABI info - done
[0.292s] -- Check for working CXX compiler: /usr/bin/c++ - skipped
[0.292s] -- Detecting CXX compile features
[0.293s] -- Detecting CXX compile features - done
[0.295s] -- Found ament_cmake: 2.5.3 (/opt/ros/jazzy/share/ament_cmake/cmake)
[0.403s] -- Found Python3: /usr/bin/python3 (found version "3.12.3") found components: Interpreter 
[0.488s] -- Found ament_cmake_ros: 0.12.0 (/opt/ros/jazzy/share/ament_cmake_ros/cmake)
[0.516s] -- Found polygon_base: 0.0.0 (/home/liror/ros2_ws/install/polygon_base/share/polygon_base/cmake)
[0.517s] -- Found pluginlib: 5.4.2 (/opt/ros/jazzy/share/pluginlib/cmake)
[0.560s] -- Found TinyXML2 via Config file: /usr/lib/x86_64-linux-gnu/cmake/tinyxml2
[0.560s] -- Found ament_lint_auto: 0.17.2 (/opt/ros/jazzy/share/ament_lint_auto/cmake)
[0.665s] -- Added test 'cppcheck' to perform static code analysis on C / C++ code
[0.665s] -- Configured cppcheck include dirs: $<BUILD_INTERFACE:/home/liror/ros2_ws/src/polygon_plugins/include>
[0.665s] -- Configured cppcheck exclude dirs and/or files: 
[0.667s] -- Added test 'lint_cmake' to check CMake code style
[0.668s] -- Added test 'uncrustify' to check C / C++ code style
[0.668s] -- Configured uncrustify additional arguments: 
[0.669s] -- Added test 'xmllint' to check XML markup files
[0.678s] -- Configuring done (0.7s)
[0.691s] -- Generating done (0.0s)
[0.696s] -- Build files have been written to: /home/liror/ros2_ws/build/polygon_plugins
[0.707s] Invoked command in '/home/liror/ros2_ws/build/polygon_plugins' returned '0': AMENT_PREFIX_PATH=/home/liror/ros2_ws/install/polygon_base:${AMENT_PREFIX_PATH} CMAKE_PREFIX_PATH=/home/liror/ros2_ws/install/polygon_base:/opt/ros/jazzy/opt/gz_math_vendor:/opt/ros/jazzy/opt/gz_utils_vendor:/opt/ros/jazzy/opt/gz_cmake_vendor:/opt/ros/jazzy DEBUGINFOD_URLS=https://debuginfod.ubuntu.com /usr/bin/cmake /home/liror/ros2_ws/src/polygon_plugins -DCMAKE_INSTALL_PREFIX=/home/liror/ros2_ws/install/polygon_plugins
[0.707s] Invoking command in '/home/liror/ros2_ws/build/polygon_plugins': AMENT_PREFIX_PATH=/home/liror/ros2_ws/install/polygon_base:${AMENT_PREFIX_PATH} CMAKE_PREFIX_PATH=/home/liror/ros2_ws/install/polygon_base:/opt/ros/jazzy/opt/gz_math_vendor:/opt/ros/jazzy/opt/gz_utils_vendor:/opt/ros/jazzy/opt/gz_cmake_vendor:/opt/ros/jazzy DEBUGINFOD_URLS=https://debuginfod.ubuntu.com /usr/bin/cmake --build /home/liror/ros2_ws/build/polygon_plugins -- -j2 -l2
[0.772s] [ 50%] [32mBuilding CXX object CMakeFiles/polygon_plugins.dir/src/polygon_plugins.cpp.o[0m
[1.364s] [100%] [32m[1mLinking CXX shared library libpolygon_plugins.so[0m
[1.428s] [100%] Built target polygon_plugins
[1.437s] Invoked command in '/home/liror/ros2_ws/build/polygon_plugins' returned '0': AMENT_PREFIX_PATH=/home/liror/ros2_ws/install/polygon_base:${AMENT_PREFIX_PATH} CMAKE_PREFIX_PATH=/home/liror/ros2_ws/install/polygon_base:/opt/ros/jazzy/opt/gz_math_vendor:/opt/ros/jazzy/opt/gz_utils_vendor:/opt/ros/jazzy/opt/gz_cmake_vendor:/opt/ros/jazzy DEBUGINFOD_URLS=https://debuginfod.ubuntu.com /usr/bin/cmake --build /home/liror/ros2_ws/build/polygon_plugins -- -j2 -l2
[1.438s] Invoking command in '/home/liror/ros2_ws/build/polygon_plugins': AMENT_PREFIX_PATH=/home/liror/ros2_ws/install/polygon_base:${AMENT_PREFIX_PATH} CMAKE_PREFIX_PATH=/home/liror/ros2_ws/install/polygon_base:/opt/ros/jazzy/opt/gz_math_vendor:/opt/ros/jazzy/opt/gz_utils_vendor:/opt/ros/jazzy/opt/gz_cmake_vendor:/opt/ros/jazzy DEBUGINFOD_URLS=https://debuginfod.ubuntu.com /usr/bin/cmake --install /home/liror/ros2_ws/build/polygon_plugins
[1.445s] -- Install configuration: ""
[1.445s] -- Installing: /home/liror/ros2_ws/install/polygon_plugins/share/polygon_plugins/plugins.xml
[1.446s] -- Installing: /home/liror/ros2_ws/install/polygon_plugins/include/polygon_plugins
[1.446s] -- Installing: /home/liror/ros2_ws/install/polygon_plugins/include/polygon_plugins/polygon_plugins
[1.446s] -- Installing: /home/liror/ros2_ws/install/polygon_plugins/include/polygon_plugins/polygon_plugins/polygon_plugins.hpp
[1.447s] -- Installing: /home/liror/ros2_ws/install/polygon_plugins/include/polygon_plugins/polygon_plugins/visibility_control.h
[1.447s] -- Installing: /home/liror/ros2_ws/install/polygon_plugins/lib/libpolygon_plugins.so
[1.447s] -- Set non-toolchain portion of runtime path of "/home/liror/ros2_ws/install/polygon_plugins/lib/libpolygon_plugins.so" to ""
[1.447s] -- Installing: /home/liror/ros2_ws/install/polygon_plugins/share/polygon_plugins/environment/library_path.sh
[1.448s] -- Installing: /home/liror/ros2_ws/install/polygon_plugins/share/polygon_plugins/environment/library_path.dsv
[1.448s] -- Installing: /home/liror/ros2_ws/install/polygon_plugins/share/ament_index/resource_index/package_run_dependencies/polygon_plugins
[1.448s] -- Installing: /home/liror/ros2_ws/install/polygon_plugins/share/ament_index/resource_index/parent_prefix_path/polygon_plugins
[1.448s] -- Installing: /home/liror/ros2_ws/install/polygon_plugins/share/polygon_plugins/environment/ament_prefix_path.sh
[1.449s] -- Installing: /home/liror/ros2_ws/install/polygon_plugins/share/polygon_plugins/environment/ament_prefix_path.dsv
[1.449s] -- Installing: /home/liror/ros2_ws/install/polygon_plugins/share/polygon_plugins/environment/path.sh
[1.449s] -- Installing: /home/liror/ros2_ws/install/polygon_plugins/share/polygon_plugins/environment/path.dsv
[1.449s] -- Installing: /home/liror/ros2_ws/install/polygon_plugins/share/polygon_plugins/local_setup.bash
[1.450s] -- Installing: /home/liror/ros2_ws/install/polygon_plugins/share/polygon_plugins/local_setup.sh
[1.450s] -- Installing: /home/liror/ros2_ws/install/polygon_plugins/share/polygon_plugins/local_setup.zsh
[1.450s] -- Installing: /home/liror/ros2_ws/install/polygon_plugins/share/polygon_plugins/local_setup.dsv
[1.450s] -- Installing: /home/liror/ros2_ws/install/polygon_plugins/share/polygon_plugins/package.dsv
[1.450s] -- Installing: /home/liror/ros2_ws/install/polygon_plugins/share/ament_index/resource_index/packages/polygon_plugins
[1.451s] -- Installing: /home/liror/ros2_ws/install/polygon_plugins/share/ament_index/resource_index/polygon_base__pluginlib__plugin/polygon_plugins
[1.451s] -- Installing: /home/liror/ros2_ws/install/polygon_plugins/share/polygon_plugins/cmake/export_polygon_pluginsExport.cmake
[1.451s] -- Installing: /home/liror/ros2_ws/install/polygon_plugins/share/polygon_plugins/cmake/export_polygon_pluginsExport-noconfig.cmake
[1.451s] -- Installing: /home/liror/ros2_ws/install/polygon_plugins/share/polygon_plugins/cmake/ament_cmake_export_include_directories-extras.cmake
[1.451s] -- Installing: /home/liror/ros2_ws/install/polygon_plugins/share/polygon_plugins/cmake/ament_cmake_export_libraries-extras.cmake
[1.452s] -- Installing: /home/liror/ros2_ws/install/polygon_plugins/share/polygon_plugins/cmake/ament_cmake_export_targets-extras.cmake
[1.452s] -- Installing: /home/liror/ros2_ws/install/polygon_plugins/share/polygon_plugins/cmake/polygon_pluginsConfig.cmake
[1.452s] -- Installing: /home/liror/ros2_ws/install/polygon_plugins/share/polygon_plugins/cmake/polygon_pluginsConfig-version.cmake
[1.452s] -- Installing: /home/liror/ros2_ws/install/polygon_plugins/share/polygon_plugins/package.xml
[1.454s] Invoked command in '/home/liror/ros2_ws/build/polygon_plugins' returned '0': AMENT_PREFIX_PATH=/home/liror/ros2_ws/install/polygon_base:${AMENT_PREFIX_PATH} CMAKE_PREFIX_PATH=/home/liror/ros2_ws/install/polygon_base:/opt/ros/jazzy/opt/gz_math_vendor:/opt/ros/jazzy/opt/gz_utils_vendor:/opt/ros/jazzy/opt/gz_cmake_vendor:/opt/ros/jazzy DEBUGINFOD_URLS=https://debuginfod.ubuntu.com /usr/bin/cmake --install /home/liror/ros2_ws/build/polygon_plugins
