[0.928s] Invoking command in '/home/liror/ros2_ws/src/py_srvcli': DEBUGINFOD_URLS=https://debuginfod.ubuntu.com PYTHONPATH=/home/liror/ros2_ws/build/py_srvcli/prefix_override:/usr/lib/python3/dist-packages/colcon_core/task/python/colcon_distutils_commands:/home/liror/ros2_ws/install/py_srvcli/lib/python3.12/site-packages:${PYTHONPATH} /usr/bin/python3 -W ignore:setup.py install is deprecated -W ignore:easy_install command is deprecated setup.py egg_info --egg-base ../../build/py_srvcli build --build-base /home/liror/ros2_ws/build/py_srvcli/build install --record /home/liror/ros2_ws/build/py_srvcli/install.log --single-version-externally-managed install_data
[1.155s] running egg_info
[1.155s] creating ../../build/py_srvcli/py_srvcli.egg-info
[1.172s] writing ../../build/py_srvcli/py_srvcli.egg-info/PKG-INFO
[1.172s] writing dependency_links to ../../build/py_srvcli/py_srvcli.egg-info/dependency_links.txt
[1.172s] writing entry points to ../../build/py_srvcli/py_srvcli.egg-info/entry_points.txt
[1.172s] writing requirements to ../../build/py_srvcli/py_srvcli.egg-info/requires.txt
[1.173s] writing top-level names to ../../build/py_srvcli/py_srvcli.egg-info/top_level.txt
[1.173s] writing manifest file '../../build/py_srvcli/py_srvcli.egg-info/SOURCES.txt'
[1.202s] reading manifest file '../../build/py_srvcli/py_srvcli.egg-info/SOURCES.txt'
[1.203s] adding license file 'LICENSE'
[1.203s] writing manifest file '../../build/py_srvcli/py_srvcli.egg-info/SOURCES.txt'
[1.204s] running build
[1.204s] running build_py
[1.204s] creating /home/liror/ros2_ws/build/py_srvcli/build
[1.204s] creating /home/liror/ros2_ws/build/py_srvcli/build/lib
[1.204s] creating /home/liror/ros2_ws/build/py_srvcli/build/lib/py_srvcli
[1.205s] copying py_srvcli/client_member_function.py -> /home/liror/ros2_ws/build/py_srvcli/build/lib/py_srvcli
[1.205s] copying py_srvcli/__init__.py -> /home/liror/ros2_ws/build/py_srvcli/build/lib/py_srvcli
[1.205s] copying py_srvcli/service_member_function.py -> /home/liror/ros2_ws/build/py_srvcli/build/lib/py_srvcli
[1.205s] running install
[1.214s] running install_lib
[1.229s] creating /home/liror/ros2_ws/install/py_srvcli/lib/python3.12/site-packages/py_srvcli
[1.229s] copying /home/liror/ros2_ws/build/py_srvcli/build/lib/py_srvcli/client_member_function.py -> /home/liror/ros2_ws/install/py_srvcli/lib/python3.12/site-packages/py_srvcli
[1.229s] copying /home/liror/ros2_ws/build/py_srvcli/build/lib/py_srvcli/__init__.py -> /home/liror/ros2_ws/install/py_srvcli/lib/python3.12/site-packages/py_srvcli
[1.230s] copying /home/liror/ros2_ws/build/py_srvcli/build/lib/py_srvcli/service_member_function.py -> /home/liror/ros2_ws/install/py_srvcli/lib/python3.12/site-packages/py_srvcli
[1.230s] byte-compiling /home/liror/ros2_ws/install/py_srvcli/lib/python3.12/site-packages/py_srvcli/client_member_function.py to client_member_function.cpython-312.pyc
[1.231s] byte-compiling /home/liror/ros2_ws/install/py_srvcli/lib/python3.12/site-packages/py_srvcli/__init__.py to __init__.cpython-312.pyc
[1.231s] byte-compiling /home/liror/ros2_ws/install/py_srvcli/lib/python3.12/site-packages/py_srvcli/service_member_function.py to service_member_function.cpython-312.pyc
[1.231s] running install_data
[1.231s] creating /home/liror/ros2_ws/install/py_srvcli/share/ament_index
[1.232s] creating /home/liror/ros2_ws/install/py_srvcli/share/ament_index/resource_index
[1.232s] creating /home/liror/ros2_ws/install/py_srvcli/share/ament_index/resource_index/packages
[1.232s] copying resource/py_srvcli -> /home/liror/ros2_ws/install/py_srvcli/share/ament_index/resource_index/packages
[1.232s] copying package.xml -> /home/liror/ros2_ws/install/py_srvcli/share/py_srvcli
[1.232s] running install_egg_info
[1.255s] Copying ../../build/py_srvcli/py_srvcli.egg-info to /home/liror/ros2_ws/install/py_srvcli/lib/python3.12/site-packages/py_srvcli-0.0.0-py3.12.egg-info
[1.256s] running install_scripts
[1.373s] Installing client script to /home/liror/ros2_ws/install/py_srvcli/lib/py_srvcli
[1.373s] Installing service script to /home/liror/ros2_ws/install/py_srvcli/lib/py_srvcli
[1.373s] writing list of installed files to '/home/liror/ros2_ws/build/py_srvcli/install.log'
[1.397s] Invoked command in '/home/liror/ros2_ws/src/py_srvcli' returned '0': DEBUGINFOD_URLS=https://debuginfod.ubuntu.com PYTHONPATH=/home/liror/ros2_ws/build/py_srvcli/prefix_override:/usr/lib/python3/dist-packages/colcon_core/task/python/colcon_distutils_commands:/home/liror/ros2_ws/install/py_srvcli/lib/python3.12/site-packages:${PYTHONPATH} /usr/bin/python3 -W ignore:setup.py install is deprecated -W ignore:easy_install command is deprecated setup.py egg_info --egg-base ../../build/py_srvcli build --build-base /home/liror/ros2_ws/build/py_srvcli/build install --record /home/liror/ros2_ws/build/py_srvcli/install.log --single-version-externally-managed install_data
